{"/Users/rishishukla/Desktop/project_team067/src/controller/InsightFacade.ts":{"path":"/Users/rishishukla/Desktop/project_team067/src/controller/InsightFacade.ts","statementMap":{"0":{"start":{"line":2,"column":22},"end":{"line":12,"column":3}},"1":{"start":{"line":3,"column":4},"end":{"line":3,"column":33}},"2":{"start":{"line":3,"column":26},"end":{"line":3,"column":33}},"3":{"start":{"line":4,"column":15},"end":{"line":4,"column":52}},"4":{"start":{"line":5,"column":4},"end":{"line":7,"column":5}},"5":{"start":{"line":6,"column":6},"end":{"line":6,"column":68}},"6":{"start":{"line":6,"column":51},"end":{"line":6,"column":63}},"7":{"start":{"line":8,"column":4},"end":{"line":8,"column":39}},"8":{"start":{"line":10,"column":4},"end":{"line":10,"column":33}},"9":{"start":{"line":10,"column":26},"end":{"line":10,"column":33}},"10":{"start":{"line":11,"column":4},"end":{"line":11,"column":17}},"11":{"start":{"line":13,"column":25},"end":{"line":17,"column":2}},"12":{"start":{"line":14,"column":4},"end":{"line":14,"column":72}},"13":{"start":{"line":16,"column":4},"end":{"line":16,"column":21}},"14":{"start":{"line":18,"column":19},"end":{"line":24,"column":1}},"15":{"start":{"line":19,"column":4},"end":{"line":19,"column":42}},"16":{"start":{"line":19,"column":31},"end":{"line":19,"column":42}},"17":{"start":{"line":20,"column":17},"end":{"line":20,"column":19}},"18":{"start":{"line":21,"column":4},"end":{"line":21,"column":141}},"19":{"start":{"line":21,"column":21},"end":{"line":21,"column":141}},"20":{"start":{"line":21,"column":40},"end":{"line":21,"column":141}},"21":{"start":{"line":21,"column":109},"end":{"line":21,"column":141}},"22":{"start":{"line":22,"column":4},"end":{"line":22,"column":36}},"23":{"start":{"line":23,"column":4},"end":{"line":23,"column":18}},"24":{"start":{"line":25,"column":22},"end":{"line":27,"column":1}},"25":{"start":{"line":26,"column":4},"end":{"line":26,"column":62}},"26":{"start":{"line":28,"column":0},"end":{"line":28,"column":62}},"27":{"start":{"line":29,"column":25},"end":{"line":29,"column":52}},"28":{"start":{"line":30,"column":11},"end":{"line":30,"column":44}},"29":{"start":{"line":31,"column":20},"end":{"line":31,"column":57}},"30":{"start":{"line":32,"column":17},"end":{"line":32,"column":36}},"31":{"start":{"line":33,"column":29},"end":{"line":33,"column":60}},"32":{"start":{"line":34,"column":28},"end":{"line":34,"column":58}},"33":{"start":{"line":36,"column":17},"end":{"line":36,"column":19}},"34":{"start":{"line":41,"column":8},"end":{"line":41,"column":54}},"35":{"start":{"line":42,"column":8},"end":{"line":42,"column":94}},"36":{"start":{"line":43,"column":8},"end":{"line":43,"column":87}},"37":{"start":{"line":44,"column":8},"end":{"line":44,"column":49}},"38":{"start":{"line":47,"column":31},"end":{"line":47,"column":37}},"39":{"start":{"line":48,"column":8},"end":{"line":58,"column":9}},"40":{"start":{"line":49,"column":26},"end":{"line":49,"column":58}},"41":{"start":{"line":50,"column":12},"end":{"line":55,"column":15}},"42":{"start":{"line":51,"column":27},"end":{"line":51,"column":52}},"43":{"start":{"line":52,"column":16},"end":{"line":54,"column":17}},"44":{"start":{"line":53,"column":20},"end":{"line":53,"column":45}},"45":{"start":{"line":61,"column":8},"end":{"line":61,"column":36}},"46":{"start":{"line":62,"column":8},"end":{"line":75,"column":9}},"47":{"start":{"line":63,"column":12},"end":{"line":71,"column":13}},"48":{"start":{"line":64,"column":16},"end":{"line":64,"column":80}},"49":{"start":{"line":66,"column":17},"end":{"line":71,"column":13}},"50":{"start":{"line":67,"column":16},"end":{"line":67,"column":70}},"51":{"start":{"line":70,"column":16},"end":{"line":70,"column":98}},"52":{"start":{"line":74,"column":12},"end":{"line":74,"column":92}},"53":{"start":{"line":78,"column":8},"end":{"line":80,"column":9}},"54":{"start":{"line":79,"column":12},"end":{"line":79,"column":24}},"55":{"start":{"line":81,"column":8},"end":{"line":83,"column":9}},"56":{"start":{"line":82,"column":12},"end":{"line":82,"column":24}},"57":{"start":{"line":86,"column":8},"end":{"line":86,"column":36}},"58":{"start":{"line":87,"column":8},"end":{"line":89,"column":9}},"59":{"start":{"line":88,"column":12},"end":{"line":88,"column":83}},"60":{"start":{"line":90,"column":8},"end":{"line":94,"column":9}},"61":{"start":{"line":91,"column":12},"end":{"line":91,"column":33}},"62":{"start":{"line":92,"column":12},"end":{"line":92,"column":41}},"63":{"start":{"line":93,"column":12},"end":{"line":93,"column":114}},"64":{"start":{"line":95,"column":8},"end":{"line":102,"column":9}},"65":{"start":{"line":96,"column":12},"end":{"line":96,"column":56}},"66":{"start":{"line":97,"column":12},"end":{"line":97,"column":86}},"67":{"start":{"line":97,"column":68},"end":{"line":97,"column":84}},"68":{"start":{"line":98,"column":12},"end":{"line":98,"column":39}},"69":{"start":{"line":101,"column":12},"end":{"line":101,"column":83}},"70":{"start":{"line":105,"column":8},"end":{"line":105,"column":36}},"71":{"start":{"line":106,"column":8},"end":{"line":133,"column":9}},"72":{"start":{"line":107,"column":12},"end":{"line":109,"column":13}},"73":{"start":{"line":108,"column":16},"end":{"line":108,"column":43}},"74":{"start":{"line":110,"column":35},"end":{"line":110,"column":41}},"75":{"start":{"line":111,"column":38},"end":{"line":126,"column":14}},"76":{"start":{"line":112,"column":33},"end":{"line":112,"column":87}},"77":{"start":{"line":113,"column":16},"end":{"line":125,"column":17}},"78":{"start":{"line":114,"column":40},"end":{"line":114,"column":85}},"79":{"start":{"line":115,"column":38},"end":{"line":115,"column":61}},"80":{"start":{"line":116,"column":20},"end":{"line":121,"column":21}},"81":{"start":{"line":117,"column":24},"end":{"line":117,"column":44}},"82":{"start":{"line":120,"column":24},"end":{"line":120,"column":36}},"83":{"start":{"line":124,"column":20},"end":{"line":124,"column":32}},"84":{"start":{"line":127,"column":35},"end":{"line":127,"column":71}},"85":{"start":{"line":128,"column":43},"end":{"line":128,"column":87}},"86":{"start":{"line":128,"column":74},"end":{"line":128,"column":86}},"87":{"start":{"line":129,"column":12},"end":{"line":129,"column":59}},"88":{"start":{"line":132,"column":12},"end":{"line":132,"column":71}},"89":{"start":{"line":136,"column":8},"end":{"line":165,"column":9}},"90":{"start":{"line":137,"column":32},"end":{"line":137,"column":53}},"91":{"start":{"line":138,"column":12},"end":{"line":140,"column":13}},"92":{"start":{"line":139,"column":16},"end":{"line":139,"column":119}},"93":{"start":{"line":141,"column":27},"end":{"line":141,"column":36}},"94":{"start":{"line":142,"column":33},"end":{"line":142,"column":89}},"95":{"start":{"line":143,"column":12},"end":{"line":145,"column":13}},"96":{"start":{"line":144,"column":16},"end":{"line":144,"column":98}},"97":{"start":{"line":146,"column":35},"end":{"line":146,"column":89}},"98":{"start":{"line":147,"column":12},"end":{"line":149,"column":13}},"99":{"start":{"line":148,"column":16},"end":{"line":148,"column":93}},"100":{"start":{"line":150,"column":29},"end":{"line":150,"column":88}},"101":{"start":{"line":151,"column":12},"end":{"line":153,"column":13}},"102":{"start":{"line":152,"column":16},"end":{"line":152,"column":113}},"103":{"start":{"line":154,"column":31},"end":{"line":154,"column":88}},"104":{"start":{"line":155,"column":26},"end":{"line":155,"column":100}},"105":{"start":{"line":156,"column":25},"end":{"line":156,"column":79}},"106":{"start":{"line":157,"column":12},"end":{"line":157,"column":100}},"107":{"start":{"line":157,"column":45},"end":{"line":157,"column":98}},"108":{"start":{"line":157,"column":80},"end":{"line":157,"column":97}},"109":{"start":{"line":158,"column":12},"end":{"line":160,"column":13}},"110":{"start":{"line":159,"column":16},"end":{"line":159,"column":91}},"111":{"start":{"line":161,"column":12},"end":{"line":161,"column":43}},"112":{"start":{"line":164,"column":12},"end":{"line":164,"column":98}},"113":{"start":{"line":168,"column":0},"end":{"line":168,"column":32}}},"fnMap":{"0":{"name":"(anonymous_0)","decl":{"start":{"line":2,"column":74},"end":{"line":2,"column":75}},"loc":{"start":{"line":2,"column":96},"end":{"line":9,"column":1}},"line":2},"1":{"name":"(anonymous_1)","decl":{"start":{"line":6,"column":38},"end":{"line":6,"column":39}},"loc":{"start":{"line":6,"column":49},"end":{"line":6,"column":65}},"line":6},"2":{"name":"(anonymous_2)","decl":{"start":{"line":9,"column":6},"end":{"line":9,"column":7}},"loc":{"start":{"line":9,"column":28},"end":{"line":12,"column":1}},"line":9},"3":{"name":"(anonymous_3)","decl":{"start":{"line":13,"column":80},"end":{"line":13,"column":81}},"loc":{"start":{"line":13,"column":95},"end":{"line":15,"column":1}},"line":13},"4":{"name":"(anonymous_4)","decl":{"start":{"line":15,"column":5},"end":{"line":15,"column":6}},"loc":{"start":{"line":15,"column":20},"end":{"line":17,"column":1}},"line":15},"5":{"name":"(anonymous_5)","decl":{"start":{"line":18,"column":50},"end":{"line":18,"column":51}},"loc":{"start":{"line":18,"column":65},"end":{"line":24,"column":1}},"line":18},"6":{"name":"(anonymous_6)","decl":{"start":{"line":25,"column":56},"end":{"line":25,"column":57}},"loc":{"start":{"line":25,"column":71},"end":{"line":27,"column":1}},"line":25},"7":{"name":"(anonymous_7)","decl":{"start":{"line":40,"column":4},"end":{"line":40,"column":5}},"loc":{"start":{"line":40,"column":18},"end":{"line":45,"column":5}},"line":40},"8":{"name":"(anonymous_8)","decl":{"start":{"line":46,"column":4},"end":{"line":46,"column":5}},"loc":{"start":{"line":46,"column":27},"end":{"line":59,"column":5}},"line":46},"9":{"name":"(anonymous_9)","decl":{"start":{"line":50,"column":26},"end":{"line":50,"column":27}},"loc":{"start":{"line":50,"column":36},"end":{"line":55,"column":13}},"line":50},"10":{"name":"(anonymous_10)","decl":{"start":{"line":60,"column":4},"end":{"line":60,"column":5}},"loc":{"start":{"line":60,"column":40},"end":{"line":76,"column":5}},"line":60},"11":{"name":"(anonymous_11)","decl":{"start":{"line":77,"column":4},"end":{"line":77,"column":5}},"loc":{"start":{"line":77,"column":20},"end":{"line":84,"column":5}},"line":77},"12":{"name":"(anonymous_12)","decl":{"start":{"line":85,"column":4},"end":{"line":85,"column":5}},"loc":{"start":{"line":85,"column":28},"end":{"line":103,"column":5}},"line":85},"13":{"name":"(anonymous_13)","decl":{"start":{"line":97,"column":53},"end":{"line":97,"column":54}},"loc":{"start":{"line":97,"column":68},"end":{"line":97,"column":84}},"line":97},"14":{"name":"(anonymous_14)","decl":{"start":{"line":104,"column":4},"end":{"line":104,"column":5}},"loc":{"start":{"line":104,"column":25},"end":{"line":134,"column":5}},"line":104},"15":{"name":"(anonymous_15)","decl":{"start":{"line":111,"column":58},"end":{"line":111,"column":59}},"loc":{"start":{"line":111,"column":72},"end":{"line":126,"column":13}},"line":111},"16":{"name":"(anonymous_16)","decl":{"start":{"line":128,"column":65},"end":{"line":128,"column":66}},"loc":{"start":{"line":128,"column":74},"end":{"line":128,"column":86}},"line":128},"17":{"name":"(anonymous_17)","decl":{"start":{"line":135,"column":4},"end":{"line":135,"column":5}},"loc":{"start":{"line":135,"column":30},"end":{"line":166,"column":5}},"line":135},"18":{"name":"(anonymous_18)","decl":{"start":{"line":157,"column":35},"end":{"line":157,"column":36}},"loc":{"start":{"line":157,"column":45},"end":{"line":157,"column":98}},"line":157},"19":{"name":"(anonymous_19)","decl":{"start":{"line":157,"column":71},"end":{"line":157,"column":72}},"loc":{"start":{"line":157,"column":80},"end":{"line":157,"column":97}},"line":157}},"branchMap":{"0":{"loc":{"start":{"line":2,"column":22},"end":{"line":12,"column":3}},"type":"binary-expr","locations":[{"start":{"line":2,"column":23},"end":{"line":2,"column":27}},{"start":{"line":2,"column":31},"end":{"line":2,"column":51}},{"start":{"line":2,"column":57},"end":{"line":12,"column":2}}],"line":2},"1":{"loc":{"start":{"line":2,"column":57},"end":{"line":12,"column":2}},"type":"cond-expr","locations":[{"start":{"line":2,"column":74},"end":{"line":9,"column":1}},{"start":{"line":9,"column":6},"end":{"line":12,"column":1}}],"line":2},"2":{"loc":{"start":{"line":3,"column":4},"end":{"line":3,"column":33}},"type":"if","locations":[{"start":{"line":3,"column":4},"end":{"line":3,"column":33}},{"start":{"line":3,"column":4},"end":{"line":3,"column":33}}],"line":3},"3":{"loc":{"start":{"line":5,"column":4},"end":{"line":7,"column":5}},"type":"if","locations":[{"start":{"line":5,"column":4},"end":{"line":7,"column":5}},{"start":{"line":5,"column":4},"end":{"line":7,"column":5}}],"line":5},"4":{"loc":{"start":{"line":5,"column":8},"end":{"line":5,"column":85}},"type":"binary-expr","locations":[{"start":{"line":5,"column":8},"end":{"line":5,"column":13}},{"start":{"line":5,"column":18},"end":{"line":5,"column":84}}],"line":5},"5":{"loc":{"start":{"line":5,"column":18},"end":{"line":5,"column":84}},"type":"cond-expr","locations":[{"start":{"line":5,"column":34},"end":{"line":5,"column":47}},{"start":{"line":5,"column":50},"end":{"line":5,"column":84}}],"line":5},"6":{"loc":{"start":{"line":5,"column":50},"end":{"line":5,"column":84}},"type":"binary-expr","locations":[{"start":{"line":5,"column":50},"end":{"line":5,"column":63}},{"start":{"line":5,"column":67},"end":{"line":5,"column":84}}],"line":5},"7":{"loc":{"start":{"line":10,"column":4},"end":{"line":10,"column":33}},"type":"if","locations":[{"start":{"line":10,"column":4},"end":{"line":10,"column":33}},{"start":{"line":10,"column":4},"end":{"line":10,"column":33}}],"line":10},"8":{"loc":{"start":{"line":13,"column":25},"end":{"line":17,"column":2}},"type":"binary-expr","locations":[{"start":{"line":13,"column":26},"end":{"line":13,"column":30}},{"start":{"line":13,"column":34},"end":{"line":13,"column":57}},{"start":{"line":13,"column":63},"end":{"line":17,"column":1}}],"line":13},"9":{"loc":{"start":{"line":13,"column":63},"end":{"line":17,"column":1}},"type":"cond-expr","locations":[{"start":{"line":13,"column":80},"end":{"line":15,"column":1}},{"start":{"line":15,"column":5},"end":{"line":17,"column":1}}],"line":13},"10":{"loc":{"start":{"line":18,"column":19},"end":{"line":24,"column":1}},"type":"binary-expr","locations":[{"start":{"line":18,"column":20},"end":{"line":18,"column":24}},{"start":{"line":18,"column":28},"end":{"line":18,"column":45}},{"start":{"line":18,"column":50},"end":{"line":24,"column":1}}],"line":18},"11":{"loc":{"start":{"line":19,"column":4},"end":{"line":19,"column":42}},"type":"if","locations":[{"start":{"line":19,"column":4},"end":{"line":19,"column":42}},{"start":{"line":19,"column":4},"end":{"line":19,"column":42}}],"line":19},"12":{"loc":{"start":{"line":19,"column":8},"end":{"line":19,"column":29}},"type":"binary-expr","locations":[{"start":{"line":19,"column":8},"end":{"line":19,"column":11}},{"start":{"line":19,"column":15},"end":{"line":19,"column":29}}],"line":19},"13":{"loc":{"start":{"line":21,"column":4},"end":{"line":21,"column":141}},"type":"if","locations":[{"start":{"line":21,"column":4},"end":{"line":21,"column":141}},{"start":{"line":21,"column":4},"end":{"line":21,"column":141}}],"line":21},"14":{"loc":{"start":{"line":21,"column":40},"end":{"line":21,"column":141}},"type":"if","locations":[{"start":{"line":21,"column":40},"end":{"line":21,"column":141}},{"start":{"line":21,"column":40},"end":{"line":21,"column":141}}],"line":21},"15":{"loc":{"start":{"line":21,"column":44},"end":{"line":21,"column":107}},"type":"binary-expr","locations":[{"start":{"line":21,"column":44},"end":{"line":21,"column":59}},{"start":{"line":21,"column":63},"end":{"line":21,"column":107}}],"line":21},"16":{"loc":{"start":{"line":25,"column":22},"end":{"line":27,"column":1}},"type":"binary-expr","locations":[{"start":{"line":25,"column":23},"end":{"line":25,"column":27}},{"start":{"line":25,"column":31},"end":{"line":25,"column":51}},{"start":{"line":25,"column":56},"end":{"line":27,"column":1}}],"line":25},"17":{"loc":{"start":{"line":26,"column":11},"end":{"line":26,"column":61}},"type":"cond-expr","locations":[{"start":{"line":26,"column":37},"end":{"line":26,"column":40}},{"start":{"line":26,"column":43},"end":{"line":26,"column":61}}],"line":26},"18":{"loc":{"start":{"line":26,"column":12},"end":{"line":26,"column":33}},"type":"binary-expr","locations":[{"start":{"line":26,"column":12},"end":{"line":26,"column":15}},{"start":{"line":26,"column":19},"end":{"line":26,"column":33}}],"line":26},"19":{"loc":{"start":{"line":52,"column":16},"end":{"line":54,"column":17}},"type":"if","locations":[{"start":{"line":52,"column":16},"end":{"line":54,"column":17}},{"start":{"line":52,"column":16},"end":{"line":54,"column":17}}],"line":52},"20":{"loc":{"start":{"line":63,"column":12},"end":{"line":71,"column":13}},"type":"if","locations":[{"start":{"line":63,"column":12},"end":{"line":71,"column":13}},{"start":{"line":63,"column":12},"end":{"line":71,"column":13}}],"line":63},"21":{"loc":{"start":{"line":66,"column":17},"end":{"line":71,"column":13}},"type":"if","locations":[{"start":{"line":66,"column":17},"end":{"line":71,"column":13}},{"start":{"line":66,"column":17},"end":{"line":71,"column":13}}],"line":66},"22":{"loc":{"start":{"line":78,"column":8},"end":{"line":80,"column":9}},"type":"if","locations":[{"start":{"line":78,"column":8},"end":{"line":80,"column":9}},{"start":{"line":78,"column":8},"end":{"line":80,"column":9}}],"line":78},"23":{"loc":{"start":{"line":81,"column":8},"end":{"line":83,"column":9}},"type":"if","locations":[{"start":{"line":81,"column":8},"end":{"line":83,"column":9}},{"start":{"line":81,"column":8},"end":{"line":83,"column":9}}],"line":81},"24":{"loc":{"start":{"line":81,"column":12},"end":{"line":81,"column":54}},"type":"binary-expr","locations":[{"start":{"line":81,"column":12},"end":{"line":81,"column":28}},{"start":{"line":81,"column":32},"end":{"line":81,"column":54}}],"line":81},"25":{"loc":{"start":{"line":87,"column":8},"end":{"line":89,"column":9}},"type":"if","locations":[{"start":{"line":87,"column":8},"end":{"line":89,"column":9}},{"start":{"line":87,"column":8},"end":{"line":89,"column":9}}],"line":87},"26":{"loc":{"start":{"line":90,"column":8},"end":{"line":94,"column":9}},"type":"if","locations":[{"start":{"line":90,"column":8},"end":{"line":94,"column":9}},{"start":{"line":90,"column":8},"end":{"line":94,"column":9}}],"line":90},"27":{"loc":{"start":{"line":107,"column":12},"end":{"line":109,"column":13}},"type":"if","locations":[{"start":{"line":107,"column":12},"end":{"line":109,"column":13}},{"start":{"line":107,"column":12},"end":{"line":109,"column":13}}],"line":107},"28":{"loc":{"start":{"line":116,"column":20},"end":{"line":121,"column":21}},"type":"if","locations":[{"start":{"line":116,"column":20},"end":{"line":121,"column":21}},{"start":{"line":116,"column":20},"end":{"line":121,"column":21}}],"line":116},"29":{"loc":{"start":{"line":116,"column":24},"end":{"line":116,"column":72}},"type":"binary-expr","locations":[{"start":{"line":116,"column":24},"end":{"line":116,"column":48}},{"start":{"line":116,"column":52},"end":{"line":116,"column":72}}],"line":116},"30":{"loc":{"start":{"line":138,"column":12},"end":{"line":140,"column":13}},"type":"if","locations":[{"start":{"line":138,"column":12},"end":{"line":140,"column":13}},{"start":{"line":138,"column":12},"end":{"line":140,"column":13}}],"line":138},"31":{"loc":{"start":{"line":138,"column":16},"end":{"line":138,"column":46}},"type":"binary-expr","locations":[{"start":{"line":138,"column":16},"end":{"line":138,"column":28}},{"start":{"line":138,"column":32},"end":{"line":138,"column":46}}],"line":138},"32":{"loc":{"start":{"line":143,"column":12},"end":{"line":145,"column":13}},"type":"if","locations":[{"start":{"line":143,"column":12},"end":{"line":145,"column":13}},{"start":{"line":143,"column":12},"end":{"line":145,"column":13}}],"line":143},"33":{"loc":{"start":{"line":147,"column":12},"end":{"line":149,"column":13}},"type":"if","locations":[{"start":{"line":147,"column":12},"end":{"line":149,"column":13}},{"start":{"line":147,"column":12},"end":{"line":149,"column":13}}],"line":147},"34":{"loc":{"start":{"line":151,"column":12},"end":{"line":153,"column":13}},"type":"if","locations":[{"start":{"line":151,"column":12},"end":{"line":153,"column":13}},{"start":{"line":151,"column":12},"end":{"line":153,"column":13}}],"line":151},"35":{"loc":{"start":{"line":158,"column":12},"end":{"line":160,"column":13}},"type":"if","locations":[{"start":{"line":158,"column":12},"end":{"line":160,"column":13}},{"start":{"line":158,"column":12},"end":{"line":160,"column":13}}],"line":158}},"s":{"0":1,"1":148,"2":148,"3":148,"4":148,"5":148,"6":56,"7":148,"8":0,"9":0,"10":0,"11":1,"12":1,"13":0,"14":1,"15":1,"16":0,"17":1,"18":1,"19":1,"20":148,"21":148,"22":1,"23":1,"24":1,"25":1,"26":1,"27":1,"28":1,"29":1,"30":1,"31":1,"32":1,"33":33,"34":33,"35":33,"36":33,"37":33,"38":44,"39":44,"40":44,"41":14,"42":23,"43":23,"44":5,"45":32,"46":32,"47":32,"48":27,"49":5,"50":4,"51":1,"52":0,"53":7,"54":1,"55":6,"56":2,"57":7,"58":7,"59":3,"60":4,"61":1,"62":1,"63":1,"64":3,"65":3,"66":3,"67":4,"68":3,"69":0,"70":5,"71":5,"72":5,"73":1,"74":4,"75":4,"76":9,"77":9,"78":9,"79":9,"80":9,"81":9,"82":0,"83":0,"84":4,"85":4,"86":9,"87":4,"88":0,"89":26,"90":26,"91":26,"92":4,"93":22,"94":22,"95":22,"96":4,"97":18,"98":18,"99":3,"100":15,"101":15,"102":1,"103":14,"104":14,"105":14,"106":14,"107":71768,"108":147402,"109":14,"110":1,"111":13,"112":0,"113":1},"f":{"0":148,"1":56,"2":0,"3":1,"4":0,"5":1,"6":1,"7":33,"8":44,"9":23,"10":32,"11":7,"12":7,"13":4,"14":5,"15":9,"16":9,"17":26,"18":71768,"19":147402},"b":{"0":[1,1,1],"1":[1,0],"2":[148,0],"3":[148,0],"4":[148,148],"5":[0,148],"6":[148,0],"7":[0,0],"8":[1,1,1],"9":[1,0],"10":[1,1,1],"11":[0,1],"12":[1,1],"13":[1,0],"14":[148,0],"15":[148,148],"16":[1,1,1],"17":[0,1],"18":[1,1],"19":[5,18],"20":[27,5],"21":[4,1],"22":[1,6],"23":[2,4],"24":[6,5],"25":[3,4],"26":[1,3],"27":[1,4],"28":[9,0],"29":[9,9],"30":[4,22],"31":[26,22],"32":[4,18],"33":[3,15],"34":[1,14],"35":[1,13]},"inputSourceMap":{"version":3,"file":"/Users/rishishukla/Desktop/project_team067/src/controller/InsightFacade.ts","sources":["/Users/rishishukla/Desktop/project_team067/src/controller/InsightFacade.ts"],"names":[],"mappings":";;;;;;;;;;;;;;;;;;;;;;;;;;;;AACA,qDAQ0B;AAE1B,6CAA+B;AAC/B,0DAA6B;AAC7B,qCAAqC;AACrC,6DAA2D;AAC3D,2DAAuD;AAMvD,MAAqB,aAAa;IAEzB,UAAU,GAAa,EAAE,CAAC;IAC1B,WAAW,CAAc;IACzB,cAAc,CAAwB;IAEtC,WAAW,CAAqB;IAExC;QACC,IAAI,CAAC,WAAW,GAAG,IAAI,oBAAW,EAAE,CAAC;QACrC,IAAI,CAAC,cAAc,GAAG,IAAI,0CAAqB,CAAC,IAAI,CAAC,UAAU,CAAC,CAAC;QACjE,IAAI,CAAC,WAAW,GAAG,IAAI,sCAAkB,CAAC,IAAI,CAAC,UAAU,CAAC,CAAC;QAC3D,OAAO,CAAC,GAAG,CAAC,2BAA2B,CAAC,CAAC;IAC1C,CAAC;IAEM,KAAK,CAAC,cAAc;QAC1B,MAAM,cAAc,GAAG,MAAM,CAAC;QAC9B,IAAI;YAEH,MAAM,KAAK,GAAG,MAAM,EAAE,CAAC,OAAO,CAAC,cAAc,CAAC,CAAC;YAE/C,KAAK,CAAC,OAAO,CAAC,CAAC,IAAI,EAAE,EAAE;gBACtB,MAAM,EAAE,GAAG,IAAI,CAAC,OAAO,CAAC,OAAO,EAAE,EAAE,CAAC,CAAC;gBACrC,IAAI,CAAC,IAAI,CAAC,UAAU,CAAC,QAAQ,CAAC,EAAE,CAAC,EAAE;oBAClC,IAAI,CAAC,UAAU,CAAC,IAAI,CAAC,EAAE,CAAC,CAAC;iBACzB;YACF,CAAC,CAAC,CAAC;SACH;QAAC,OAAO,GAAG,EAAE;SAEb;IACF,CAAC;IAUM,KAAK,CAAC,UAAU,CAAC,EAAU,EAAE,OAAe,EAAE,IAAwB;QAC5E,MAAM,IAAI,CAAC,cAAc,EAAE,CAAC;QAC5B,IAAI;YACH,IAAI,IAAI,KAAK,mCAAkB,CAAC,QAAQ,EAAE;gBACzC,OAAO,IAAI,CAAC,cAAc,CAAC,iBAAiB,CAAC,EAAE,EAAE,OAAO,EAAE,IAAI,CAAC,CAAC;aAChE;iBAAM,IAAI,IAAI,KAAK,mCAAkB,CAAC,KAAK,EAAE;gBAE7C,OAAO,IAAI,CAAC,WAAW,CAAC,UAAU,CAAC,EAAE,EAAE,OAAO,EAAC,IAAI,CAAC,CAAC;aACrD;iBAAM;gBACN,OAAO,OAAO,CAAC,MAAM,CAAC,IAAI,6BAAY,CAAC,uBAAuB,CAAC,CAAC,CAAC;aACjE;SACD;QAAC,OAAO,KAAK,EAAE;YAEf,OAAO,OAAO,CAAC,MAAM,CAAC,IAAI,6BAAY,CAAC,qBAAqB,CAAC,CAAC,CAAC;SAC/D;IACF,CAAC;IAEO,WAAW,CAAC,EAAU;QAC7B,IAAI,CAAC,EAAE,EAAE;YACR,OAAO,IAAI,CAAC;SACZ;QACD,IAAI,EAAE,CAAC,QAAQ,CAAC,GAAG,CAAC,IAAI,EAAE,CAAC,IAAI,EAAE,CAAC,MAAM,KAAK,CAAC,EAAE;YAC/C,OAAO,IAAI,CAAC;SACZ;IACF,CAAC;IAEM,KAAK,CAAC,aAAa,CAAC,EAAU;QACpC,MAAM,IAAI,CAAC,cAAc,EAAE,CAAC;QAE5B,IAAI,IAAI,CAAC,WAAW,CAAC,EAAE,CAAC,EAAE;YACzB,OAAO,OAAO,CAAC,MAAM,CAAC,IAAI,6BAAY,CAAC,YAAY,CAAC,CAAC,CAAC;SACtD;QAED,IAAI,CAAC,IAAI,CAAC,UAAU,CAAC,QAAQ,CAAC,EAAE,CAAC,EAAE;YAClC,OAAO,CAAC,GAAG,CAAC,OAAO,CAAC,CAAC;YACrB,OAAO,CAAC,GAAG,CAAC,IAAI,CAAC,UAAU,CAAC,CAAC;YAC7B,OAAO,OAAO,CAAC,MAAM,CAAC,IAAI,8BAAa,CAAC,0CAA0C,CAAC,CAAC,CAAC;SACrF;QAED,IAAI;YACH,MAAM,EAAE,CAAC,QAAQ,CAAC,MAAM,CAAC,QAAQ,EAAE,OAAO,CAAC,CAAC;YAE5C,IAAI,CAAC,UAAU,GAAG,IAAI,CAAC,UAAU,CAAC,MAAM,CAAC,CAAC,SAAS,EAAE,EAAE,CAAC,SAAS,KAAK,EAAE,CAAC,CAAC;YAC1E,OAAO,OAAO,CAAC,OAAO,CAAC,EAAE,CAAC,CAAC;SAC3B;QAAC,OAAO,KAAK,EAAE;YACf,OAAO,OAAO,CAAC,MAAM,CAAC,IAAI,6BAAY,CAAC,YAAY,CAAC,CAAC,CAAC;SACtD;IACF,CAAC;IAEM,KAAK,CAAC,YAAY;QACxB,MAAM,IAAI,CAAC,cAAc,EAAE,CAAC;QAC5B,IAAI;YACH,IAAI,IAAI,CAAC,UAAU,CAAC,MAAM,KAAK,CAAC,EAAE;gBACjC,OAAO,OAAO,CAAC,OAAO,CAAC,EAAE,CAAC,CAAC;aAC3B;YACD,MAAM,cAAc,GAAG,MAAM,CAAC;YAE9B,MAAM,iBAAiB,GAAG,IAAI,CAAC,UAAU,CAAC,GAAG,CAAC,KAAK,EAAE,EAAE,EAAE,EAAE;gBAC1D,MAAM,QAAQ,GAAG,mBAAI,CAAC,IAAI,CAAC,cAAc,EAAE,GAAG,EAAE,OAAO,CAAC,CAAC;gBACzD,IAAI;oBACH,MAAM,WAAW,GAAG,MAAM,EAAE,CAAC,QAAQ,CAAC,QAAQ,CAAC,QAAQ,EAAE,OAAO,CAAC,CAAC;oBAClE,MAAM,SAAS,GAAG,IAAI,CAAC,KAAK,CAAC,WAAW,CAAC,CAAC;oBAE1C,IAAI,KAAK,CAAC,OAAO,CAAC,SAAS,CAAC,IAAI,SAAS,CAAC,MAAM,GAAG,CAAC,EAAE;wBACrD,OAAO,SAAS,CAAC,CAAC,CAAC,CAAC;qBACpB;yBAAM;wBACN,OAAO,IAAI,CAAC;qBACZ;iBACD;gBAAC,OAAO,KAAK,EAAE;oBACf,OAAO,IAAI,CAAC;iBACZ;YACF,CAAC,CAAC,CAAC;YAEH,MAAM,cAAc,GAAG,MAAM,OAAO,CAAC,GAAG,CAAC,iBAAiB,CAAC,CAAC;YAE5D,MAAM,sBAAsB,GAAG,cAAc,CAAC,MAAM,CAAC,CAAC,GAAG,EAAE,EAAE,CAAC,GAAG,KAAK,IAAI,CAAC,CAAC;YAE5E,OAAO,OAAO,CAAC,OAAO,CAAC,sBAAsB,CAAC,CAAC;SAC/C;QAAC,OAAO,KAAK,EAAE;YACf,OAAO,OAAO,CAAC,MAAM,CAAC,IAAI,KAAK,CAAC,wBAAwB,CAAC,CAAC,CAAC;SAC3D;IACF,CAAC;IAEM,KAAK,CAAC,YAAY,CAAC,KAAU;QACnC,IAAI;YACH,MAAM,WAAW,GAAG,IAAI,CAAC,SAAS,CAAC,KAAK,CAAC,CAAC;YAG1C,IAAI,CAAC,KAAK,CAAC,KAAK,IAAI,CAAC,KAAK,CAAC,OAAO,EAAE;gBACnC,OAAO,OAAO,CAAC,MAAM,CAAC,IAAI,6BAAY,CAAC,4CAA4C,CAAC,CAAC,CAAC;aACtF;YAGD,MAAM,MAAM,GAAgB,IAAI,GAAG,EAAU,CAAC;YAC9C,MAAM,YAAY,GAAG,IAAI,CAAC,WAAW,CAAC,kBAAkB,CAAC,KAAK,CAAC,KAAK,EAAE,MAAM,CAAC,CAAC;YAC9E,IAAI,CAAC,YAAY,EAAE;gBAClB,OAAO,OAAO,CAAC,MAAM,CAAC,IAAI,6BAAY,CAAC,uBAAuB,CAAC,CAAC,CAAC;aACjE;YAGD,MAAM,cAAc,GAAG,IAAI,CAAC,WAAW,CAAC,cAAc,CAAC,KAAK,CAAC,OAAO,EAAE,MAAM,CAAC,CAAC;YAC9E,IAAI,CAAC,cAAc,EAAE;gBACpB,OAAO,OAAO,CAAC,MAAM,CAAC,IAAI,6BAAY,CAAC,kBAAkB,CAAC,CAAC,CAAC;aAC5D;YAGD,MAAM,QAAQ,GAAG,MAAM,IAAI,CAAC,WAAW,CAAC,aAAa,CAAC,KAAK,CAAC,IAAI,CAAC,MAAM,CAAC,CAAC,CAAC,CAAC,CAAC,CAAC;YAC7E,IAAI,CAAC,QAAQ,EAAE;gBACd,OAAO,OAAO,CAAC,MAAM,CAAC,IAAI,6BAAY,CAAC,sCAAsC,CAAC,CAAC,CAAC;aAChF;YAGD,MAAM,UAAU,GAAG,IAAI,CAAC,WAAW,CAAC,mBAAmB,CAAC,KAAK,CAAC,KAAK,EAAE,MAAM,CAAC,CAAC;YAC7E,MAAM,KAAK,GAAG,MAAM,IAAI,CAAC,WAAW,CAAC,gBAAgB,CAAC,KAAK,CAAC,IAAI,CAAC,MAAM,CAAC,CAAC,CAAC,CAAC,EAAE,UAAU,CAAC,CAAC;YACzF,IAAI,MAAM,GAAG,IAAI,CAAC,WAAW,CAAC,eAAe,CAAC,KAAK,EAAE,KAAK,CAAC,OAAO,CAAC,CAAC;YACpE,MAAM,GAAG,MAAM,CAAC,MAAM,CAAC,CAAC,IAAS,EAAE,EAAE,CAAC,MAAM,CAAC,MAAM,CAAC,IAAI,CAAC,CAAC,KAAK,CAAC,CAAC,GAAQ,EAAE,EAAE,CAAC,GAAG,KAAK,SAAS,CAAC,CAAC,CAAC;YAGlG,IAAI,MAAM,CAAC,MAAM,GAAG,IAAI,EAAE;gBACzB,OAAO,OAAO,CAAC,MAAM,CAAC,IAAI,oCAAmB,CAAC,SAAS,CAAC,CAAC,CAAC;aAC1D;YAGD,OAAO,OAAO,CAAC,OAAO,CAAC,MAAM,CAAC,CAAC;SAC/B;QAAC,OAAO,KAAK,EAAE;YACf,OAAO,OAAO,CAAC,MAAM,CAAC,IAAI,6BAAY,CAAC,2BAA2B,CAAC,CAAC,CAAC;SACrE;IACF,CAAC;CACD;AAxKD,gCAwKC","sourcesContent":["import JSZip from \"jszip\";\nimport {\n\tIInsightFacade,\n\tInsightDataset,\n\tInsightDatasetKind,\n\tInsightError,\n\tInsightResult,\n\tNotFoundError,\n\tResultTooLargeError,\n} from \"./IInsightFacade\";\nimport {Section} from \"./Section\";\nimport * as fs from \"fs-extra\";\nimport path from \"node:path\";\nimport {QueryHelper} from \"./helper\";\nimport {SectionsDatasetHelper} from \"./Sectionsdatahelper\";\nimport {RoomsDatasetHelper} from \"./RoomDatasetHelper\";\n/**\n * This is the main programmatic entry point for the project.\n * Method documentation is in IInsightFacade\n *\n */\nexport default class InsightFacade implements IInsightFacade {\n\t// Property to track dataset IDs\n\tprivate datasetIds: string[] = [];\n\tprivate queryHelper: QueryHelper;\n\tprivate sectionsHelper: SectionsDatasetHelper;\n\n\tprivate roomsHelper: RoomsDatasetHelper;\n\n\tconstructor() {\n\t\tthis.queryHelper = new QueryHelper();\n\t\tthis.sectionsHelper = new SectionsDatasetHelper(this.datasetIds);\n\t\tthis.roomsHelper = new RoomsDatasetHelper(this.datasetIds);\n\t\tconsole.log(\"InsightFacadeImpl::init()\");\n\t}\n\n\tpublic async loadDatasetIds() {\n\t\tconst dataFolderPath = \"data\"; // Path to the data folder\n\t\ttry {\n\t\t\t// Read the contents of the data folder\n\t\t\tconst files = await fs.readdir(dataFolderPath);\n\t\t\t// Extract dataset IDs from file names\n\t\t\tfiles.forEach((file) => {\n\t\t\t\tconst id = file.replace(\".json\", \"\"); // Remove the file extension\n\t\t\t\tif (!this.datasetIds.includes(id)) {\n\t\t\t\t\tthis.datasetIds.push(id);\n\t\t\t\t}\n\t\t\t});\n\t\t} catch (err) {\n\t\t\t// console.error(\"Error reading data folder:\", err);\n\t\t}\n\t}\n\n\t/**\n\t * Adds a dataset to the system.\n\t *\n\t * @param id The unique identifier for the dataset to be added.\n\t * @param content The content of the dataset, likely encoded in some format.\n\t * @param kind The type of the dataset (e.g., courses, rooms).\n\t * @returns A promise that resolves to an array of the current dataset IDs upon success.\n\t */\n\tpublic async addDataset(id: string, content: string, kind: InsightDatasetKind): Promise<string[]> {\n\t\tawait this.loadDatasetIds();\n\t\ttry {\n\t\t\tif (kind === InsightDatasetKind.Sections) {\n\t\t\t\treturn this.sectionsHelper.addDatasetSection(id, content, kind);\n\t\t\t} else if (kind === InsightDatasetKind.Rooms) {\n\t\t\t\t// Use RoomsDatasetHelper when it exists\n\t\t\t\treturn this.roomsHelper.addDataset(id, content,kind);\n\t\t\t} else {\n\t\t\t\treturn Promise.reject(new InsightError(\"Invalid dataset kind.\"));\n\t\t\t}\n\t\t} catch (error) {\n\t\t\t// Handle errors here\n\t\t\treturn Promise.reject(new InsightError(\"incorrect something\"));\n\t\t}\n\t}\n\n\tprivate isInvalidID(id: string) {\n\t\tif (!id) {\n\t\t\treturn true;\n\t\t}\n\t\tif (id.includes(\"_\") || id.trim().length === 0) {\n\t\t\treturn true;\n\t\t}\n\t}\n\n\tpublic async removeDataset(id: string): Promise<string> {\n\t\tawait this.loadDatasetIds();\n\t\t// check if ID is valid\n\t\tif (this.isInvalidID(id)) {\n\t\t\treturn Promise.reject(new InsightError(\"Invalid ID\"));\n\t\t}\n\t\t// check if ID already exists\n\t\tif (!this.datasetIds.includes(id)) {\n\t\t\tconsole.log(\"Debug\");\n\t\t\tconsole.log(this.datasetIds);\n\t\t\treturn Promise.reject(new NotFoundError(\"This ID does not exist in the datasetIDs\"));\n\t\t}\n\t\t// Actually remove the data\n\t\ttry {\n\t\t\tawait fs.promises.unlink(`data/${id}.json`);\n\t\t\t// Successfully removed the file, now remove the id from datasetIds if necessary\n\t\t\tthis.datasetIds = this.datasetIds.filter((datasetId) => datasetId !== id);\n\t\t\treturn Promise.resolve(id); // Resolve with the id of the removed dataset\n\t\t} catch (error) {\n\t\t\treturn Promise.reject(new InsightError(\"Some error\"));\n\t\t}\n\t}\n\n\tpublic async listDatasets(): Promise<InsightDataset[]> {\n\t\tawait this.loadDatasetIds();\n\t\ttry {\n\t\t\tif (this.datasetIds.length === 0) {\n\t\t\t\treturn Promise.resolve([]); // Return empty array if no dataset IDs are available\n\t\t\t}\n\t\t\tconst dataFolderPath = \"data\";\n\n\t\t\tconst readFilesPromises = this.datasetIds.map(async (id) => {\n\t\t\t\tconst filePath = path.join(dataFolderPath, `${id}.json`);\n\t\t\t\ttry {\n\t\t\t\t\tconst fileContent = await fs.promises.readFile(filePath, \"utf-8\");\n\t\t\t\t\tconst jsonArray = JSON.parse(fileContent);\n\n\t\t\t\t\tif (Array.isArray(jsonArray) && jsonArray.length > 0) {\n\t\t\t\t\t\treturn jsonArray[0];\n\t\t\t\t\t} else {\n\t\t\t\t\t\treturn null; // If file content is empty or not an array\n\t\t\t\t\t}\n\t\t\t\t} catch (error) {\n\t\t\t\t\treturn null; // Skip if file doesn't exist or cannot be read\n\t\t\t\t}\n\t\t\t});\n\n\t\t\tconst datasetObjects = await Promise.all(readFilesPromises);\n\t\t\t// Filter out null values (failed reads or empty arrays)\n\t\t\tconst filteredDatasetObjects = datasetObjects.filter((obj) => obj !== null);\n\n\t\t\treturn Promise.resolve(filteredDatasetObjects);\n\t\t} catch (error) {\n\t\t\treturn Promise.reject(new Error(\"Error listing datasets\"));\n\t\t}\n\t}\n\n\tpublic async performQuery(query: any): Promise<InsightResult[]> {\n\t\ttry {\n\t\t\tconst queryString = JSON.stringify(query);\n\n\t\t\t// Check if WHERE and OPTIONS properties exist\n\t\t\tif (!query.WHERE || !query.OPTIONS) {\n\t\t\t\treturn Promise.reject(new InsightError(\"WHERE and OPTIONS properties are required.\"));\n\t\t\t}\n\n\t\t\t// Validate WHERE clause\n\t\t\tconst allIDs: Set<string> = new Set<string>();\n\t\t\tconst isValidWhere = this.queryHelper.isValidWhereClause(query.WHERE, allIDs);\n\t\t\tif (!isValidWhere) {\n\t\t\t\treturn Promise.reject(new InsightError(\"Invalid WHERE clause.\"));\n\t\t\t}\n\n\t\t\t// Validate OPTIONS\n\t\t\tconst isValidOptions = this.queryHelper.isValidOptions(query.OPTIONS, allIDs);\n\t\t\tif (!isValidOptions) {\n\t\t\t\treturn Promise.reject(new InsightError(\"Invalid OPTIONS.\"));\n\t\t\t}\n\n\t\t\t// Check if the dataset ID exists\n\t\t\tconst idExists = await this.queryHelper.checkIDExists(Array.from(allIDs)[0]);\n\t\t\tif (!idExists) {\n\t\t\t\treturn Promise.reject(new InsightError(\"IDs not found in the data directory.\"));\n\t\t\t}\n\n\t\t\t// Perform the query\n\t\t\tconst condString = this.queryHelper.traverseWhereClause(query.WHERE, allIDs);\n\t\t\tconst items = await this.queryHelper.getMatchingItems(Array.from(allIDs)[0], condString);\n\t\t\tlet wanted = this.queryHelper.traverseOptions(items, query.OPTIONS);\n\t\t\twanted = wanted.filter((item: any) => Object.values(item).every((val: any) => val !== undefined));\n\n\t\t\t// Check if the result is too large\n\t\t\tif (wanted.length > 5000) {\n\t\t\t\treturn Promise.reject(new ResultTooLargeError(\"Too big\"));\n\t\t\t}\n\n\t\t\t// Return the result\n\t\t\treturn Promise.resolve(wanted);\n\t\t} catch (error) {\n\t\t\treturn Promise.reject(new InsightError(\"Error parsing query JSON.\"));\n\t\t}\n\t}\n}\n"]},"_coverageSchema":"1a1c01bbd47fc00a2c39e90264f33305004495a9","hash":"60b8cd958d15f2aca7d157fdbd50b748d77f59d4","contentHash":"f83847d8535b8dc1ec99d785b798ff2205cc655b47d350598f1c001c4e954c4c"},"/Users/rishishukla/Desktop/project_team067/src/controller/IInsightFacade.ts":{"path":"/Users/rishishukla/Desktop/project_team067/src/controller/IInsightFacade.ts","statementMap":{"0":{"start":{"line":2,"column":0},"end":{"line":2,"column":62}},"1":{"start":{"line":3,"column":0},"end":{"line":3,"column":113}},"2":{"start":{"line":5,"column":0},"end":{"line":8,"column":89}},"3":{"start":{"line":6,"column":4},"end":{"line":6,"column":48}},"4":{"start":{"line":7,"column":4},"end":{"line":7,"column":42}},"5":{"start":{"line":11,"column":8},"end":{"line":11,"column":23}},"6":{"start":{"line":12,"column":8},"end":{"line":12,"column":52}},"7":{"start":{"line":15,"column":0},"end":{"line":15,"column":36}},"8":{"start":{"line":18,"column":8},"end":{"line":18,"column":23}},"9":{"start":{"line":19,"column":8},"end":{"line":19,"column":53}},"10":{"start":{"line":22,"column":0},"end":{"line":22,"column":38}},"11":{"start":{"line":25,"column":8},"end":{"line":25,"column":23}},"12":{"start":{"line":26,"column":8},"end":{"line":26,"column":59}},"13":{"start":{"line":29,"column":0},"end":{"line":29,"column":50}}},"fnMap":{"0":{"name":"(anonymous_0)","decl":{"start":{"line":5,"column":1},"end":{"line":5,"column":2}},"loc":{"start":{"line":5,"column":31},"end":{"line":8,"column":1}},"line":5},"1":{"name":"(anonymous_1)","decl":{"start":{"line":10,"column":4},"end":{"line":10,"column":5}},"loc":{"start":{"line":10,"column":25},"end":{"line":13,"column":5}},"line":10},"2":{"name":"(anonymous_2)","decl":{"start":{"line":17,"column":4},"end":{"line":17,"column":5}},"loc":{"start":{"line":17,"column":25},"end":{"line":20,"column":5}},"line":17},"3":{"name":"(anonymous_3)","decl":{"start":{"line":24,"column":4},"end":{"line":24,"column":5}},"loc":{"start":{"line":24,"column":25},"end":{"line":27,"column":5}},"line":24}},"branchMap":{"0":{"loc":{"start":{"line":8,"column":24},"end":{"line":8,"column":87}},"type":"binary-expr","locations":[{"start":{"line":8,"column":24},"end":{"line":8,"column":50}},{"start":{"line":8,"column":55},"end":{"line":8,"column":86}}],"line":8}},"s":{"0":1,"1":1,"2":1,"3":1,"4":1,"5":63,"6":63,"7":1,"8":1,"9":1,"10":1,"11":1,"12":1,"13":1},"f":{"0":1,"1":63,"2":1,"3":1},"b":{"0":[1,1]},"inputSourceMap":{"version":3,"file":"/Users/rishishukla/Desktop/project_team067/src/controller/IInsightFacade.ts","sources":["/Users/rishishukla/Desktop/project_team067/src/controller/IInsightFacade.ts"],"names":[],"mappings":";;;AAMA,IAAY,kBAGX;AAHD,WAAY,kBAAkB;IAC7B,2CAAqB,CAAA;IACrB,qCAAe,CAAA;AAChB,CAAC,EAHW,kBAAkB,GAAlB,0BAAkB,KAAlB,0BAAkB,QAG7B;AAYD,MAAa,YAAa,SAAQ,KAAK;IACtC,YAAY,OAAgB;QAC3B,KAAK,CAAC,OAAO,CAAC,CAAC;QACf,KAAK,CAAC,iBAAiB,CAAC,IAAI,EAAE,YAAY,CAAC,CAAC;IAC7C,CAAC;CACD;AALD,oCAKC;AAED,MAAa,aAAc,SAAQ,KAAK;IACvC,YAAY,OAAgB;QAC3B,KAAK,CAAC,OAAO,CAAC,CAAC;QACf,KAAK,CAAC,iBAAiB,CAAC,IAAI,EAAE,aAAa,CAAC,CAAC;IAC9C,CAAC;CACD;AALD,sCAKC;AAED,MAAa,mBAAoB,SAAQ,KAAK;IAC7C,YAAY,OAAgB;QAC3B,KAAK,CAAC,OAAO,CAAC,CAAC;QACf,KAAK,CAAC,iBAAiB,CAAC,IAAI,EAAE,mBAAmB,CAAC,CAAC;IACpD,CAAC;CACD;AALD,kDAKC","sourcesContent":["/*\n * This is the primary high-level API for the project. In this folder there should be:\n * A class called InsightFacade, this should be in a file called InsightFacade.ts.\n * You should not change this interface at all or the test suite will not work.\n */\n\nexport enum InsightDatasetKind {\n\tSections = \"sections\",\n\tRooms = \"rooms\",\n}\n\nexport interface InsightDataset {\n\tid: string;\n\tkind: InsightDatasetKind;\n\tnumRows: number;\n}\n\nexport interface InsightResult {\n\t[key: string]: string | number;\n}\n\nexport class InsightError extends Error {\n\tconstructor(message?: string) {\n\t\tsuper(message);\n\t\tError.captureStackTrace(this, InsightError);\n\t}\n}\n\nexport class NotFoundError extends Error {\n\tconstructor(message?: string) {\n\t\tsuper(message);\n\t\tError.captureStackTrace(this, NotFoundError);\n\t}\n}\n\nexport class ResultTooLargeError extends Error {\n\tconstructor(message?: string) {\n\t\tsuper(message);\n\t\tError.captureStackTrace(this, ResultTooLargeError);\n\t}\n}\n\nexport interface IInsightFacade {\n\t/**\n\t * Add a dataset to insightUBC.\n\t *\n\t * @param id  The id of the dataset being added. Follows the format /^[^_]+$/\n\t * @param content  The base64 content of the dataset. This content should be in the form of a serialized zip file.\n\t * @param kind  The kind of the dataset\n\t *\n\t * @return Promise <string[]>\n\t *\n\t * The promise should fulfill on a successful add, reject for any failures.\n\t * The promise should fulfill with a string array,\n\t * containing the ids of all currently added datasets upon a successful add.\n\t * The promise should reject with an InsightError describing the error.\n\t *\n\t * An id is invalid if it contains an underscore, or is only whitespace characters.\n\t * If id is the same as the id of an already added dataset, the dataset should be rejected and not saved.\n\t *\n\t * After receiving the dataset, it should be processed into a data structure of\n\t * your design. The processed data structure should be persisted to disk; your\n\t * system should be able to load this persisted value into memory for answering\n\t * queries.\n\t *\n\t * Ultimately, a dataset must be added or loaded from disk before queries can\n\t * be successfully answered.\n\t */\n\taddDataset(id: string, content: string, kind: InsightDatasetKind): Promise<string[]>;\n\n\t/**\n\t * Remove a dataset from insightUBC.\n\t *\n\t * @param id  The id of the dataset to remove. Follows the format /^[^_]+$/\n\t *\n\t * @return Promise <string>\n\t *\n\t * The promise should fulfill upon a successful removal, reject on any error.\n\t * Attempting to remove a dataset that hasn't been added yet counts as an error.\n\t *\n\t * An id is invalid if it contains an underscore, or is only whitespace characters.\n\t *\n\t * The promise should fulfill the id of the dataset that was removed.\n\t * The promise should reject with a NotFoundError (if a valid id was not yet added)\n\t * or an InsightError (invalid id or any other source of failure) describing the error.\n\t *\n\t * This will delete both disk and memory caches for the dataset for the id meaning\n\t * that subsequent queries for that id should fail unless a new addDataset happens first.\n\t */\n\tremoveDataset(id: string): Promise<string>;\n\n\t/**\n\t * Perform a query on insightUBC.\n\t *\n\t * @param query  The query to be performed.\n\t *\n\t * If a query is incorrectly formatted, references a dataset not added (in memory or on disk),\n\t * or references multiple datasets, it should be rejected.\n\t *\n\t * @return Promise <InsightResult[]>\n\t *\n\t * The promise should fulfill with an array of results.\n\t * The promise should reject with a ResultTooLargeError (if the query returns too many results)\n\t * or an InsightError (for any other source of failure) describing the error.\n\t */\n\tperformQuery(query: unknown): Promise<InsightResult[]>;\n\n\t/**\n\t * List all currently added datasets, their types, and number of rows.\n\t *\n\t * @return Promise <InsightDataset[]>\n\t * The promise should fulfill an array of currently added InsightDatasets, and will only fulfill.\n\t */\n\tlistDatasets(): Promise<InsightDataset[]>;\n}\n"]},"_coverageSchema":"1a1c01bbd47fc00a2c39e90264f33305004495a9","hash":"cd6d52bca053f4ad4904b8b5eaac18287a84aea6","contentHash":"3bffc1c07b7d234abb3aed4f836b70cb941c7d56141e5e3f0e048d39b6a9977a"},"/Users/rishishukla/Desktop/project_team067/src/controller/helper.ts":{"path":"/Users/rishishukla/Desktop/project_team067/src/controller/helper.ts","statementMap":{"0":{"start":{"line":2,"column":22},"end":{"line":12,"column":3}},"1":{"start":{"line":3,"column":4},"end":{"line":3,"column":33}},"2":{"start":{"line":3,"column":26},"end":{"line":3,"column":33}},"3":{"start":{"line":4,"column":15},"end":{"line":4,"column":52}},"4":{"start":{"line":5,"column":4},"end":{"line":7,"column":5}},"5":{"start":{"line":6,"column":6},"end":{"line":6,"column":68}},"6":{"start":{"line":6,"column":51},"end":{"line":6,"column":63}},"7":{"start":{"line":8,"column":4},"end":{"line":8,"column":39}},"8":{"start":{"line":10,"column":4},"end":{"line":10,"column":33}},"9":{"start":{"line":10,"column":26},"end":{"line":10,"column":33}},"10":{"start":{"line":11,"column":4},"end":{"line":11,"column":17}},"11":{"start":{"line":13,"column":25},"end":{"line":17,"column":2}},"12":{"start":{"line":14,"column":4},"end":{"line":14,"column":72}},"13":{"start":{"line":16,"column":4},"end":{"line":16,"column":21}},"14":{"start":{"line":18,"column":19},"end":{"line":24,"column":1}},"15":{"start":{"line":19,"column":4},"end":{"line":19,"column":42}},"16":{"start":{"line":19,"column":31},"end":{"line":19,"column":42}},"17":{"start":{"line":20,"column":17},"end":{"line":20,"column":19}},"18":{"start":{"line":21,"column":4},"end":{"line":21,"column":141}},"19":{"start":{"line":21,"column":21},"end":{"line":21,"column":141}},"20":{"start":{"line":21,"column":40},"end":{"line":21,"column":141}},"21":{"start":{"line":21,"column":109},"end":{"line":21,"column":141}},"22":{"start":{"line":22,"column":4},"end":{"line":22,"column":36}},"23":{"start":{"line":23,"column":4},"end":{"line":23,"column":18}},"24":{"start":{"line":25,"column":0},"end":{"line":25,"column":62}},"25":{"start":{"line":26,"column":0},"end":{"line":26,"column":29}},"26":{"start":{"line":27,"column":11},"end":{"line":27,"column":38}},"27":{"start":{"line":28,"column":25},"end":{"line":28,"column":52}},"28":{"start":{"line":29,"column":23},"end":{"line":30,"column":49}},"29":{"start":{"line":33,"column":25},"end":{"line":33,"column":42}},"30":{"start":{"line":34,"column":8},"end":{"line":40,"column":9}},"31":{"start":{"line":35,"column":12},"end":{"line":35,"column":66}},"32":{"start":{"line":36,"column":12},"end":{"line":36,"column":24}},"33":{"start":{"line":39,"column":12},"end":{"line":39,"column":25}},"34":{"start":{"line":43,"column":8},"end":{"line":45,"column":9}},"35":{"start":{"line":44,"column":12},"end":{"line":44,"column":25}},"36":{"start":{"line":46,"column":31},"end":{"line":46,"column":75}},"37":{"start":{"line":47,"column":25},"end":{"line":47,"column":46}},"38":{"start":{"line":48,"column":8},"end":{"line":50,"column":9}},"39":{"start":{"line":49,"column":12},"end":{"line":49,"column":25}},"40":{"start":{"line":52,"column":8},"end":{"line":52,"column":50}},"41":{"start":{"line":53,"column":8},"end":{"line":96,"column":9}},"42":{"start":{"line":54,"column":12},"end":{"line":54,"column":50}},"43":{"start":{"line":55,"column":12},"end":{"line":62,"column":13}},"44":{"start":{"line":56,"column":16},"end":{"line":61,"column":17}},"45":{"start":{"line":57,"column":20},"end":{"line":57,"column":39}},"46":{"start":{"line":60,"column":20},"end":{"line":60,"column":33}},"47":{"start":{"line":63,"column":12},"end":{"line":65,"column":13}},"48":{"start":{"line":64,"column":16},"end":{"line":64,"column":29}},"49":{"start":{"line":66,"column":12},"end":{"line":66,"column":59}},"50":{"start":{"line":68,"column":13},"end":{"line":96,"column":9}},"51":{"start":{"line":69,"column":12},"end":{"line":69,"column":50}},"52":{"start":{"line":70,"column":12},"end":{"line":77,"column":13}},"53":{"start":{"line":71,"column":16},"end":{"line":76,"column":17}},"54":{"start":{"line":72,"column":20},"end":{"line":72,"column":39}},"55":{"start":{"line":75,"column":20},"end":{"line":75,"column":33}},"56":{"start":{"line":78,"column":12},"end":{"line":80,"column":13}},"57":{"start":{"line":79,"column":16},"end":{"line":79,"column":29}},"58":{"start":{"line":81,"column":12},"end":{"line":81,"column":57}},"59":{"start":{"line":83,"column":13},"end":{"line":96,"column":9}},"60":{"start":{"line":84,"column":28},"end":{"line":84,"column":43}},"61":{"start":{"line":85,"column":12},"end":{"line":87,"column":13}},"62":{"start":{"line":86,"column":16},"end":{"line":86,"column":29}},"63":{"start":{"line":88,"column":12},"end":{"line":88,"column":86}},"64":{"start":{"line":88,"column":45},"end":{"line":88,"column":84}},"65":{"start":{"line":90,"column":13},"end":{"line":96,"column":9}},"66":{"start":{"line":91,"column":35},"end":{"line":91,"column":50}},"67":{"start":{"line":92,"column":12},"end":{"line":92,"column":67}},"68":{"start":{"line":95,"column":12},"end":{"line":95,"column":25}},"69":{"start":{"line":99,"column":32},"end":{"line":99,"column":52}},"70":{"start":{"line":100,"column":8},"end":{"line":102,"column":9}},"71":{"start":{"line":101,"column":12},"end":{"line":101,"column":81}},"72":{"start":{"line":103,"column":8},"end":{"line":103,"column":20}},"73":{"start":{"line":106,"column":8},"end":{"line":108,"column":9}},"74":{"start":{"line":107,"column":12},"end":{"line":107,"column":25}},"75":{"start":{"line":109,"column":20},"end":{"line":109,"column":42}},"76":{"start":{"line":110,"column":22},"end":{"line":110,"column":33}},"77":{"start":{"line":111,"column":8},"end":{"line":113,"column":9}},"78":{"start":{"line":112,"column":12},"end":{"line":112,"column":25}},"79":{"start":{"line":114,"column":30},"end":{"line":114,"column":48}},"80":{"start":{"line":115,"column":8},"end":{"line":119,"column":9}},"81":{"start":{"line":116,"column":12},"end":{"line":118,"column":13}},"82":{"start":{"line":117,"column":16},"end":{"line":117,"column":29}},"83":{"start":{"line":120,"column":8},"end":{"line":120,"column":20}},"84":{"start":{"line":123,"column":8},"end":{"line":123,"column":64}},"85":{"start":{"line":126,"column":8},"end":{"line":128,"column":9}},"86":{"start":{"line":127,"column":12},"end":{"line":127,"column":25}},"87":{"start":{"line":129,"column":8},"end":{"line":134,"column":9}},"88":{"start":{"line":133,"column":12},"end":{"line":133,"column":25}},"89":{"start":{"line":135,"column":8},"end":{"line":139,"column":9}},"90":{"start":{"line":136,"column":12},"end":{"line":138,"column":13}},"91":{"start":{"line":137,"column":16},"end":{"line":137,"column":29}},"92":{"start":{"line":140,"column":8},"end":{"line":144,"column":9}},"93":{"start":{"line":141,"column":12},"end":{"line":143,"column":13}},"94":{"start":{"line":142,"column":16},"end":{"line":142,"column":29}},"95":{"start":{"line":145,"column":8},"end":{"line":145,"column":20}},"96":{"start":{"line":148,"column":28},"end":{"line":148,"column":45}},"97":{"start":{"line":149,"column":8},"end":{"line":151,"column":9}},"98":{"start":{"line":150,"column":12},"end":{"line":150,"column":25}},"99":{"start":{"line":152,"column":33},"end":{"line":152,"column":44}},"100":{"start":{"line":153,"column":8},"end":{"line":155,"column":9}},"101":{"start":{"line":154,"column":12},"end":{"line":154,"column":25}},"102":{"start":{"line":156,"column":30},"end":{"line":156,"column":115}},"103":{"start":{"line":157,"column":8},"end":{"line":159,"column":9}},"104":{"start":{"line":158,"column":12},"end":{"line":158,"column":25}},"105":{"start":{"line":160,"column":8},"end":{"line":160,"column":20}},"106":{"start":{"line":163,"column":25},"end":{"line":163,"column":46}},"107":{"start":{"line":164,"column":24},"end":{"line":164,"column":39}},"108":{"start":{"line":166,"column":8},"end":{"line":190,"column":9}},"109":{"start":{"line":167,"column":34},"end":{"line":167,"column":36}},"110":{"start":{"line":168,"column":12},"end":{"line":171,"column":13}},"111":{"start":{"line":169,"column":37},"end":{"line":169,"column":83}},"112":{"start":{"line":170,"column":16},"end":{"line":170,"column":49}},"113":{"start":{"line":172,"column":12},"end":{"line":172,"column":51}},"114":{"start":{"line":173,"column":12},"end":{"line":173,"column":41}},"115":{"start":{"line":175,"column":13},"end":{"line":190,"column":9}},"116":{"start":{"line":176,"column":34},"end":{"line":176,"column":36}},"117":{"start":{"line":177,"column":12},"end":{"line":180,"column":13}},"118":{"start":{"line":178,"column":37},"end":{"line":178,"column":83}},"119":{"start":{"line":179,"column":16},"end":{"line":179,"column":49}},"120":{"start":{"line":181,"column":12},"end":{"line":181,"column":51}},"121":{"start":{"line":182,"column":12},"end":{"line":182,"column":41}},"122":{"start":{"line":184,"column":13},"end":{"line":190,"column":9}},"123":{"start":{"line":185,"column":33},"end":{"line":185,"column":74}},"124":{"start":{"line":186,"column":12},"end":{"line":186,"column":45}},"125":{"start":{"line":189,"column":12},"end":{"line":189,"column":65}},"126":{"start":{"line":191,"column":8},"end":{"line":191,"column":25}},"127":{"start":{"line":194,"column":25},"end":{"line":194,"column":47}},"128":{"start":{"line":195,"column":24},"end":{"line":195,"column":40}},"129":{"start":{"line":196,"column":29},"end":{"line":196,"column":63}},"130":{"start":{"line":197,"column":22},"end":{"line":197,"column":48}},"131":{"start":{"line":198,"column":8},"end":{"line":200,"column":9}},"132":{"start":{"line":199,"column":12},"end":{"line":199,"column":55}},"133":{"start":{"line":201,"column":8},"end":{"line":204,"column":9}},"134":{"start":{"line":202,"column":22},"end":{"line":202,"column":48}},"135":{"start":{"line":203,"column":12},"end":{"line":203,"column":58}},"136":{"start":{"line":205,"column":8},"end":{"line":216,"column":9}},"137":{"start":{"line":207,"column":16},"end":{"line":207,"column":50}},"138":{"start":{"line":209,"column":16},"end":{"line":209,"column":46}},"139":{"start":{"line":211,"column":16},"end":{"line":211,"column":46}},"140":{"start":{"line":213,"column":16},"end":{"line":213,"column":48}},"141":{"start":{"line":215,"column":16},"end":{"line":215,"column":88}},"142":{"start":{"line":219,"column":8},"end":{"line":234,"column":9}},"143":{"start":{"line":220,"column":25},"end":{"line":220,"column":79}},"144":{"start":{"line":221,"column":29},"end":{"line":221,"column":45}},"145":{"start":{"line":222,"column":34},"end":{"line":222,"column":36}},"146":{"start":{"line":223,"column":12},"end":{"line":229,"column":13}},"147":{"start":{"line":224,"column":16},"end":{"line":228,"column":17}},"148":{"start":{"line":225,"column":20},"end":{"line":227,"column":21}},"149":{"start":{"line":225,"column":61},"end":{"line":225,"column":80}},"150":{"start":{"line":226,"column":24},"end":{"line":226,"column":49}},"151":{"start":{"line":230,"column":12},"end":{"line":230,"column":33}},"152":{"start":{"line":233,"column":12},"end":{"line":233,"column":72}},"153":{"start":{"line":237,"column":27},"end":{"line":237,"column":112}},"154":{"start":{"line":238,"column":8},"end":{"line":241,"column":9}},"155":{"start":{"line":239,"column":26},"end":{"line":239,"column":63}},"156":{"start":{"line":240,"column":12},"end":{"line":240,"column":70}},"157":{"start":{"line":242,"column":8},"end":{"line":242,"column":25}},"158":{"start":{"line":245,"column":8},"end":{"line":254,"column":9}},"159":{"start":{"line":246,"column":12},"end":{"line":246,"column":66}},"160":{"start":{"line":247,"column":30},"end":{"line":247,"column":73}},"161":{"start":{"line":248,"column":27},"end":{"line":248,"column":42}},"162":{"start":{"line":249,"column":12},"end":{"line":249,"column":28}},"163":{"start":{"line":252,"column":12},"end":{"line":252,"column":64}},"164":{"start":{"line":253,"column":12},"end":{"line":253,"column":25}},"165":{"start":{"line":257,"column":8},"end":{"line":259,"column":9}},"166":{"start":{"line":258,"column":12},"end":{"line":258,"column":72}},"167":{"start":{"line":260,"column":32},"end":{"line":260,"column":52}},"168":{"start":{"line":261,"column":30},"end":{"line":268,"column":10}},"169":{"start":{"line":262,"column":33},"end":{"line":262,"column":35}},"170":{"start":{"line":263,"column":12},"end":{"line":266,"column":15}},"171":{"start":{"line":264,"column":36},"end":{"line":264,"column":55}},"172":{"start":{"line":265,"column":16},"end":{"line":265,"column":56}},"173":{"start":{"line":267,"column":12},"end":{"line":267,"column":32}},"174":{"start":{"line":269,"column":8},"end":{"line":282,"column":9}},"175":{"start":{"line":270,"column":31},"end":{"line":270,"column":49}},"176":{"start":{"line":271,"column":12},"end":{"line":281,"column":15}},"177":{"start":{"line":272,"column":16},"end":{"line":280,"column":17}},"178":{"start":{"line":273,"column":20},"end":{"line":273,"column":30}},"179":{"start":{"line":275,"column":21},"end":{"line":280,"column":17}},"180":{"start":{"line":276,"column":20},"end":{"line":276,"column":29}},"181":{"start":{"line":279,"column":20},"end":{"line":279,"column":29}},"182":{"start":{"line":283,"column":8},"end":{"line":283,"column":29}},"183":{"start":{"line":286,"column":0},"end":{"line":286,"column":34}}},"fnMap":{"0":{"name":"(anonymous_0)","decl":{"start":{"line":2,"column":74},"end":{"line":2,"column":75}},"loc":{"start":{"line":2,"column":96},"end":{"line":9,"column":1}},"line":2},"1":{"name":"(anonymous_1)","decl":{"start":{"line":6,"column":38},"end":{"line":6,"column":39}},"loc":{"start":{"line":6,"column":49},"end":{"line":6,"column":65}},"line":6},"2":{"name":"(anonymous_2)","decl":{"start":{"line":9,"column":6},"end":{"line":9,"column":7}},"loc":{"start":{"line":9,"column":28},"end":{"line":12,"column":1}},"line":9},"3":{"name":"(anonymous_3)","decl":{"start":{"line":13,"column":80},"end":{"line":13,"column":81}},"loc":{"start":{"line":13,"column":95},"end":{"line":15,"column":1}},"line":13},"4":{"name":"(anonymous_4)","decl":{"start":{"line":15,"column":5},"end":{"line":15,"column":6}},"loc":{"start":{"line":15,"column":20},"end":{"line":17,"column":1}},"line":15},"5":{"name":"(anonymous_5)","decl":{"start":{"line":18,"column":50},"end":{"line":18,"column":51}},"loc":{"start":{"line":18,"column":65},"end":{"line":24,"column":1}},"line":18},"6":{"name":"(anonymous_6)","decl":{"start":{"line":32,"column":4},"end":{"line":32,"column":5}},"loc":{"start":{"line":32,"column":28},"end":{"line":41,"column":5}},"line":32},"7":{"name":"(anonymous_7)","decl":{"start":{"line":42,"column":4},"end":{"line":42,"column":5}},"loc":{"start":{"line":42,"column":38},"end":{"line":97,"column":5}},"line":42},"8":{"name":"(anonymous_8)","decl":{"start":{"line":88,"column":33},"end":{"line":88,"column":34}},"loc":{"start":{"line":88,"column":45},"end":{"line":88,"column":84}},"line":88},"9":{"name":"(anonymous_9)","decl":{"start":{"line":98,"column":4},"end":{"line":98,"column":5}},"loc":{"start":{"line":98,"column":26},"end":{"line":104,"column":5}},"line":98},"10":{"name":"(anonymous_10)","decl":{"start":{"line":105,"column":4},"end":{"line":105,"column":5}},"loc":{"start":{"line":105,"column":28},"end":{"line":121,"column":5}},"line":105},"11":{"name":"(anonymous_11)","decl":{"start":{"line":122,"column":4},"end":{"line":122,"column":5}},"loc":{"start":{"line":122,"column":34},"end":{"line":124,"column":5}},"line":122},"12":{"name":"(anonymous_12)","decl":{"start":{"line":125,"column":4},"end":{"line":125,"column":5}},"loc":{"start":{"line":125,"column":36},"end":{"line":146,"column":5}},"line":125},"13":{"name":"(anonymous_13)","decl":{"start":{"line":147,"column":4},"end":{"line":147,"column":5}},"loc":{"start":{"line":147,"column":34},"end":{"line":161,"column":5}},"line":147},"14":{"name":"(anonymous_14)","decl":{"start":{"line":162,"column":4},"end":{"line":162,"column":5}},"loc":{"start":{"line":162,"column":39},"end":{"line":192,"column":5}},"line":162},"15":{"name":"(anonymous_15)","decl":{"start":{"line":193,"column":4},"end":{"line":193,"column":5}},"loc":{"start":{"line":193,"column":41},"end":{"line":217,"column":5}},"line":193},"16":{"name":"(anonymous_16)","decl":{"start":{"line":218,"column":4},"end":{"line":218,"column":5}},"loc":{"start":{"line":218,"column":42},"end":{"line":235,"column":5}},"line":218},"17":{"name":"(anonymous_17)","decl":{"start":{"line":225,"column":50},"end":{"line":225,"column":51}},"loc":{"start":{"line":225,"column":61},"end":{"line":225,"column":80}},"line":225},"18":{"name":"(anonymous_18)","decl":{"start":{"line":236,"column":4},"end":{"line":236,"column":5}},"loc":{"start":{"line":236,"column":41},"end":{"line":243,"column":5}},"line":236},"19":{"name":"(anonymous_19)","decl":{"start":{"line":244,"column":4},"end":{"line":244,"column":5}},"loc":{"start":{"line":244,"column":39},"end":{"line":255,"column":5}},"line":244},"20":{"name":"(anonymous_20)","decl":{"start":{"line":256,"column":4},"end":{"line":256,"column":5}},"loc":{"start":{"line":256,"column":41},"end":{"line":284,"column":5}},"line":256},"21":{"name":"(anonymous_21)","decl":{"start":{"line":261,"column":40},"end":{"line":261,"column":41}},"loc":{"start":{"line":261,"column":50},"end":{"line":268,"column":9}},"line":261},"22":{"name":"(anonymous_22)","decl":{"start":{"line":263,"column":36},"end":{"line":263,"column":37}},"loc":{"start":{"line":263,"column":47},"end":{"line":266,"column":13}},"line":263},"23":{"name":"(anonymous_23)","decl":{"start":{"line":271,"column":31},"end":{"line":271,"column":32}},"loc":{"start":{"line":271,"column":41},"end":{"line":281,"column":13}},"line":271}},"branchMap":{"0":{"loc":{"start":{"line":2,"column":22},"end":{"line":12,"column":3}},"type":"binary-expr","locations":[{"start":{"line":2,"column":23},"end":{"line":2,"column":27}},{"start":{"line":2,"column":31},"end":{"line":2,"column":51}},{"start":{"line":2,"column":57},"end":{"line":12,"column":2}}],"line":2},"1":{"loc":{"start":{"line":2,"column":57},"end":{"line":12,"column":2}},"type":"cond-expr","locations":[{"start":{"line":2,"column":74},"end":{"line":9,"column":1}},{"start":{"line":9,"column":6},"end":{"line":12,"column":1}}],"line":2},"2":{"loc":{"start":{"line":3,"column":4},"end":{"line":3,"column":33}},"type":"if","locations":[{"start":{"line":3,"column":4},"end":{"line":3,"column":33}},{"start":{"line":3,"column":4},"end":{"line":3,"column":33}}],"line":3},"3":{"loc":{"start":{"line":5,"column":4},"end":{"line":7,"column":5}},"type":"if","locations":[{"start":{"line":5,"column":4},"end":{"line":7,"column":5}},{"start":{"line":5,"column":4},"end":{"line":7,"column":5}}],"line":5},"4":{"loc":{"start":{"line":5,"column":8},"end":{"line":5,"column":85}},"type":"binary-expr","locations":[{"start":{"line":5,"column":8},"end":{"line":5,"column":13}},{"start":{"line":5,"column":18},"end":{"line":5,"column":84}}],"line":5},"5":{"loc":{"start":{"line":5,"column":18},"end":{"line":5,"column":84}},"type":"cond-expr","locations":[{"start":{"line":5,"column":34},"end":{"line":5,"column":47}},{"start":{"line":5,"column":50},"end":{"line":5,"column":84}}],"line":5},"6":{"loc":{"start":{"line":5,"column":50},"end":{"line":5,"column":84}},"type":"binary-expr","locations":[{"start":{"line":5,"column":50},"end":{"line":5,"column":63}},{"start":{"line":5,"column":67},"end":{"line":5,"column":84}}],"line":5},"7":{"loc":{"start":{"line":10,"column":4},"end":{"line":10,"column":33}},"type":"if","locations":[{"start":{"line":10,"column":4},"end":{"line":10,"column":33}},{"start":{"line":10,"column":4},"end":{"line":10,"column":33}}],"line":10},"8":{"loc":{"start":{"line":13,"column":25},"end":{"line":17,"column":2}},"type":"binary-expr","locations":[{"start":{"line":13,"column":26},"end":{"line":13,"column":30}},{"start":{"line":13,"column":34},"end":{"line":13,"column":57}},{"start":{"line":13,"column":63},"end":{"line":17,"column":1}}],"line":13},"9":{"loc":{"start":{"line":13,"column":63},"end":{"line":17,"column":1}},"type":"cond-expr","locations":[{"start":{"line":13,"column":80},"end":{"line":15,"column":1}},{"start":{"line":15,"column":5},"end":{"line":17,"column":1}}],"line":13},"10":{"loc":{"start":{"line":18,"column":19},"end":{"line":24,"column":1}},"type":"binary-expr","locations":[{"start":{"line":18,"column":20},"end":{"line":18,"column":24}},{"start":{"line":18,"column":28},"end":{"line":18,"column":45}},{"start":{"line":18,"column":50},"end":{"line":24,"column":1}}],"line":18},"11":{"loc":{"start":{"line":19,"column":4},"end":{"line":19,"column":42}},"type":"if","locations":[{"start":{"line":19,"column":4},"end":{"line":19,"column":42}},{"start":{"line":19,"column":4},"end":{"line":19,"column":42}}],"line":19},"12":{"loc":{"start":{"line":19,"column":8},"end":{"line":19,"column":29}},"type":"binary-expr","locations":[{"start":{"line":19,"column":8},"end":{"line":19,"column":11}},{"start":{"line":19,"column":15},"end":{"line":19,"column":29}}],"line":19},"13":{"loc":{"start":{"line":21,"column":4},"end":{"line":21,"column":141}},"type":"if","locations":[{"start":{"line":21,"column":4},"end":{"line":21,"column":141}},{"start":{"line":21,"column":4},"end":{"line":21,"column":141}}],"line":21},"14":{"loc":{"start":{"line":21,"column":40},"end":{"line":21,"column":141}},"type":"if","locations":[{"start":{"line":21,"column":40},"end":{"line":21,"column":141}},{"start":{"line":21,"column":40},"end":{"line":21,"column":141}}],"line":21},"15":{"loc":{"start":{"line":21,"column":44},"end":{"line":21,"column":107}},"type":"binary-expr","locations":[{"start":{"line":21,"column":44},"end":{"line":21,"column":59}},{"start":{"line":21,"column":63},"end":{"line":21,"column":107}}],"line":21},"16":{"loc":{"start":{"line":43,"column":8},"end":{"line":45,"column":9}},"type":"if","locations":[{"start":{"line":43,"column":8},"end":{"line":45,"column":9}},{"start":{"line":43,"column":8},"end":{"line":45,"column":9}}],"line":43},"17":{"loc":{"start":{"line":43,"column":14},"end":{"line":43,"column":48}},"type":"binary-expr","locations":[{"start":{"line":43,"column":14},"end":{"line":43,"column":19}},{"start":{"line":43,"column":23},"end":{"line":43,"column":48}}],"line":43},"18":{"loc":{"start":{"line":48,"column":8},"end":{"line":50,"column":9}},"type":"if","locations":[{"start":{"line":48,"column":8},"end":{"line":50,"column":9}},{"start":{"line":48,"column":8},"end":{"line":50,"column":9}}],"line":48},"19":{"loc":{"start":{"line":53,"column":8},"end":{"line":96,"column":9}},"type":"if","locations":[{"start":{"line":53,"column":8},"end":{"line":96,"column":9}},{"start":{"line":53,"column":8},"end":{"line":96,"column":9}}],"line":53},"20":{"loc":{"start":{"line":53,"column":12},"end":{"line":53,"column":71}},"type":"binary-expr","locations":[{"start":{"line":53,"column":12},"end":{"line":53,"column":29}},{"start":{"line":53,"column":33},"end":{"line":53,"column":50}},{"start":{"line":53,"column":54},"end":{"line":53,"column":71}}],"line":53},"21":{"loc":{"start":{"line":55,"column":12},"end":{"line":62,"column":13}},"type":"if","locations":[{"start":{"line":55,"column":12},"end":{"line":62,"column":13}},{"start":{"line":55,"column":12},"end":{"line":62,"column":13}}],"line":55},"22":{"loc":{"start":{"line":56,"column":16},"end":{"line":61,"column":17}},"type":"if","locations":[{"start":{"line":56,"column":16},"end":{"line":61,"column":17}},{"start":{"line":56,"column":16},"end":{"line":61,"column":17}}],"line":56},"23":{"loc":{"start":{"line":63,"column":12},"end":{"line":65,"column":13}},"type":"if","locations":[{"start":{"line":63,"column":12},"end":{"line":65,"column":13}},{"start":{"line":63,"column":12},"end":{"line":65,"column":13}}],"line":63},"24":{"loc":{"start":{"line":68,"column":13},"end":{"line":96,"column":9}},"type":"if","locations":[{"start":{"line":68,"column":13},"end":{"line":96,"column":9}},{"start":{"line":68,"column":13},"end":{"line":96,"column":9}}],"line":68},"25":{"loc":{"start":{"line":70,"column":12},"end":{"line":77,"column":13}},"type":"if","locations":[{"start":{"line":70,"column":12},"end":{"line":77,"column":13}},{"start":{"line":70,"column":12},"end":{"line":77,"column":13}}],"line":70},"26":{"loc":{"start":{"line":71,"column":16},"end":{"line":76,"column":17}},"type":"if","locations":[{"start":{"line":71,"column":16},"end":{"line":76,"column":17}},{"start":{"line":71,"column":16},"end":{"line":76,"column":17}}],"line":71},"27":{"loc":{"start":{"line":78,"column":12},"end":{"line":80,"column":13}},"type":"if","locations":[{"start":{"line":78,"column":12},"end":{"line":80,"column":13}},{"start":{"line":78,"column":12},"end":{"line":80,"column":13}}],"line":78},"28":{"loc":{"start":{"line":83,"column":13},"end":{"line":96,"column":9}},"type":"if","locations":[{"start":{"line":83,"column":13},"end":{"line":96,"column":9}},{"start":{"line":83,"column":13},"end":{"line":96,"column":9}}],"line":83},"29":{"loc":{"start":{"line":83,"column":17},"end":{"line":83,"column":56}},"type":"binary-expr","locations":[{"start":{"line":83,"column":17},"end":{"line":83,"column":35}},{"start":{"line":83,"column":39},"end":{"line":83,"column":56}}],"line":83},"30":{"loc":{"start":{"line":85,"column":12},"end":{"line":87,"column":13}},"type":"if","locations":[{"start":{"line":85,"column":12},"end":{"line":87,"column":13}},{"start":{"line":85,"column":12},"end":{"line":87,"column":13}}],"line":85},"31":{"loc":{"start":{"line":85,"column":16},"end":{"line":85,"column":61}},"type":"binary-expr","locations":[{"start":{"line":85,"column":16},"end":{"line":85,"column":39}},{"start":{"line":85,"column":43},"end":{"line":85,"column":61}}],"line":85},"32":{"loc":{"start":{"line":90,"column":13},"end":{"line":96,"column":9}},"type":"if","locations":[{"start":{"line":90,"column":13},"end":{"line":96,"column":9}},{"start":{"line":90,"column":13},"end":{"line":96,"column":9}}],"line":90},"33":{"loc":{"start":{"line":100,"column":8},"end":{"line":102,"column":9}},"type":"if","locations":[{"start":{"line":100,"column":8},"end":{"line":102,"column":9}},{"start":{"line":100,"column":8},"end":{"line":102,"column":9}}],"line":100},"34":{"loc":{"start":{"line":106,"column":8},"end":{"line":108,"column":9}},"type":"if","locations":[{"start":{"line":106,"column":8},"end":{"line":108,"column":9}},{"start":{"line":106,"column":8},"end":{"line":108,"column":9}}],"line":106},"35":{"loc":{"start":{"line":106,"column":14},"end":{"line":106,"column":50}},"type":"binary-expr","locations":[{"start":{"line":106,"column":14},"end":{"line":106,"column":20}},{"start":{"line":106,"column":24},"end":{"line":106,"column":50}}],"line":106},"36":{"loc":{"start":{"line":111,"column":8},"end":{"line":113,"column":9}},"type":"if","locations":[{"start":{"line":111,"column":8},"end":{"line":113,"column":9}},{"start":{"line":111,"column":8},"end":{"line":113,"column":9}}],"line":111},"37":{"loc":{"start":{"line":111,"column":12},"end":{"line":111,"column":64}},"type":"binary-expr","locations":[{"start":{"line":111,"column":12},"end":{"line":111,"column":35}},{"start":{"line":111,"column":39},"end":{"line":111,"column":64}}],"line":111},"38":{"loc":{"start":{"line":115,"column":8},"end":{"line":119,"column":9}},"type":"if","locations":[{"start":{"line":115,"column":8},"end":{"line":119,"column":9}},{"start":{"line":115,"column":8},"end":{"line":119,"column":9}}],"line":115},"39":{"loc":{"start":{"line":116,"column":12},"end":{"line":118,"column":13}},"type":"if","locations":[{"start":{"line":116,"column":12},"end":{"line":118,"column":13}},{"start":{"line":116,"column":12},"end":{"line":118,"column":13}}],"line":116},"40":{"loc":{"start":{"line":116,"column":16},"end":{"line":116,"column":69}},"type":"binary-expr","locations":[{"start":{"line":116,"column":16},"end":{"line":116,"column":33}},{"start":{"line":116,"column":37},"end":{"line":116,"column":69}}],"line":116},"41":{"loc":{"start":{"line":126,"column":8},"end":{"line":128,"column":9}},"type":"if","locations":[{"start":{"line":126,"column":8},"end":{"line":128,"column":9}},{"start":{"line":126,"column":8},"end":{"line":128,"column":9}}],"line":126},"42":{"loc":{"start":{"line":126,"column":14},"end":{"line":126,"column":52}},"type":"binary-expr","locations":[{"start":{"line":126,"column":14},"end":{"line":126,"column":21}},{"start":{"line":126,"column":25},"end":{"line":126,"column":52}}],"line":126},"43":{"loc":{"start":{"line":129,"column":8},"end":{"line":134,"column":9}},"type":"if","locations":[{"start":{"line":129,"column":8},"end":{"line":134,"column":9}},{"start":{"line":129,"column":8},"end":{"line":134,"column":9}}],"line":129},"44":{"loc":{"start":{"line":129,"column":12},"end":{"line":132,"column":43}},"type":"binary-expr","locations":[{"start":{"line":129,"column":12},"end":{"line":129,"column":28}},{"start":{"line":130,"column":12},"end":{"line":130,"column":43}},{"start":{"line":131,"column":12},"end":{"line":131,"column":40}},{"start":{"line":132,"column":12},"end":{"line":132,"column":43}}],"line":129},"45":{"loc":{"start":{"line":136,"column":12},"end":{"line":138,"column":13}},"type":"if","locations":[{"start":{"line":136,"column":12},"end":{"line":138,"column":13}},{"start":{"line":136,"column":12},"end":{"line":138,"column":13}}],"line":136},"46":{"loc":{"start":{"line":136,"column":16},"end":{"line":136,"column":81}},"type":"binary-expr","locations":[{"start":{"line":136,"column":16},"end":{"line":136,"column":42}},{"start":{"line":136,"column":46},"end":{"line":136,"column":81}}],"line":136},"47":{"loc":{"start":{"line":140,"column":8},"end":{"line":144,"column":9}},"type":"if","locations":[{"start":{"line":140,"column":8},"end":{"line":144,"column":9}},{"start":{"line":140,"column":8},"end":{"line":144,"column":9}}],"line":140},"48":{"loc":{"start":{"line":141,"column":12},"end":{"line":143,"column":13}},"type":"if","locations":[{"start":{"line":141,"column":12},"end":{"line":143,"column":13}},{"start":{"line":141,"column":12},"end":{"line":143,"column":13}}],"line":141},"49":{"loc":{"start":{"line":141,"column":16},"end":{"line":141,"column":95}},"type":"binary-expr","locations":[{"start":{"line":141,"column":16},"end":{"line":141,"column":49}},{"start":{"line":141,"column":53},"end":{"line":141,"column":95}}],"line":141},"50":{"loc":{"start":{"line":149,"column":8},"end":{"line":151,"column":9}},"type":"if","locations":[{"start":{"line":149,"column":8},"end":{"line":151,"column":9}},{"start":{"line":149,"column":8},"end":{"line":151,"column":9}}],"line":149},"51":{"loc":{"start":{"line":153,"column":8},"end":{"line":155,"column":9}},"type":"if","locations":[{"start":{"line":153,"column":8},"end":{"line":155,"column":9}},{"start":{"line":153,"column":8},"end":{"line":155,"column":9}}],"line":153},"52":{"loc":{"start":{"line":157,"column":8},"end":{"line":159,"column":9}},"type":"if","locations":[{"start":{"line":157,"column":8},"end":{"line":159,"column":9}},{"start":{"line":157,"column":8},"end":{"line":159,"column":9}}],"line":157},"53":{"loc":{"start":{"line":166,"column":8},"end":{"line":190,"column":9}},"type":"if","locations":[{"start":{"line":166,"column":8},"end":{"line":190,"column":9}},{"start":{"line":166,"column":8},"end":{"line":190,"column":9}}],"line":166},"54":{"loc":{"start":{"line":175,"column":13},"end":{"line":190,"column":9}},"type":"if","locations":[{"start":{"line":175,"column":13},"end":{"line":190,"column":9}},{"start":{"line":175,"column":13},"end":{"line":190,"column":9}}],"line":175},"55":{"loc":{"start":{"line":184,"column":13},"end":{"line":190,"column":9}},"type":"if","locations":[{"start":{"line":184,"column":13},"end":{"line":190,"column":9}},{"start":{"line":184,"column":13},"end":{"line":190,"column":9}}],"line":184},"56":{"loc":{"start":{"line":198,"column":8},"end":{"line":200,"column":9}},"type":"if","locations":[{"start":{"line":198,"column":8},"end":{"line":200,"column":9}},{"start":{"line":198,"column":8},"end":{"line":200,"column":9}}],"line":198},"57":{"loc":{"start":{"line":201,"column":8},"end":{"line":204,"column":9}},"type":"if","locations":[{"start":{"line":201,"column":8},"end":{"line":204,"column":9}},{"start":{"line":201,"column":8},"end":{"line":204,"column":9}}],"line":201},"58":{"loc":{"start":{"line":201,"column":12},"end":{"line":201,"column":81}},"type":"binary-expr","locations":[{"start":{"line":201,"column":12},"end":{"line":201,"column":29}},{"start":{"line":201,"column":33},"end":{"line":201,"column":58}},{"start":{"line":201,"column":62},"end":{"line":201,"column":81}}],"line":201},"59":{"loc":{"start":{"line":205,"column":8},"end":{"line":216,"column":9}},"type":"switch","locations":[{"start":{"line":206,"column":12},"end":{"line":207,"column":50}},{"start":{"line":208,"column":12},"end":{"line":209,"column":46}},{"start":{"line":210,"column":12},"end":{"line":211,"column":46}},{"start":{"line":212,"column":12},"end":{"line":213,"column":48}},{"start":{"line":214,"column":12},"end":{"line":215,"column":88}}],"line":205},"60":{"loc":{"start":{"line":224,"column":16},"end":{"line":228,"column":17}},"type":"if","locations":[{"start":{"line":224,"column":16},"end":{"line":228,"column":17}},{"start":{"line":224,"column":16},"end":{"line":228,"column":17}}],"line":224},"61":{"loc":{"start":{"line":225,"column":20},"end":{"line":227,"column":21}},"type":"if","locations":[{"start":{"line":225,"column":20},"end":{"line":227,"column":21}},{"start":{"line":225,"column":20},"end":{"line":227,"column":21}}],"line":225},"62":{"loc":{"start":{"line":257,"column":8},"end":{"line":259,"column":9}},"type":"if","locations":[{"start":{"line":257,"column":8},"end":{"line":259,"column":9}},{"start":{"line":257,"column":8},"end":{"line":259,"column":9}}],"line":257},"63":{"loc":{"start":{"line":269,"column":8},"end":{"line":282,"column":9}},"type":"if","locations":[{"start":{"line":269,"column":8},"end":{"line":282,"column":9}},{"start":{"line":269,"column":8},"end":{"line":282,"column":9}}],"line":269},"64":{"loc":{"start":{"line":272,"column":16},"end":{"line":280,"column":17}},"type":"if","locations":[{"start":{"line":272,"column":16},"end":{"line":280,"column":17}},{"start":{"line":272,"column":16},"end":{"line":280,"column":17}}],"line":272},"65":{"loc":{"start":{"line":275,"column":21},"end":{"line":280,"column":17}},"type":"if","locations":[{"start":{"line":275,"column":21},"end":{"line":280,"column":17}},{"start":{"line":275,"column":21},"end":{"line":280,"column":17}}],"line":275}},"s":{"0":1,"1":103,"2":103,"3":103,"4":103,"5":98,"6":29,"7":103,"8":0,"9":0,"10":0,"11":1,"12":1,"13":0,"14":1,"15":1,"16":0,"17":1,"18":1,"19":1,"20":103,"21":103,"22":1,"23":1,"24":1,"25":1,"26":1,"27":1,"28":1,"29":15,"30":15,"31":15,"32":14,"33":1,"34":77,"35":0,"36":77,"37":77,"38":77,"39":0,"40":77,"41":77,"42":32,"43":32,"44":19,"45":19,"46":0,"47":32,"48":0,"49":32,"50":45,"51":14,"52":14,"53":1,"54":1,"55":0,"56":14,"57":0,"58":14,"59":31,"60":25,"61":25,"62":2,"63":23,"64":49,"65":6,"66":6,"67":6,"68":0,"69":46,"70":46,"71":0,"72":46,"73":14,"74":0,"75":14,"76":14,"77":14,"78":1,"79":13,"80":13,"81":6,"82":1,"83":12,"84":32,"85":18,"86":0,"87":18,"88":1,"89":17,"90":44,"91":1,"92":16,"93":15,"94":1,"95":15,"96":58,"97":58,"98":0,"99":58,"100":58,"101":1,"102":57,"103":57,"104":0,"105":57,"106":50,"107":50,"108":50,"109":8,"110":8,"111":18,"112":18,"113":8,"114":8,"115":42,"116":7,"117":7,"118":14,"119":14,"120":7,"121":7,"122":35,"123":4,"124":4,"125":31,"126":50,"127":31,"128":31,"129":31,"130":31,"131":31,"132":0,"133":31,"134":5,"135":5,"136":26,"137":4,"138":10,"139":4,"140":8,"141":0,"142":14,"143":14,"144":14,"145":14,"146":14,"147":904582,"148":71768,"149":717666,"150":71768,"151":14,"152":0,"153":904582,"154":904582,"155":9045820,"156":9045820,"157":904582,"158":904582,"159":904582,"160":904582,"161":904582,"162":904582,"163":0,"164":0,"165":14,"166":0,"167":14,"168":14,"169":71768,"170":71768,"171":147404,"172":147404,"173":71768,"174":14,"175":13,"176":13,"177":960535,"178":495941,"179":464594,"180":302379,"181":162215,"182":14,"183":1},"f":{"0":103,"1":29,"2":0,"3":1,"4":0,"5":1,"6":15,"7":77,"8":49,"9":46,"10":14,"11":32,"12":18,"13":58,"14":50,"15":31,"16":14,"17":717666,"18":904582,"19":904582,"20":14,"21":71768,"22":147404,"23":960535},"b":{"0":[1,1,1],"1":[1,0],"2":[103,0],"3":[98,5],"4":[103,103],"5":[5,98],"6":[98,5],"7":[0,0],"8":[1,1,1],"9":[1,0],"10":[1,1,1],"11":[0,1],"12":[1,1],"13":[1,0],"14":[103,0],"15":[103,103],"16":[0,77],"17":[77,77],"18":[0,77],"19":[32,45],"20":[77,71,55],"21":[19,13],"22":[19,0],"23":[0,32],"24":[14,31],"25":[1,13],"26":[1,0],"27":[0,14],"28":[25,6],"29":[31,18],"30":[2,23],"31":[25,25],"32":[6,0],"33":[0,46],"34":[0,14],"35":[14,14],"36":[1,13],"37":[14,14],"38":[6,7],"39":[1,5],"40":[6,2],"41":[0,18],"42":[18,18],"43":[1,17],"44":[18,18,18,18],"45":[1,43],"46":[44,44],"47":[15,1],"48":[1,14],"49":[15,14],"50":[0,58],"51":[1,57],"52":[0,57],"53":[8,42],"54":[7,35],"55":[4,31],"56":[0,31],"57":[5,26],"58":[31,9,9],"59":[4,10,4,8,0],"60":[71768,832814],"61":[71768,0],"62":[0,14],"63":[13,1],"64":[495941,464594],"65":[302379,162215]},"inputSourceMap":{"version":3,"file":"/Users/rishishukla/Desktop/project_team067/src/controller/helper.ts","sources":["/Users/rishishukla/Desktop/project_team067/src/controller/helper.ts"],"names":[],"mappings":";;;;;;;;;;;;;;;;;;;;;;;;;;AAAA,uCAAyB;AACzB,qDAA8C;AAI9C,MAAM,cAAc,GAAG,IAAI,GAAG,CAAC,CAAC,KAAK,EAAE,MAAM,EAAE,MAAM,EAAE,OAAO,EAAE,MAAM;IACrE,MAAM,EAAE,IAAI,EAAE,YAAY,EAAE,OAAO,EAAE,MAAM,CAAC,CAAC,CAAC;AAC/C,MAAa,WAAW;IAChB,KAAK,CAAC,aAAa,CAAC,EAAU;QACpC,MAAM,QAAQ,GAAG,QAAQ,EAAE,OAAO,CAAC;QACnC,IAAI;YACH,MAAM,EAAE,CAAC,QAAQ,CAAC,MAAM,CAAC,QAAQ,EAAE,EAAE,CAAC,SAAS,CAAC,IAAI,CAAC,CAAC;YACtD,OAAO,IAAI,CAAC;SACZ;QAAC,OAAO,KAAK,EAAE;YACf,OAAO,KAAK,CAAC;SACb;IACF,CAAC;IAEM,kBAAkB,CAAC,KAAU,EAAE,MAAmB;QAExD,IAAI,CAAC,CAAC,KAAK,IAAI,OAAO,KAAK,KAAK,QAAQ,CAAC,EAAE;YAC1C,OAAO,KAAK,CAAC;SACb;QACD,MAAM,cAAc,GAAG,CAAC,IAAI,EAAE,IAAI,EAAE,IAAI,EAAE,IAAI,EAAE,KAAK,EAAE,IAAI,EAAE,KAAK,CAAC,CAAC;QACpE,MAAM,QAAQ,GAAG,MAAM,CAAC,IAAI,CAAC,KAAK,CAAC,CAAC,CAAC,CAAC,CAAC;QACvC,IAAI,CAAC,cAAc,CAAC,QAAQ,CAAC,QAAQ,CAAC,EAAE;YACvC,OAAO,KAAK,CAAC;SACb;QAGD,IAAI,OAAO,EAAE,MAAM,EAAE,
[...]
 } else if (parsedData.error) {\n\t\t\t\t\t\t// \t// Reject with error message if an error occurred\n\t\t\t\t\t\t// \treject(new InsightError(parsedData.error));\n\t\t\t\t\t\t// } else {\n\t\t\t\t\t\t// \t// Reject with invalid response format error\n\t\t\t\t\t\t// \treject(new InsightError(\"Invalid response format\"));\n\t\t\t\t\t\t// }\n\t\t\t\t\t\tresolve(parsedData);\n\t\t\t\t\t} catch (error) {\n\t\t\t\t\t\t// Reject with JSON parsing error\n\t\t\t\t\t\treject(new InsightError(\"wrong\"));\n\t\t\t\t\t}\n\t\t\t\t});\n\n\t\t\t\t// Handle HTTP request errors\n\t\t\t\tres.on(\"error\", (error: any) => {\n\t\t\t\t\treject(new InsightError(\"wrong\"));\n\t\t\t\t});\n\t\t\t});\n\t\t});\n\t}\n\n\tpublic fetchAddress(buildingName: string, tableNode: any): string {\n\t\tfor (const childNode of tableNode.childNodes) {\n\t\t\t// Check if the child node is a <tbody> element\n\t\t\tif (childNode.nodeName === \"tbody\") {\n\t\t\t\t// Iterate through each child node of the table body\n\t\t\t\tfor (const tbodyChildNode of childNode.childNodes) {\n\t\t\t\t\t// Check if the child node is a <tr> element\n\t\t\t\t\tif (tbodyChildNode.nodeName === \"tr\") {\n\t\t\t\t\t\t// Check if the building name matches\n\t\t\t\t\t\tfor (const tdNode of tbodyChildNode.childNodes) {\n\t\t\t\t\t\t\tif (tdNode.nodeName === \"td\" && this.getNodeText(tdNode) === buildingName) {\n\t\t\t\t\t\t\t\t// Iterate through <td> elements again to find the address\n\t\t\t\t\t\t\t\tfor (const addressNode of tbodyChildNode.childNodes) {\n\t\t\t\t\t\t\t\t\tif (addressNode.nodeName === \"td\" &&\n\t\t\t\t\t\t\t\t\t\tthis.hasClass(addressNode, \"views-field-field-building-address\")) {\n\t\t\t\t\t\t\t\t\t\treturn this.getNodeText(addressNode);\n\t\t\t\t\t\t\t\t\t}\n\t\t\t\t\t\t\t\t}\n\t\t\t\t\t\t\t}\n\t\t\t\t\t\t}\n\t\t\t\t\t}\n\t\t\t\t}\n\t\t\t}\n\t\t}\n\t\treturn \"\"; // If building name not found or address column not found\n\t}\n\n\tpublic getNodeText(node: any): string {\n\t\tif (node.childNodes && node.childNodes.length > 0) {\n\t\t\tlet text = \"\";\n\t\t\tfor (const childNode of node.childNodes) {\n\t\t\t\tif (childNode.nodeName === \"#text\") {\n\t\t\t\t\ttext += childNode.value.trim();\n\t\t\t\t}\n\t\t\t}\n\t\t\treturn text;\n\t\t}\n\t\treturn \"\";\n\t}\n\n\tpublic hasClass(element: any, className: string): boolean {\n\t\treturn element.attrs && element.attrs.some((attr: any) =>\n\t\t\tattr.name === \"class\" && attr.value.includes(className));\n\t}\n\n\tpublic containsAllClassesInRow2(trNode: any, classNames: string[]): boolean {\n\t\t// Initialize a set to track which classes have been found\n\t\tconst foundClasses = new Set<string>();\n\n\t\t// Iterate through each child node of the table row (presumably <td> elements)\n\t\tfor (const childNode of trNode.childNodes) {\n\t\t\t// Check if the child node is a <td> element\n\t\t\tif (childNode.nodeName === \"td\") {\n\t\t\t\t// Iterate through each class name in the specified list\n\t\t\t\tfor (const className of classNames) {\n\t\t\t\t\t// Check if the <td> element has the current class\n\t\t\t\t\tif (this.hasClass(childNode, className)) {\n\t\t\t\t\t\t// Add the class to the set of found classes\n\t\t\t\t\t\tfoundClasses.add(className);\n\t\t\t\t\t}\n\t\t\t\t}\n\t\t\t}\n\t\t}\n\n\t\t// Check if all specified classes have been found at least once\n\t\treturn classNames.every((className) => foundClasses.has(className));\n\t}\n\n\tpublic containsAllClassesInRow(tableNode: any, classNames: string[]): boolean {\n\t\t// Initialize a set to track which classes have been found\n\t\tconst foundClasses = new Set<string>();\n\n\t\t// Iterate through each child node of the table node\n\t\tfor (const childNode of tableNode.childNodes) {\n\t\t\t// Check if the child node is a <tbody> element\n\t\t\tif (childNode.nodeName === \"tbody\") {\n\t\t\t\t// Iterate through each child node of the table body\n\t\t\t\tfor (const trNode of childNode.childNodes) {\n\t\t\t\t\t// Check if the child node is a <tr> element\n\t\t\t\t\tif (trNode.nodeName === \"tr\") {\n\t\t\t\t\t\t// Iterate through each child node of the table row\n\t\t\t\t\t\tfor (const tdNode of trNode.childNodes) {\n\t\t\t\t\t\t\t// Check if the child node is a <td> element\n\t\t\t\t\t\t\tif (tdNode.nodeName === \"td\") {\n\t\t\t\t\t\t\t\t// Iterate through each class name in the specified list\n\t\t\t\t\t\t\t\tfor (const className of classNames) {\n\t\t\t\t\t\t\t\t\t// Check if the <td> element has the current class\n\t\t\t\t\t\t\t\t\tif (this.hasClass(tdNode, className)) {\n\t\t\t\t\t\t\t\t\t\t// Add the class to the set of found classes\n\t\t\t\t\t\t\t\t\t\tfoundClasses.add(className);\n\t\t\t\t\t\t\t\t\t}\n\t\t\t\t\t\t\t\t}\n\t\t\t\t\t\t\t}\n\t\t\t\t\t\t}\n\t\t\t\t\t}\n\t\t\t\t}\n\t\t\t\tbreak; // Found tbody, exit loop\n\t\t\t}\n\t\t}\n\n\t\t// Check if all specified classes have been found at least once\n\t\treturn classNames.every((className) => foundClasses.has(className));\n\t}\n\n\tpublic containsBuildingInfoRow(tableNode: any, buildingName: string): boolean {\n\t\t// Required classes for the building information row\n\t\tconst requiredClasses = [\n\t\t\t\"views-field-field-building-code\",\n\t\t\t\"views-field-title\",\n\t\t\t\"views-field-field-building-address\"\n\t\t];\n\n\t\t// Iterate through each child node of the table node\n\t\tfor (const childNode of tableNode.childNodes) {\n\t\t\t// Check if the child node is a <tbody> element\n\t\t\tif (childNode.nodeName === \"tbody\") {\n\t\t\t\t// Iterate through each child node of the table body\n\t\t\t\tfor (const tbodyChildNode of childNode.childNodes) {\n\t\t\t\t\t// Check if the child node is a <tr> element\n\t\t\t\t\tif (tbodyChildNode.nodeName === \"tr\") {\n\t\t\t\t\t\t// Iterate through each child node of the table row\n\t\t\t\t\t\tfor (const tdNode of tbodyChildNode.childNodes) {\n\t\t\t\t\t\t\t// Check if the child node is a <td> element and contains the building name\n\t\t\t\t\t\t\tif (tdNode.nodeName === \"td\" &&  this.getNodeText(tdNode) === buildingName) {\n\t\t\t\t\t\t\t\t// Check if the row contains all required classes\n\t\t\t\t\t\t\t\treturn this.containsAllClassesInRow2(tbodyChildNode, requiredClasses);\n\t\t\t\t\t\t\t}\n\t\t\t\t\t\t}\n\t\t\t\t\t}\n\t\t\t\t}\n\t\t\t}\n\t\t}\n\t\treturn false; // No row with the building name and required classes found\n\t}\n\n\tpublic findBuildingTable(node: any): any {\n\t\tif (node.nodeName === \"#document\") {\n\t\t\tfor (const childNode of node.childNodes) {\n\t\t\t\tif (childNode.nodeName === \"html\") {\n\t\t\t\t\tfor (const htmlChildNode of childNode.childNodes) {\n\t\t\t\t\t\tif (htmlChildNode.nodeName === \"body\") {\n\t\t\t\t\t\t\treturn this.findBuildingTable(htmlChildNode);\n\t\t\t\t\t\t}\n\t\t\t\t\t}\n\t\t\t\t}\n\t\t\t}\n\t\t} else if (node.nodeName === \"body\") {\n\t\t\t// console.log(node);\n\t\t\tfor (const childNode of node.childNodes) {\n\t\t\t\tif (childNode.nodeName === \"div\" || childNode.nodeName === \"section\") {\n\t\t\t\t\tconst tableNode = this.findTableInDiv(childNode);\n\t\t\t\t\tif (tableNode) {\n\t\t\t\t\t\treturn tableNode;\n\t\t\t\t\t}\n\t\t\t\t} else if (childNode.nodeName === \"table\") {\n\t\t\t\t\tif (this.hasClass(childNode, \"views-table\") &&\n\t\t\t\t\t\tthis.containsTDWithClass(childNode, \"views-field-field-building-code\")) {\n\t\t\t\t\t\treturn childNode; // Return the table node\n\t\t\t\t\t}\n\t\t\t\t}\n\t\t\t}\n\t\t\treturn null;\n\t\t}\n\t}\n\n\tpublic findTableInDiv(divNode: any): any {\n\t\tfor (const childNode of divNode.childNodes) {\n\t\t\tif (childNode.nodeName === \"table\") {\n\t\t\t\tif (this.hasClass(childNode, \"views-table\") &&\n\t\t\t\t\tthis.containsTDWithClass(childNode, \"views-field-field-building-code\")) {\n\t\t\t\t\treturn childNode; // Return the table node\n\t\t\t\t}\n\t\t\t} else if (childNode.nodeName === \"div\" || childNode.nodeName === \"section\") {\n\t\t\t\t// Recursively search nested divs and sections\n\t\t\t\tconst tableNode = this.findTableInDiv(childNode);\n\t\t\t\tif (tableNode) {\n\t\t\t\t\treturn tableNode;\n\t\t\t\t}\n\t\t\t}\n\t\t}\n\t\treturn null; // Return null if no table is found in this div or its children\n\t}\n\n\tpublic containsTDWithClass(tableNode: any, className: string): boolean {\n\t\tfor (const childNode of tableNode.childNodes) {\n\t\t\tif (childNode.nodeName === \"tbody\") {\n\t\t\t\tfor (const trNode of childNode.childNodes) {\n\t\t\t\t\tif (trNode.nodeName === \"tr\") {\n\t\t\t\t\t\tfor (const tdNode of trNode.childNodes) {\n\t\t\t\t\t\t\tif (tdNode.nodeName === \"td\" && this.hasClass(tdNode, className)) {\n\t\t\t\t\t\t\t\treturn true;\n\t\t\t\t\t\t\t}\n\t\t\t\t\t\t}\n\t\t\t\t\t}\n\t\t\t\t}\n\t\t\t}\n\t\t}\n\t\treturn false;\n\t}\n\n\n\tpublic extractBuildingNames(buildingTable: any): string[] {\n\t\tconst buildingNames: string[] = [];\n\t\tfor (const childNode of buildingTable.childNodes) {\n\t\t\tif (childNode.nodeName === \"tbody\") {\n\t\t\t\tfor (const trNode of childNode.childNodes) {\n\t\t\t\t\tif (trNode.nodeName === \"tr\") {\n\t\t\t\t\t\tfor (const tdNode of trNode.childNodes) {\n\t\t\t\t\t\t\tif (tdNode.nodeName === \"td\" &&\n\t\t\t\t\t\t\t\tthis.hasClass(tdNode, \"views-field-field-building-code\")) {\n\t\t\t\t\t\t\t\tconst buildingName = this.getNodeText(tdNode);\n\t\t\t\t\t\t\t\tif (buildingName) {\n\t\t\t\t\t\t\t\t\tbuildingNames.push(buildingName);\n\t\t\t\t\t\t\t\t}\n\t\t\t\t\t\t\t}\n\t\t\t\t\t\t}\n\t\t\t\t\t}\n\t\t\t\t}\n\t\t\t}\n\t\t}\n\t\treturn buildingNames;\n\t}\n\n\tpublic async validateBuildingFile\n\t(decodedContent: JSZip, buildingName: string, buildingTable: any): Promise<boolean> {\n\t\tconst buildingFile = decodedContent.\n\t\t\tfile(`campus/discover/buildings-and-classrooms/${buildingName}.htm`);\n\t\tif (!buildingFile) {\n\t\t\tthrow new InsightError(`Building file not found: ${buildingName}.htm`);\n\t\t}\n\n\t\tconst buildingFileContent = await buildingFile.async(\"text\");\n\t\tconst buildingDocument = parse(buildingFileContent);\n\t\tconst roomTable = this.findRoomTable(buildingDocument);\n\t\tif (!roomTable) {\n\t\t\treturn Promise.reject(new InsightError(`No valid room table found in building file: ${buildingName}.htm`));\n\t\t}\n\t\tconst buildingInfoRowExists = this.containsBuildingInfoRow(buildingTable, buildingName);\n\t\tif (!buildingInfoRowExists){\n\t\t\treturn Promise.reject(new InsightError(`No valid room table found in building file: ${buildingName}.htm`));\n\t\t}\n\t\tlet buildingAddress = this.fetchAddress(buildingName,buildingTable);\n\t\tlet geolocation = await this.fetchGeolocation(buildingAddress);\n\t\tif (geolocation.error !== undefined){\n\t\t\treturn Promise.reject(new InsightError(\"No valid room table found in building file:\"));\n\t\t}\n\t\treturn Promise.resolve(true);\n\t}\n\n\tpublic findRoomTable(node: any): any {\n\t\tif (node.nodeName === \"#document\") {\n\t\t\tfor (const childNode of node.childNodes) {\n\t\t\t\tif (childNode.nodeName === \"html\") {\n\t\t\t\t\tfor (const htmlChildNode of childNode.childNodes) {\n\t\t\t\t\t\tif (htmlChildNode.nodeName === \"body\") {\n\t\t\t\t\t\t\treturn this.findRoomTable(htmlChildNode);\n\t\t\t\t\t\t}\n\t\t\t\t\t}\n\t\t\t\t}\n\t\t\t}\n\t\t} else if (node.nodeName === \"body\") {\n\t\t\tfor (const childNode of node.childNodes) {\n\t\t\t\tif (childNode.nodeName === \"div\" || childNode.nodeName === \"section\") {\n\t\t\t\t\tconst tableNode = this.findTableInDiv2(childNode);\n\t\t\t\t\tif (tableNode) {\n\t\t\t\t\t\treturn tableNode;\n\t\t\t\t\t}\n\t\t\t\t} else if (childNode.nodeName === \"table\") {\n\t\t\t\t\tif (this.hasClass(childNode, \"views-table\") &&\n\t\t\t\t\t\tthis.containsTDWithClass(childNode, \"views-field-field-room-type\") &&\n\t\t\t\t\t\tthis.containsAllClassesInRow(childNode,[\n\t\t\t\t\t\t\t\"views-field-field-room-number\",\n\t\t\t\t\t\t\t\"views-field-field-room-capacity\",\n\t\t\t\t\t\t\t\"views-field-field-room-furniture\",\n\t\t\t\t\t\t\t\"views-field-field-room-type\",\n\t\t\t\t\t\t\t\"views-field-nothing\"\n\t\t\t\t\t\t]) ) {\n\t\t\t\t\t\treturn childNode; // Return the table node\n\t\t\t\t\t}\n\t\t\t\t}\n\t\t\t}\n\t\t\treturn null;\n\t\t}\n\t}\n\n\tpublic findTableInDiv2(divNode: any): any {\n\t\tfor (const childNode of divNode.childNodes) {\n\t\t\tif (childNode.nodeName === \"table\") {\n\t\t\t\tif (this.hasClass(childNode, \"views-table\") &&\n\t\t\t\t\tthis.containsTDWithClass(childNode, \"views-field-field-room-type\") &&\n\t\t\t\t\tthis.containsAllClassesInRow(childNode,[\n\t\t\t\t\t\t\"views-field-field-room-number\",\n\t\t\t\t\t\t\"views-field-field-room-capacity\",\n\t\t\t\t\t\t\"views-field-field-room-furniture\",\n\t\t\t\t\t\t\"views-field-field-room-type\",\n\t\t\t\t\t\t\"views-field-nothing\"\n\t\t\t\t\t]) ) {\n\t\t\t\t\treturn childNode; // Return the table node\n\t\t\t\t}\n\t\t\t} else if (childNode.nodeName === \"div\" || childNode.nodeName === \"section\") {\n\t\t\t\t// Recursively search nested divs and sections\n\t\t\t\tconst tableNode = this.findTableInDiv2(childNode);\n\t\t\t\tif (tableNode) {\n\t\t\t\t\treturn tableNode;\n\t\t\t\t}\n\t\t\t}\n\t\t}\n\t\treturn null; // Return null if no table is found in this div or its children\n\t}\n}\n"]},"_coverageSchema":"1a1c01bbd47fc00a2c39e90264f33305004495a9","hash":"45e36813b17d8d001fcb227ec660851ea9833d2d","contentHash":"367d0e4bd5cf306043457d14730e6dd7d586e9ffdd69a99af431cf59095c75d1"},"/Users/rishishukla/Desktop/project_team067/src/controller/validation.ts":{"path":"/Users/rishishukla/Desktop/project_team067/src/controller/validation.ts","statementMap":{"0":{"start":{"line":2,"column":0},"end":{"line":2,"column":62}},"1":{"start":{"line":3,"column":0},"end":{"line":3,"column":33}},"2":{"start":{"line":4,"column":25},"end":{"line":4,"column":52}},"3":{"start":{"line":7,"column":8},"end":{"line":7,"column":66}},"4":{"start":{"line":10,"column":8},"end":{"line":10,"column":42}},"5":{"start":{"line":13,"column":8},"end":{"line":13,"column":65}},"6":{"start":{"line":16,"column":29},"end":{"line":16,"column":60}},"7":{"start":{"line":17,"column":8},"end":{"line":19,"column":9}},"8":{"start":{"line":18,"column":12},"end":{"line":18,"column":97}},"9":{"start":{"line":20,"column":31},"end":{"line":20,"column":62}},"10":{"start":{"line":21,"column":8},"end":{"line":23,"column":9}},"11":{"start":{"line":22,"column":12},"end":{"line":22,"column":99}},"12":{"start":{"line":24,"column":32},"end":{"line":24,"column":81}},"13":{"start":{"line":25,"column":8},"end":{"line":27,"column":9}},"14":{"start":{"line":26,"column":12},"end":{"line":26,"column":115}},"15":{"start":{"line":28,"column":37},"end":{"line":28,"column":63}},"16":{"start":{"line":29,"column":8},"end":{"line":31,"column":9}},"17":{"start":{"line":30,"column":12},"end":{"line":30,"column":114}},"18":{"start":{"line":34,"column":0},"end":{"line":34,"column":42}}},"fnMap":{"0":{"name":"(anonymous_0)","decl":{"start":{"line":6,"column":4},"end":{"line":6,"column":5}},"loc":{"start":{"line":6,"column":24},"end":{"line":8,"column":5}},"line":6},"1":{"name":"(anonymous_1)","decl":{"start":{"line":9,"column":4},"end":{"line":9,"column":5}},"loc":{"start":{"line":9,"column":30},"end":{"line":11,"column":5}},"line":9},"2":{"name":"(anonymous_2)","decl":{"start":{"line":12,"column":4},"end":{"line":12,"column":5}},"loc":{"start":{"line":12,"column":20},"end":{"line":14,"column":5}},"line":12},"3":{"name":"(anonymous_3)","decl":{"start":{"line":15,"column":4},"end":{"line":15,"column":5}},"loc":{"start":{"line":15,"column":47},"end":{"line":32,"column":5}},"line":15}},"branchMap":{"0":{"loc":{"start":{"line":10,"column":15},"end":{"line":10,"column":41}},"type":"binary-expr","locations":[{"start":{"line":10,"column":15},"end":{"line":10,"column":23}},{"start":{"line":10,"column":27},"end":{"line":10,"column":41}}],"line":10},"1":{"loc":{"start":{"line":13,"column":15},"end":{"line":13,"column":64}},"type":"binary-expr","locations":[{"start":{"line":13,"column":15},"end":{"line":13,"column":18}},{"start":{"line":13,"column":22},"end":{"line":13,"column":38}},{"start":{"line":13,"column":42},"end":{"line":13,"column":64}}],"line":13},"2":{"loc":{"start":{"line":17,"column":8},"end":{"line":19,"column":9}},"type":"if","locations":[{"start":{"line":17,"column":8},"end":{"line":19,"column":9}},{"start":{"line":17,"column":8},"end":{"line":19,"column":9}}],"line":17},"3":{"loc":{"start":{"line":21,"column":8},"end":{"line":23,"column":9}},"type":"if","locations":[{"start":{"line":21,"column":8},"end":{"line":23,"column":9}},{"start":{"line":21,"column":8},"end":{"line":23,"column":9}}],"line":21},"4":{"loc":{"start":{"line":25,"column":8},"end":{"line":27,"column":9}},"type":"if","locations":[{"start":{"line":25,"column":8},"end":{"line":27,"column":9}},{"start":{"line":25,"column":8},"end":{"line":27,"column":9}}],"line":25},"5":{"loc":{"start":{"line":29,"column":8},"end":{"line":31,"column":9}},"type":"if","locations":[{"start":{"line":29,"column":8},"end":{"line":31,"column":9}},{"start":{"line":29,"column":8},"end":{"line":31,"column":9}}],"line":29}},"s":{"0":1,"1":1,"2":1,"3":2,"4":2,"5":4,"6":2,"7":2,"8":0,"9":2,"10":2,"11":0,"12":2,"13":2,"14":0,"15":2,"16":2,"17":1,"18":1},"f":{"0":2,"1":2,"2":4,"3":2},"b":{"0":[2,2],"1":[4,3,3],"2":[0,2],"3":[0,2],"4":[0,2],"5":[1,1]},"inputSourceMap":{"version":3,"file":"/Users/rishishukla/Desktop/project_team067/src/controller/validation.ts","sources":["/Users/rishishukla/Desktop/project_team067/src/controller/validation.ts"],"names":[],"mappings":";;;AAAA,qDAAkE;AAGlE,MAAa,eAAe;IACpB,aAAa,CAAC,IAAwB;QAC5C,OAAO,IAAI,KAAK,mCAAkB,CAAC,KAAK,CAAC;IAC1C,CAAC;IAEM,gBAAgB,CAAC,OAAe;QACtC,OAAO,CAAC,OAAO,IAAI,OAAO,KAAK,EAAE,CAAC;IACnC,CAAC;IAEM,WAAW,CAAC,EAAU;QAC5B,OAAO,CAAC,EAAE,IAAI,EAAE,CAAC,QAAQ,CAAC,GAAG,CAAC,IAAI,EAAE,CAAC,IAAI,EAAE,CAAC,MAAM,KAAK,CAAC,CAAC;IAC1D,CAAC;IAEM,KAAK,CAAC,oBAAoB,CAAC,cAAqB;QACtD,MAAM,YAAY,GAAG,cAAc,CAAC,MAAM,CAAC,QAAQ,CAAC,CAAC;QACrD,IAAI,CAAC,YAAY,EAAE;YAClB,OAAO,OAAO,CAAC,MAAM,CAAC,IAAI,6BAAY,CAAC,0BAA0B,CAAC,CAAC,CAAC;SACpE;QAED,MAAM,cAAc,GAAG,YAAY,CAAC,MAAM,CAAC,UAAU,CAAC,CAAC;QACvD,IAAI,CAAC,cAAc,EAAE;YACpB,OAAO,OAAO,CAAC,MAAM,CAAC,IAAI,6BAAY,CAAC,4BAA4B,CAAC,CAAC,CAAC;SACtE;QAED,MAAM,eAAe,GAAG,cAAc,CAAC,MAAM,CAAC,0BAA0B,CAAC,CAAC;QAC1E,IAAI,CAAC,eAAe,EAAE;YACrB,OAAO,OAAO,CAAC,MAAM,CAAC,IAAI,6BAAY,CAAC,4CAA4C,CAAC,CAAC,CAAC;SACtF;QAED,MAAM,oBAAoB,GAAG,eAAe,CAAC,IAAI,CAAC,IAAI,CAAC,CAAC;QACxD,IAAI,CAAC,oBAAoB,CAAC,MAAM,EAAE;YACjC,OAAO,OAAO,CAAC,MAAM,CAAC,IAAI,6BAAY,CAAC,2CAA2C,CAAC,CAAC,CAAC;SACrF;IACF,CAAC;CACD;AAlCD,0CAkCC","sourcesContent":["import {InsightError, InsightDatasetKind} from \"./IInsightFacade\";\nimport JSZip from \"jszip\";\n\nexport class ValidationUtils {\n\tpublic isInValidKind(kind: InsightDatasetKind): boolean {\n\t\treturn kind !== InsightDatasetKind.Rooms;\n\t}\n\n\tpublic isInValidContent(content: string): boolean {\n\t\treturn !content || content === \"\";\n\t}\n\n\tpublic isInvalidID(id: string): boolean {\n\t\treturn !id || id.includes(\"_\") || id.trim().length === 0;\n\t}\n\n\tpublic async validateCampusFolder(decodedContent: JSZip): Promise<void> {\n\t\tconst campusFolder = decodedContent.folder(\"campus\");\n\t\tif (!campusFolder) {\n\t\t\treturn Promise.reject(new InsightError(\"campus folder not found.\"));\n\t\t}\n\n\t\tconst discoverFolder = campusFolder.folder(\"discover\");\n\t\tif (!discoverFolder) {\n\t\t\treturn Promise.reject(new InsightError(\"discover folder not found.\"));\n\t\t}\n\n\t\tconst buildingsFolder = discoverFolder.folder(\"buildings-and-classrooms\");\n\t\tif (!buildingsFolder) {\n\t\t\treturn Promise.reject(new InsightError(\"buildings-and-classrooms folder not found.\"));\n\t\t}\n\n\t\tconst buildingsFolderFiles = buildingsFolder.file(/.+/);\n\t\tif (!buildingsFolderFiles.length) {\n\t\t\treturn Promise.reject(new InsightError(\"buildings-and-classrooms folder is empty.\"));\n\t\t}\n\t}\n}\n"]},"_coverageSchema":"1a1c01bbd47fc00a2c39e90264f33305004495a9","hash":"4f57b0cc79294099367ddc22c8db3e65b1c348c7","contentHash":"1e0a444e6f53b89198c3c1b124b4331e3c8e0ca8fc7b4f642c4cbb28b4b00d44"}}