{"/Users/rishishukla/Desktop/project_team067/src/controller/InsightFacade.ts":{"path":"/Users/rishishukla/Desktop/project_team067/src/controller/InsightFacade.ts","statementMap":{"0":{"start":{"line":2,"column":22},"end":{"line":12,"column":3}},"1":{"start":{"line":3,"column":4},"end":{"line":3,"column":33}},"2":{"start":{"line":3,"column":26},"end":{"line":3,"column":33}},"3":{"start":{"line":4,"column":15},"end":{"line":4,"column":52}},"4":{"start":{"line":5,"column":4},"end":{"line":7,"column":5}},"5":{"start":{"line":6,"column":6},"end":{"line":6,"column":68}},"6":{"start":{"line":6,"column":51},"end":{"line":6,"column":63}},"7":{"start":{"line":8,"column":4},"end":{"line":8,"column":39}},"8":{"start":{"line":10,"column":4},"end":{"line":10,"column":33}},"9":{"start":{"line":10,"column":26},"end":{"line":10,"column":33}},"10":{"start":{"line":11,"column":4},"end":{"line":11,"column":17}},"11":{"start":{"line":13,"column":25},"end":{"line":17,"column":2}},"12":{"start":{"line":14,"column":4},"end":{"line":14,"column":72}},"13":{"start":{"line":16,"column":4},"end":{"line":16,"column":21}},"14":{"start":{"line":18,"column":19},"end":{"line":24,"column":1}},"15":{"start":{"line":19,"column":4},"end":{"line":19,"column":42}},"16":{"start":{"line":19,"column":31},"end":{"line":19,"column":42}},"17":{"start":{"line":20,"column":17},"end":{"line":20,"column":19}},"18":{"start":{"line":21,"column":4},"end":{"line":21,"column":141}},"19":{"start":{"line":21,"column":21},"end":{"line":21,"column":141}},"20":{"start":{"line":21,"column":40},"end":{"line":21,"column":141}},"21":{"start":{"line":21,"column":109},"end":{"line":21,"column":141}},"22":{"start":{"line":22,"column":4},"end":{"line":22,"column":36}},"23":{"start":{"line":23,"column":4},"end":{"line":23,"column":18}},"24":{"start":{"line":25,"column":22},"end":{"line":27,"column":1}},"25":{"start":{"line":26,"column":4},"end":{"line":26,"column":62}},"26":{"start":{"line":28,"column":0},"end":{"line":28,"column":62}},"27":{"start":{"line":29,"column":16},"end":{"line":29,"column":49}},"28":{"start":{"line":30,"column":25},"end":{"line":30,"column":52}},"29":{"start":{"line":31,"column":18},"end":{"line":31,"column":38}},"30":{"start":{"line":32,"column":11},"end":{"line":32,"column":44}},"31":{"start":{"line":33,"column":20},"end":{"line":33,"column":57}},"32":{"start":{"line":34,"column":17},"end":{"line":34,"column":36}},"33":{"start":{"line":36,"column":17},"end":{"line":36,"column":19}},"34":{"start":{"line":39,"column":8},"end":{"line":39,"column":54}},"35":{"start":{"line":40,"column":8},"end":{"line":40,"column":49}},"36":{"start":{"line":43,"column":8},"end":{"line":45,"column":9}},"37":{"start":{"line":44,"column":12},"end":{"line":44,"column":78}},"38":{"start":{"line":46,"column":20},"end":{"line":46,"column":41}},"39":{"start":{"line":47,"column":31},"end":{"line":47,"column":77}},"40":{"start":{"line":48,"column":30},"end":{"line":48,"column":62}},"41":{"start":{"line":49,"column":8},"end":{"line":51,"column":9}},"42":{"start":{"line":50,"column":12},"end":{"line":50,"column":115}},"43":{"start":{"line":52,"column":8},"end":{"line":54,"column":9}},"44":{"start":{"line":53,"column":12},"end":{"line":53,"column":106}},"45":{"start":{"line":55,"column":27},"end":{"line":55,"column":32}},"46":{"start":{"line":56,"column":29},"end":{"line":81,"column":10}},"47":{"start":{"line":57,"column":12},"end":{"line":59,"column":13}},"48":{"start":{"line":58,"column":16},"end":{"line":58,"column":95}},"49":{"start":{"line":60,"column":30},"end":{"line":60,"column":59}},"50":{"start":{"line":61,"column":30},"end":{"line":61,"column":81}},"51":{"start":{"line":62,"column":12},"end":{"line":80,"column":13}},"52":{"start":{"line":63,"column":34},"end":{"line":63,"column":63}},"53":{"start":{"line":64,"column":16},"end":{"line":71,"column":17}},"54":{"start":{"line":65,"column":20},"end":{"line":70,"column":21}},"55":{"start":{"line":66,"column":24},"end":{"line":69,"column":25}},"56":{"start":{"line":67,"column":28},"end":{"line":67,"column":48}},"57":{"start":{"line":68,"column":28},"end":{"line":68,"column":34}},"58":{"start":{"line":74,"column":16},"end":{"line":79,"column":17}},"59":{"start":{"line":75,"column":20},"end":{"line":75,"column":41}},"60":{"start":{"line":78,"column":20},"end":{"line":78,"column":122}},"61":{"start":{"line":82,"column":8},"end":{"line":82,"column":40}},"62":{"start":{"line":83,"column":8},"end":{"line":89,"column":9}},"63":{"start":{"line":84,"column":12},"end":{"line":84,"column":116}},"64":{"start":{"line":87,"column":31},"end":{"line":87,"column":63}},"65":{"start":{"line":88,"column":12},"end":{"line":88,"column":60}},"66":{"start":{"line":90,"column":8},"end":{"line":90,"column":33}},"67":{"start":{"line":91,"column":8},"end":{"line":91,"column":48}},"68":{"start":{"line":94,"column":8},"end":{"line":97,"column":42}},"69":{"start":{"line":100,"column":8},"end":{"line":109,"column":47}},"70":{"start":{"line":112,"column":30},"end":{"line":116,"column":9}},"71":{"start":{"line":117,"column":8},"end":{"line":117,"column":44}},"72":{"start":{"line":118,"column":27},"end":{"line":118,"column":64}},"73":{"start":{"line":119,"column":25},"end":{"line":119,"column":42}},"74":{"start":{"line":120,"column":8},"end":{"line":129,"column":9}},"75":{"start":{"line":121,"column":37},"end":{"line":121,"column":86}},"76":{"start":{"line":121,"column":80},"end":{"line":121,"column":85}},"77":{"start":{"line":122,"column":12},"end":{"line":124,"column":13}},"78":{"start":{"line":123,"column":16},"end":{"line":123,"column":48}},"79":{"start":{"line":125,"column":12},"end":{"line":125,"column":62}},"80":{"start":{"line":128,"column":12},"end":{"line":128,"column":92}},"81":{"start":{"line":132,"column":8},"end":{"line":134,"column":9}},"82":{"start":{"line":133,"column":12},"end":{"line":133,"column":24}},"83":{"start":{"line":137,"column":8},"end":{"line":139,"column":9}},"84":{"start":{"line":138,"column":12},"end":{"line":138,"column":24}},"85":{"start":{"line":142,"column":8},"end":{"line":144,"column":9}},"86":{"start":{"line":143,"column":12},"end":{"line":143,"column":24}},"87":{"start":{"line":145,"column":8},"end":{"line":147,"column":9}},"88":{"start":{"line":146,"column":12},"end":{"line":146,"column":24}},"89":{"start":{"line":150,"column":20},"end":{"line":150,"column":41}},"90":{"start":{"line":151,"column":31},"end":{"line":151,"column":77}},"91":{"start":{"line":152,"column":30},"end":{"line":152,"column":62}},"92":{"start":{"line":153,"column":8},"end":{"line":155,"column":9}},"93":{"start":{"line":154,"column":12},"end":{"line":154,"column":98}},"94":{"start":{"line":156,"column":29},"end":{"line":156,"column":31}},"95":{"start":{"line":157,"column":29},"end":{"line":177,"column":10}},"96":{"start":{"line":158,"column":30},"end":{"line":158,"column":59}},"97":{"start":{"line":159,"column":30},"end":{"line":159,"column":61}},"98":{"start":{"line":160,"column":12},"end":{"line":176,"column":13}},"99":{"start":{"line":161,"column":32},"end":{"line":161,"column":55}},"100":{"start":{"line":162,"column":16},"end":{"line":170,"column":17}},"101":{"start":{"line":163,"column":20},"end":{"line":169,"column":21}},"102":{"start":{"line":164,"column":24},"end":{"line":166,"column":25}},"103":{"start":{"line":165,"column":28},"end":{"line":165,"column":54}},"104":{"start":{"line":167,"column":43},"end":{"line":167,"column":82}},"105":{"start":{"line":168,"column":24},"end":{"line":168,"column":54}},"106":{"start":{"line":173,"column":16},"end":{"line":175,"column":17}},"107":{"start":{"line":174,"column":20},"end":{"line":174,"column":120}},"108":{"start":{"line":178,"column":8},"end":{"line":178,"column":40}},"109":{"start":{"line":179,"column":8},"end":{"line":181,"column":9}},"110":{"start":{"line":180,"column":12},"end":{"line":180,"column":114}},"111":{"start":{"line":182,"column":8},"end":{"line":182,"column":28}},"112":{"start":{"line":185,"column":8},"end":{"line":185,"column":242}},"113":{"start":{"line":188,"column":8},"end":{"line":190,"column":9}},"114":{"start":{"line":189,"column":12},"end":{"line":189,"column":83}},"115":{"start":{"line":191,"column":8},"end":{"line":193,"column":9}},"116":{"start":{"line":192,"column":12},"end":{"line":192,"column":114}},"117":{"start":{"line":194,"column":8},"end":{"line":201,"column":9}},"118":{"start":{"line":195,"column":12},"end":{"line":195,"column":56}},"119":{"start":{"line":196,"column":12},"end":{"line":196,"column":86}},"120":{"start":{"line":196,"column":68},"end":{"line":196,"column":84}},"121":{"start":{"line":197,"column":12},"end":{"line":197,"column":39}},"122":{"start":{"line":200,"column":12},"end":{"line":200,"column":83}},"123":{"start":{"line":204,"column":8},"end":{"line":231,"column":9}},"124":{"start":{"line":205,"column":12},"end":{"line":207,"column":13}},"125":{"start":{"line":206,"column":16},"end":{"line":206,"column":43}},"126":{"start":{"line":208,"column":35},"end":{"line":208,"column":41}},"127":{"start":{"line":209,"column":38},"end":{"line":224,"column":14}},"128":{"start":{"line":210,"column":33},"end":{"line":210,"column":87}},"129":{"start":{"line":211,"column":16},"end":{"line":223,"column":17}},"130":{"start":{"line":212,"column":40},"end":{"line":212,"column":85}},"131":{"start":{"line":213,"column":38},"end":{"line":213,"column":61}},"132":{"start":{"line":214,"column":20},"end":{"line":219,"column":21}},"133":{"start":{"line":215,"column":24},"end":{"line":215,"column":44}},"134":{"start":{"line":218,"column":24},"end":{"line":218,"column":36}},"135":{"start":{"line":222,"column":20},"end":{"line":222,"column":32}},"136":{"start":{"line":225,"column":35},"end":{"line":225,"column":71}},"137":{"start":{"line":226,"column":43},"end":{"line":226,"column":87}},"138":{"start":{"line":226,"column":74},"end":{"line":226,"column":86}},"139":{"start":{"line":227,"column":12},"end":{"line":227,"column":59}},"140":{"start":{"line":230,"column":12},"end":{"line":230,"column":71}},"141":{"start":{"line":234,"column":8},"end":{"line":262,"column":9}},"142":{"start":{"line":235,"column":32},"end":{"line":235,"column":53}},"143":{"start":{"line":236,"column":12},"end":{"line":238,"column":13}},"144":{"start":{"line":237,"column":16},"end":{"line":237,"column":119}},"145":{"start":{"line":239,"column":27},"end":{"line":239,"column":36}},"146":{"start":{"line":240,"column":33},"end":{"line":240,"column":89}},"147":{"start":{"line":241,"column":12},"end":{"line":243,"column":13}},"148":{"start":{"line":242,"column":16},"end":{"line":242,"column":98}},"149":{"start":{"line":244,"column":35},"end":{"line":244,"column":89}},"150":{"start":{"line":245,"column":12},"end":{"line":247,"column":13}},"151":{"start":{"line":246,"column":16},"end":{"line":246,"column":93}},"152":{"start":{"line":248,"column":29},"end":{"line":248,"column":88}},"153":{"start":{"line":249,"column":12},"end":{"line":251,"column":13}},"154":{"start":{"line":250,"column":16},"end":{"line":250,"column":113}},"155":{"start":{"line":252,"column":31},"end":{"line":252,"column":88}},"156":{"start":{"line":253,"column":26},"end":{"line":253,"column":100}},"157":{"start":{"line":254,"column":27},"end":{"line":254,"column":81}},"158":{"start":{"line":255,"column":12},"end":{"line":257,"column":13}},"159":{"start":{"line":256,"column":16},"end":{"line":256,"column":91}},"160":{"start":{"line":258,"column":12},"end":{"line":258,"column":43}},"161":{"start":{"line":261,"column":12},"end":{"line":261,"column":98}},"162":{"start":{"line":265,"column":0},"end":{"line":265,"column":32}}},"fnMap":{"0":{"name":"(anonymous_0)","decl":{"start":{"line":2,"column":74},"end":{"line":2,"column":75}},"loc":{"start":{"line":2,"column":96},"end":{"line":9,"column":1}},"line":2},"1":{"name":"(anonymous_1)","decl":{"start":{"line":6,"column":38},"end":{"line":6,"column":39}},"loc":{"start":{"line":6,"column":49},"end":{"line":6,"column":65}},"line":6},"2":{"name":"(anonymous_2)","decl":{"start":{"line":9,"column":6},"end":{"line":9,"column":7}},"loc":{"start":{"line":9,"column":28},"end":{"line":12,"column":1}},"line":9},"3":{"name":"(anonymous_3)","decl":{"start":{"line":13,"column":80},"end":{"line":13,"column":81}},"loc":{"start":{"line":13,"column":95},"end":{"line":15,"column":1}},"line":13},"4":{"name":"(anonymous_4)","decl":{"start":{"line":15,"column":5},"end":{"line":15,"column":6}},"loc":{"start":{"line":15,"column":20},"end":{"line":17,"column":1}},"line":15},"5":{"name":"(anonymous_5)","decl":{"start":{"line":18,"column":50},"end":{"line":18,"column":51}},"loc":{"start":{"line":18,"column":65},"end":{"line":24,"column":1}},"line":18},"6":{"name":"(anonymous_6)","decl":{"start":{"line":25,"column":56},"end":{"line":25,"column":57}},"loc":{"start":{"line":25,"column":71},"end":{"line":27,"column":1}},"line":25},"7":{"name":"(anonymous_7)","decl":{"start":{"line":38,"column":4},"end":{"line":38,"column":5}},"loc":{"start":{"line":38,"column":18},"end":{"line":41,"column":5}},"line":38},"8":{"name":"(anonymous_8)","decl":{"start":{"line":42,"column":4},"end":{"line":42,"column":5}},"loc":{"start":{"line":42,"column":40},"end":{"line":92,"column":5}},"line":42},"9":{"name":"(anonymous_9)","decl":{"start":{"line":56,"column":66},"end":{"line":56,"column":67}},"loc":{"start":{"line":56,"column":86},"end":{"line":81,"column":9}},"line":56},"10":{"name":"(anonymous_10)","decl":{"start":{"line":93,"column":4},"end":{"line":93,"column":5}},"loc":{"start":{"line":93,"column":38},"end":{"line":98,"column":5}},"line":93},"11":{"name":"(anonymous_11)","decl":{"start":{"line":99,"column":4},"end":{"line":99,"column":5}},"loc":{"start":{"line":99,"column":44},"end":{"line":110,"column":5}},"line":99},"12":{"name":"(anonymous_12)","decl":{"start":{"line":111,"column":4},"end":{"line":111,"column":5}},"loc":{"start":{"line":111,"column":47},"end":{"line":130,"column":5}},"line":111},"13":{"name":"(anonymous_13)","decl":{"start":{"line":121,"column":74},"end":{"line":121,"column":75}},"loc":{"start":{"line":121,"column":80},"end":{"line":121,"column":85}},"line":121},"14":{"name":"(anonymous_14)","decl":{"start":{"line":131,"column":4},"end":{"line":131,"column":5}},"loc":{"start":{"line":131,"column":24},"end":{"line":135,"column":5}},"line":131},"15":{"name":"(anonymous_15)","decl":{"start":{"line":136,"column":4},"end":{"line":136,"column":5}},"loc":{"start":{"line":136,"column":30},"end":{"line":140,"column":5}},"line":136},"16":{"name":"(anonymous_16)","decl":{"start":{"line":141,"column":4},"end":{"line":141,"column":5}},"loc":{"start":{"line":141,"column":20},"end":{"line":148,"column":5}},"line":141},"17":{"name":"(anonymous_17)","decl":{"start":{"line":149,"column":4},"end":{"line":149,"column":5}},"loc":{"start":{"line":149,"column":32},"end":{"line":183,"column":5}},"line":149},"18":{"name":"(anonymous_18)","decl":{"start":{"line":157,"column":66},"end":{"line":157,"column":67}},"loc":{"start":{"line":157,"column":86},"end":{"line":177,"column":9}},"line":157},"19":{"name":"(anonymous_19)","decl":{"start":{"line":184,"column":4},"end":{"line":184,"column":5}},"loc":{"start":{"line":184,"column":39},"end":{"line":186,"column":5}},"line":184},"20":{"name":"(anonymous_20)","decl":{"start":{"line":187,"column":4},"end":{"line":187,"column":5}},"loc":{"start":{"line":187,"column":28},"end":{"line":202,"column":5}},"line":187},"21":{"name":"(anonymous_21)","decl":{"start":{"line":196,"column":53},"end":{"line":196,"column":54}},"loc":{"start":{"line":196,"column":68},"end":{"line":196,"column":84}},"line":196},"22":{"name":"(anonymous_22)","decl":{"start":{"line":203,"column":4},"end":{"line":203,"column":5}},"loc":{"start":{"line":203,"column":25},"end":{"line":232,"column":5}},"line":203},"23":{"name":"(anonymous_23)","decl":{"start":{"line":209,"column":58},"end":{"line":209,"column":59}},"loc":{"start":{"line":209,"column":72},"end":{"line":224,"column":13}},"line":209},"24":{"name":"(anonymous_24)","decl":{"start":{"line":226,"column":65},"end":{"line":226,"column":66}},"loc":{"start":{"line":226,"column":74},"end":{"line":226,"column":86}},"line":226},"25":{"name":"(anonymous_25)","decl":{"start":{"line":233,"column":4},"end":{"line":233,"column":5}},"loc":{"start":{"line":233,"column":30},"end":{"line":263,"column":5}},"line":233}},"branchMap":{"0":{"loc":{"start":{"line":2,"column":22},"end":{"line":12,"column":3}},"type":"binary-expr","locations":[{"start":{"line":2,"column":23},"end":{"line":2,"column":27}},{"start":{"line":2,"column":31},"end":{"line":2,"column":51}},{"start":{"line":2,"column":57},"end":{"line":12,"column":2}}],"line":2},"1":{"loc":{"start":{"line":2,"column":57},"end":{"line":12,"column":2}},"type":"cond-expr","locations":[{"start":{"line":2,"column":74},"end":{"line":9,"column":1}},{"start":{"line":9,"column":6},"end":{"line":12,"column":1}}],"line":2},"2":{"loc":{"start":{"line":3,"column":4},"end":{"line":3,"column":33}},"type":"if","locations":[{"start":{"line":3,"column":4},"end":{"line":3,"column":33}},{"start":{"line":3,"column":4},"end":{"line":3,"column":33}}],"line":3},"3":{"loc":{"start":{"line":5,"column":4},"end":{"line":7,"column":5}},"type":"if","locations":[{"start":{"line":5,"column":4},"end":{"line":7,"column":5}},{"start":{"line":5,"column":4},"end":{"line":7,"column":5}}],"line":5},"4":{"loc":{"start":{"line":5,"column":8},"end":{"line":5,"column":85}},"type":"binary-expr","locations":[{"start":{"line":5,"column":8},"end":{"line":5,"column":13}},{"start":{"line":5,"column":18},"end":{"line":5,"column":84}}],"line":5},"5":{"loc":{"start":{"line":5,"column":18},"end":{"line":5,"column":84}},"type":"cond-expr","locations":[{"start":{"line":5,"column":34},"end":{"line":5,"column":47}},{"start":{"line":5,"column":50},"end":{"line":5,"column":84}}],"line":5},"6":{"loc":{"start":{"line":5,"column":50},"end":{"line":5,"column":84}},"type":"binary-expr","locations":[{"start":{"line":5,"column":50},"end":{"line":5,"column":63}},{"start":{"line":5,"column":67},"end":{"line":5,"column":84}}],"line":5},"7":{"loc":{"start":{"line":10,"column":4},"end":{"line":10,"column":33}},"type":"if","locations":[{"start":{"line":10,"column":4},"end":{"line":10,"column":33}},{"start":{"line":10,"column":4},"end":{"line":10,"column":33}}],"line":10},"8":{"loc":{"start":{"line":13,"column":25},"end":{"line":17,"column":2}},"type":"binary-expr","locations":[{"start":{"line":13,"column":26},"end":{"line":13,"column":30}},{"start":{"line":13,"column":34},"end":{"line":13,"column":57}},{"start":{"line":13,"column":63},"end":{"line":17,"column":1}}],"line":13},"9":{"loc":{"start":{"line":13,"column":63},"end":{"line":17,"column":1}},"type":"cond-expr","locations":[{"start":{"line":13,"column":80},"end":{"line":15,"column":1}},{"start":{"line":15,"column":5},"end":{"line":17,"column":1}}],"line":13},"10":{"loc":{"start":{"line":18,"column":19},"end":{"line":24,"column":1}},"type":"binary-expr","locations":[{"start":{"line":18,"column":20},"end":{"line":18,"column":24}},{"start":{"line":18,"column":28},"end":{"line":18,"column":45}},{"start":{"line":18,"column":50},"end":{"line":24,"column":1}}],"line":18},"11":{"loc":{"start":{"line":19,"column":4},"end":{"line":19,"column":42}},"type":"if","locations":[{"start":{"line":19,"column":4},"end":{"line":19,"column":42}},{"start":{"line":19,"column":4},"end":{"line":19,"column":42}}],"line":19},"12":{"loc":{"start":{"line":19,"column":8},"end":{"line":19,"column":29}},"type":"binary-expr","locations":[{"start":{"line":19,"column":8},"end":{"line":19,"column":11}},{"start":{"line":19,"column":15},"end":{"line":19,"column":29}}],"line":19},"13":{"loc":{"start":{"line":21,"column":4},"end":{"line":21,"column":141}},"type":"if","locations":[{"start":{"line":21,"column":4},"end":{"line":21,"column":141}},{"start":{"line":21,"column":4},"end":{"line":21,"column":141}}],"line":21},"14":{"loc":{"start":{"line":21,"column":40},"end":{"line":21,"column":141}},"type":"if","locations":[{"start":{"line":21,"column":40},"end":{"line":21,"column":141}},{"start":{"line":21,"column":40},"end":{"line":21,"column":141}}],"line":21},"15":{"loc":{"start":{"line":21,"column":44},"end":{"line":21,"column":107}},"type":"binary-expr","locations":[{"start":{"line":21,"column":44},"end":{"line":21,"column":59}},{"start":{"line":21,"column":63},"end":{"line":21,"column":107}}],"line":21},"16":{"loc":{"start":{"line":25,"column":22},"end":{"line":27,"column":1}},"type":"binary-expr","locations":[{"start":{"line":25,"column":23},"end":{"line":25,"column":27}},{"start":{"line":25,"column":31},"end":{"line":25,"column":51}},{"start":{"line":25,"column":56},"end":{"line":27,"column":1}}],"line":25},"17":{"loc":{"start":{"line":26,"column":11},"end":{"line":26,"column":61}},"type":"cond-expr","locations":[{"start":{"line":26,"column":37},"end":{"line":26,"column":40}},{"start":{"line":26,"column":43},"end":{"line":26,"column":61}}],"line":26},"18":{"loc":{"start":{"line":26,"column":12},"end":{"line":26,"column":33}},"type":"binary-expr","locations":[{"start":{"line":26,"column":12},"end":{"line":26,"column":15}},{"start":{"line":26,"column":19},"end":{"line":26,"column":33}}],"line":26},"19":{"loc":{"start":{"line":43,"column":8},"end":{"line":45,"column":9}},"type":"if","locations":[{"start":{"line":43,"column":8},"end":{"line":45,"column":9}},{"start":{"line":43,"column":8},"end":{"line":45,"column":9}}],"line":43},"20":{"loc":{"start":{"line":49,"column":8},"end":{"line":51,"column":9}},"type":"if","locations":[{"start":{"line":49,"column":8},"end":{"line":51,"column":9}},{"start":{"line":49,"column":8},"end":{"line":51,"column":9}}],"line":49},"21":{"loc":{"start":{"line":52,"column":8},"end":{"line":54,"column":9}},"type":"if","locations":[{"start":{"line":52,"column":8},"end":{"line":54,"column":9}},{"start":{"line":52,"column":8},"end":{"line":54,"column":9}}],"line":52},"22":{"loc":{"start":{"line":57,"column":12},"end":{"line":59,"column":13}},"type":"if","locations":[{"start":{"line":57,"column":12},"end":{"line":59,"column":13}},{"start":{"line":57,"column":12},"end":{"line":59,"column":13}}],"line":57},"23":{"loc":{"start":{"line":64,"column":16},"end":{"line":71,"column":17}},"type":"if","locations":[{"start":{"line":64,"column":16},"end":{"line":71,"column":17}},{"start":{"line":64,"column":16},"end":{"line":71,"column":17}}],"line":64},"24":{"loc":{"start":{"line":64,"column":20},"end":{"line":64,"column":102}},"type":"binary-expr","locations":[{"start":{"line":64,"column":20},"end":{"line":64,"column":36}},{"start":{"line":64,"column":40},"end":{"line":64,"column":71}},{"start":{"line":64,"column":75},"end":{"line":64,"column":102}}],"line":64},"25":{"loc":{"start":{"line":66,"column":24},"end":{"line":69,"column":25}},"type":"if","locations":[{"start":{"line":66,"column":24},"end":{"line":69,"column":25}},{"start":{"line":66,"column":24},"end":{"line":69,"column":25}}],"line":66},"26":{"loc":{"start":{"line":74,"column":16},"end":{"line":79,"column":17}},"type":"if","locations":[{"start":{"line":74,"column":16},"end":{"line":79,"column":17}},{"start":{"line":74,"column":16},"end":{"line":79,"column":17}}],"line":74},"27":{"loc":{"start":{"line":83,"column":8},"end":{"line":89,"column":9}},"type":"if","locations":[{"start":{"line":83,"column":8},"end":{"line":89,"column":9}},{"start":{"line":83,"column":8},"end":{"line":89,"column":9}}],"line":83},"28":{"loc":{"start":{"line":94,"column":16},"end":{"line":97,"column":40}},"type":"binary-expr","locations":[{"start":{"line":94,"column":16},"end":{"line":94,"column":36}},{"start":{"line":95,"column":12},"end":{"line":95,"column":42}},{"start":{"line":96,"column":12},"end":{"line":96,"column":36}},{"start":{"line":97,"column":12},"end":{"line":97,"column":40}}],"line":94},"29":{"loc":{"start":{"line":100,"column":16},"end":{"line":109,"column":45}},"type":"binary-expr","locations":[{"start":{"line":100,"column":16},"end":{"line":100,"column":46}},{"start":{"line":101,"column":12},"end":{"line":101,"column":46}},{"start":{"line":102,"column":12},"end":{"line":102,"column":45}},{"start":{"line":103,"column":12},"end":{"line":103,"column":49}},{"start":{"line":104,"column":12},"end":{"line":104,"column":47}},{"start":{"line":105,"column":12},"end":{"line":105,"column":44}},{"start":{"line":106,"column":12},"end":{"line":106,"column":43}},{"start":{"line":107,"column":12},"end":{"line":107,"column":44}},{"start":{"line":108,"column":12},"end":{"line":108,"column":44}},{"start":{"line":109,"column":12},"end":{"line":109,"column":45}}],"line":100},"30":{"loc":{"start":{"line":122,"column":12},"end":{"line":124,"column":13}},"type":"if","locations":[{"start":{"line":122,"column":12},"end":{"line":124,"column":13}},{"start":{"line":122,"column":12},"end":{"line":124,"column":13}}],"line":122},"31":{"loc":{"start":{"line":132,"column":8},"end":{"line":134,"column":9}},"type":"if","locations":[{"start":{"line":132,"column":8},"end":{"line":134,"column":9}},{"start":{"line":132,"column":8},"end":{"line":134,"column":9}}],"line":132},"32":{"loc":{"start":{"line":137,"column":8},"end":{"line":139,"column":9}},"type":"if","locations":[{"start":{"line":137,"column":8},"end":{"line":139,"column":9}},{"start":{"line":137,"column":8},"end":{"line":139,"column":9}}],"line":137},"33":{"loc":{"start":{"line":137,"column":12},"end":{"line":137,"column":48}},"type":"binary-expr","locations":[{"start":{"line":137,"column":13},"end":{"line":137,"column":29}},{"start":{"line":137,"column":34},"end":{"line":137,"column":48}}],"line":137},"34":{"loc":{"start":{"line":142,"column":8},"end":{"line":144,"column":9}},"type":"if","locations":[{"start":{"line":142,"column":8},"end":{"line":144,"column":9}},{"start":{"line":142,"column":8},"end":{"line":144,"column":9}}],"line":142},"35":{"loc":{"start":{"line":145,"column":8},"end":{"line":147,"column":9}},"type":"if","locations":[{"start":{"line":145,"column":8},"end":{"line":147,"column":9}},{"start":{"line":145,"column":8},"end":{"line":147,"column":9}}],"line":145},"36":{"loc":{"start":{"line":145,"column":12},"end":{"line":145,"column":54}},"type":"binary-expr","locations":[{"start":{"line":145,"column":12},"end":{"line":145,"column":28}},{"start":{"line":145,"column":32},"end":{"line":145,"column":54}}],"line":145},"37":{"loc":{"start":{"line":153,"column":8},"end":{"line":155,"column":9}},"type":"if","locations":[{"start":{"line":153,"column":8},"end":{"line":155,"column":9}},{"start":{"line":153,"column":8},"end":{"line":155,"column":9}}],"line":153},"38":{"loc":{"start":{"line":162,"column":16},"end":{"line":170,"column":17}},"type":"if","locations":[{"start":{"line":162,"column":16},"end":{"line":170,"column":17}},{"start":{"line":162,"column":16},"end":{"line":170,"column":17}}],"line":162},"39":{"loc":{"start":{"line":162,"column":20},"end":{"line":162,"column":102}},"type":"binary-expr","locations":[{"start":{"line":162,"column":20},"end":{"line":162,"column":36}},{"start":{"line":162,"column":40},"end":{"line":162,"column":71}},{"start":{"line":162,"column":75},"end":{"line":162,"column":102}}],"line":162},"40":{"loc":{"start":{"line":164,"column":24},"end":{"line":166,"column":25}},"type":"if","locations":[{"start":{"line":164,"column":24},"end":{"line":166,"column":25}},{"start":{"line":164,"column":24},"end":{"line":166,"column":25}}],"line":164},"41":{"loc":{"start":{"line":173,"column":16},"end":{"line":175,"column":17}},"type":"if","locations":[{"start":{"line":173,"column":16},"end":{"line":175,"column":17}},{"start":{"line":173,"column":16},"end":{"line":175,"column":17}}],"line":173},"42":{"loc":{"start":{"line":179,"column":8},"end":{"line":181,"column":9}},"type":"if","locations":[{"start":{"line":179,"column":8},"end":{"line":181,"column":9}},{"start":{"line":179,"column":8},"end":{"line":181,"column":9}}],"line":179},"43":{"loc":{"start":{"line":188,"column":8},"end":{"line":190,"column":9}},"type":"if","locations":[{"start":{"line":188,"column":8},"end":{"line":190,"column":9}},{"start":{"line":188,"column":8},"end":{"line":190,"column":9}}],"line":188},"44":{"loc":{"start":{"line":191,"column":8},"end":{"line":193,"column":9}},"type":"if","locations":[{"start":{"line":191,"column":8},"end":{"line":193,"column":9}},{"start":{"line":191,"column":8},"end":{"line":193,"column":9}}],"line":191},"45":{"loc":{"start":{"line":205,"column":12},"end":{"line":207,"column":13}},"type":"if","locations":[{"start":{"line":205,"column":12},"end":{"line":207,"column":13}},{"start":{"line":205,"column":12},"end":{"line":207,"column":13}}],"line":205},"46":{"loc":{"start":{"line":214,"column":20},"end":{"line":219,"column":21}},"type":"if","locations":[{"start":{"line":214,"column":20},"end":{"line":219,"column":21}},{"start":{"line":214,"column":20},"end":{"line":219,"column":21}}],"line":214},"47":{"loc":{"start":{"line":214,"column":24},"end":{"line":214,"column":72}},"type":"binary-expr","locations":[{"start":{"line":214,"column":24},"end":{"line":214,"column":48}},{"start":{"line":214,"column":52},"end":{"line":214,"column":72}}],"line":214},"48":{"loc":{"start":{"line":236,"column":12},"end":{"line":238,"column":13}},"type":"if","locations":[{"start":{"line":236,"column":12},"end":{"line":238,"column":13}},{"start":{"line":236,"column":12},"end":{"line":238,"column":13}}],"line":236},"49":{"loc":{"start":{"line":236,"column":16},"end":{"line":236,"column":46}},"type":"binary-expr","locations":[{"start":{"line":236,"column":16},"end":{"line":236,"column":28}},{"start":{"line":236,"column":32},"end":{"line":236,"column":46}}],"line":236},"50":{"loc":{"start":{"line":241,"column":12},"end":{"line":243,"column":13}},"type":"if","locations":[{"start":{"line":241,"column":12},"end":{"line":243,"column":13}},{"start":{"line":241,"column":12},"end":{"line":243,"column":13}}],"line":241},"51":{"loc":{"start":{"line":245,"column":12},"end":{"line":247,"column":13}},"type":"if","locations":[{"start":{"line":245,"column":12},"end":{"line":247,"column":13}},{"start":{"line":245,"column":12},"end":{"line":247,"column":13}}],"line":245},"52":{"loc":{"start":{"line":249,"column":12},"end":{"line":251,"column":13}},"type":"if","locations":[{"start":{"line":249,"column":12},"end":{"line":251,"column":13}},{"start":{"line":249,"column":12},"end":{"line":251,"column":13}}],"line":249},"53":{"loc":{"start":{"line":255,"column":12},"end":{"line":257,"column":13}},"type":"if","locations":[{"start":{"line":255,"column":12},"end":{"line":257,"column":13}},{"start":{"line":255,"column":12},"end":{"line":257,"column":13}}],"line":255}},"s":{"0":1,"1":148,"2":148,"3":148,"4":148,"5":148,"6":34,"7":148,"8":0,"9":0,"10":0,"11":1,"12":1,"13":0,"14":1,"15":1,"16":0,"17":1,"18":1,"19":1,"20":148,"21":148,"22":1,"23":1,"24":1,"25":2,"26":1,"27":1,"28":1,"29":1,"30":1,"31":1,"32":1,"33":25,"34":25,"35":25,"36":24,"37":10,"38":14,"39":14,"40":14,"41":14,"42":0,"43":14,"44":1,"45":13,"46":13,"47":5995,"48":1,"49":5994,"50":5994,"51":5994,"52":5994,"53":5981,"54":3625,"55":3625,"56":3625,"57":3625,"58":13,"59":13,"60":0,"61":13,"62":12,"63":2,"64":10,"65":10,"66":10,"67":10,"68":24,"69":3625,"70":10,"71":10,"72":10,"73":10,"74":10,"75":10,"76":7,"77":10,"78":7,"79":10,"80":0,"81":17,"82":2,"83":19,"84":2,"85":30,"86":4,"87":26,"88":4,"89":10,"90":10,"91":10,"92":10,"93":0,"94":10,"95":10,"96":5990,"97":5990,"98":5990,"99":5990,"100":5980,"101":3625,"102":67375,"103":25008,"104":67375,"105":67375,"106":10,"107":0,"108":10,"109":10,"110":0,"111":10,"112":67375,"113":6,"114":3,"115":3,"116":1,"117":2,"118":2,"119":2,"120":2,"121":2,"122":0,"123":3,"124":3,"125":1,"126":2,"127":2,"128":5,"129":5,"130":5,"131":5,"132":5,"133":5,"134":0,"135":0,"136":2,"137":2,"138":5,"139":2,"140":0,"141":22,"142":22,"143":22,"144":4,"145":18,"146":18,"147":18,"148":4,"149":14,"150":14,"151":3,"152":11,"153":11,"154":1,"155":10,"156":10,"157":10,"158":10,"159":1,"160":9,"161":0,"162":1},"f":{"0":148,"1":34,"2":0,"3":1,"4":0,"5":1,"6":2,"7":25,"8":24,"9":5995,"10":24,"11":3625,"12":10,"13":7,"14":17,"15":19,"16":30,"17":10,"18":5990,"19":67375,"20":6,"21":2,"22":3,"23":5,"24":5,"25":22},"b":{"0":[1,1,1],"1":[1,0],"2":[148,0],"3":[148,0],"4":[148,148],"5":[0,148],"6":[148,0],"7":[0,0],"8":[1,1,1],"9":[1,0],"10":[1,1,1],"11":[0,1],"12":[1,1],"13":[1,0],"14":[148,0],"15":[148,148],"16":[1,1,1],"17":[0,2],"18":[2,2],"19":[10,14],"20":[0,14],"21":[1,13],"22":[1,5994],"23":[3625,2356],"24":[5981,5981,5981],"25":[3625,0],"26":[13,0],"27":[2,10],"28":[24,19,17,15],"29":[3625,3625,3625,3625,3625,3625,3625,3625,3625,3625],"30":[7,3],"31":[2,15],"32":[2,17],"33":[19,19],"34":[4,26],"35":[4,22],"36":[26,24],"37":[0,10],"38":[3625,2355],"39":[5980,5980,5980],"40":[25008,42367],"41":[0,10],"42":[0,10],"43":[3,3],"44":[1,2],"45":[1,2],"46":[5,0],"47":[5,5],"48":[4,18],"49":[22,18],"50":[4,14],"51":[3,11],"52":[1,10],"53":[1,9]},"inputSourceMap":{"version":3,"file":"/Users/rishishukla/Desktop/project_team067/src/controller/InsightFacade.ts","sources":["/Users/rishishukla/Desktop/project_team067/src/controller/InsightFacade.ts"],"names":[],"mappings":";;;;;;;;;;;;;;;;;;;;;;;;;;;;AAAA,kDAA0B;AAC1B,qDAO0B;AAC1B,uCAAkC;AAClC,6CAA+B;AAC/B,0DAA6B;AAC7B,qCAAqC;AAMrC,MAAqB,aAAa;IAEzB,UAAU,GAAa,EAAE,CAAC;IAC1B,WAAW,CAAc;IAEjC;QACC,IAAI,CAAC,WAAW,GAAG,IAAI,oBAAW,EAAE,CAAC;QACrC,OAAO,CAAC,GAAG,CAAC,2BAA2B,CAAC,CAAC;IAC1C,CAAC;IAUM,KAAK,CAAC,UAAU,CAAC,EAAU,EAAE,OAAe,EAAE,IAAwB;QAC5E,IAAI,IAAI,CAAC,cAAc,CAAC,EAAE,EAAE,OAAO,EAAE,IAAI,CAAC,EAAE;YAC3C,OAAO,OAAO,CAAC,MAAM,CAAC,IAAI,6BAAY,CAAC,OAAO,CAAC,CAAC,CAAC;SACjD;QAED,MAAM,GAAG,GAAG,IAAI,eAAK,EAAE,CAAC;QACxB,MAAM,cAAc,GAAG,MAAM,GAAG,CAAC,SAAS,CAAC,OAAO,EAAE,EAAC,MAAM,EAAE,IAAI,EAAC,CAAC,CAAC;QACpE,MAAM,aAAa,GAAG,cAAc,CAAC,MAAM,CAAC,SAAS,CAAC,CAAC;QACvD,IAAI,aAAa,KAAK,IAAI,EAAE;YAC3B,OAAO,OAAO,CAAC,MAAM,CAAE,IAAI,6BAAY,CAAC,4CAA4C,CAAC,CAAC,CAAC;SACvF;QACD,IAAI,MAAM,CAAC,IAAI,CAAC,aAAa,CAAC,KAAK,CAAC,CAAC,CAAC,CAAC,KAAK,UAAU,EAAE;YACvD,OAAO,OAAO,CAAC,MAAM,CAAC,IAAI,6BAAY,CAAC,mCAAmC,CAAC,CAAC,CAAC;SAC7E;QACD,IAAI,YAAY,GAAG,KAAK,CAAC;QACzB,MAAM,YAAY,GAAG,MAAM,CAAC,IAAI,CAAC,aAAa,CAAC,KAAK,CAAC,CAAC,GAAG,CAAC,KAAK,EAAE,QAAQ,EAAE,EAAE;YAC5E,IAAI,CAAC,QAAQ,CAAC,UAAU,CAAC,UAAU,CAAC,EAAE;gBACrC,OAAO,OAAO,CAAC,MAAM,CAAC,IAAI,6BAAY,CAAC,oBAAoB,CAAC,CAAC,CAAC;aAC9D;YACD,MAAM,SAAS,GAAG,aAAa,CAAC,KAAK,CAAC,QAAQ,CAAC,CAAC;YAChD,IAAI,WAAW,GAAG,MAAM,aAAa,CAAC,KAAK,CAAC,QAAQ,CAAC,CAAC,KAAK,CAAC,QAAQ,CAAC,CAAC;YACtE,IAAI;gBACH,MAAM,SAAS,GAAG,MAAM,IAAI,CAAC,KAAK,CAAC,WAAW,CAAC,CAAC;gBAChD,IAAI,SAAS,CAAC,MAAM,IAAI,KAAK,CAAC,OAAO,CAAC,SAAS,CAAC,MAAM,CAAC,IAAI,SAAS,CAAC,MAAM,CAAC,MAAM,GAAG,CAAC,EAAE;oBACvF,KAAK,MAAM,OAAO,IAAI,SAAS,CAAC,MAAM,EAAE;wBACvC,IAAI,IAAI,CAAC,8BAA8B,CAAC,OAAO,CAAC,EAAE;4BACjD,YAAY,GAAG,IAAI,CAAC;4BACpB,MAAM;yBACN;qBACD;iBACD;aACD;YAAC,OAAO,KAAK,EAAE;gBACf,IAAI,SAAS,CAAC,GAAG,EAAE;oBAClB,YAAY,GAAG,KAAK,CAAC;iBACrB;qBAAM;oBACN,OAAO,OAAO,CAAC,MAAM,CAAC,IAAI,6BAAY,CAAC,2CAA2C,CAAC,CAAC,CAAC;iBACrF;aACD;QACF,CAAC,CAAC,CAAC;QAEH,MAAM,OAAO,CAAC,GAAG,CAAC,YAAY,CAAC,CAAC;QAEhC,IAAI,CAAC,YAAY,EAAE;YAClB,OAAO,OAAO,CAAC,MAAM,CAAC,IAAI,6BAAY,CAAC,6CAA6C,CAAC,CAAC,CAAC;SACvF;aAAM;YACN,IAAI,YAAY,GAAU,MAAM,IAAI,CAAC,QAAQ,CAAC,EAAE,EAAE,OAAO,CAAC,CAAC;YAC3D,MAAM,IAAI,CAAC,kBAAkB,CAAC,EAAE,EAAE,YAAY,CAAC,CAAC;SAChD;QACD,IAAI,CAAC,UAAU,CAAC,IAAI,CAAC,EAAE,CAAC,CAAC;QACzB,OAAO,OAAO,CAAC,OAAO,CAAC,IAAI,CAAC,UAAU,CAAC,CAAC;IACzC,CAAC;IAEO,cAAc,CAAC,EAAU,EAAE,OAAe,EAAE,IAAwB;QAC3E,OAAO,CACN,IAAI,CAAC,WAAW,CAAC,EAAE,CAAC;YACpB,IAAI,CAAC,gBAAgB,CAAC,OAAO,CAAC;YAC9B,IAAI,CAAC,aAAa,CAAC,IAAI,CAAC;YACxB,IAAI,CAAC,UAAU,CAAC,QAAQ,CAAC,EAAE,CAAC,CAC5B,CAAC;IACH,CAAC;IAEO,8BAA8B,CAAC,OAAY;QAClD,OAAO,CACN,OAAO,OAAO,CAAC,EAAE,KAAK,QAAQ;YAC9B,OAAO,OAAO,CAAC,MAAM,KAAK,QAAQ;YAClC,OAAO,OAAO,CAAC,KAAK,KAAK,QAAQ;YACjC,OAAO,OAAO,CAAC,SAAS,KAAK,QAAQ;YACrC,OAAO,OAAO,CAAC,OAAO,KAAK,QAAQ;YACnC,OAAO,OAAO,CAAC,IAAI,KAAK,QAAQ;YAChC,OAAO,OAAO,CAAC,GAAG,KAAK,QAAQ;YAC/B,OAAO,OAAO,CAAC,IAAI,KAAK,QAAQ;YAChC,OAAO,OAAO,CAAC,IAAI,KAAK,QAAQ;YAChC,OAAO,OAAO,CAAC,KAAK,KAAK,QAAQ,CACjC,CAAC;IACH,CAAC;IAGO,KAAK,CAAC,kBAAkB,CAAC,EAAU,EAAE,YAAmB;QAC/D,MAAM,aAAa,GAAmB;YACrC,EAAE,EAAE,EAAE;YACN,IAAI,EAAE,mCAAkB,CAAC,QAAQ;YACjC,OAAO,EAAE,YAAY,CAAC,MAAM;SAC5B,CAAC;QAEF,YAAY,CAAC,OAAO,CAAC,aAAa,CAAC,CAAC;QAEpC,MAAM,UAAU,GAAG,IAAI,CAAC,SAAS,CAAC,YAAY,EAAE,IAAI,EAAE,CAAC,CAAC,CAAC;QACzD,MAAM,QAAQ,GAAG,QAAQ,EAAE,OAAO,CAAC;QAEnC,IAAI;YAEH,MAAM,gBAAgB,GAAG,MAAM,EAAE,CAAC,QAAQ,CAAC,IAAI,CAAC,MAAM,CAAC,CAAC,KAAK,CAAC,GAAG,EAAE,CAAC,KAAK,CAAC,CAAC;YAC3E,IAAI,CAAC,gBAAgB,EAAE;gBACtB,MAAM,EAAE,CAAC,QAAQ,CAAC,KAAK,CAAC,MAAM,CAAC,CAAC;aAChC;YACD,MAAM,EAAE,CAAC,QAAQ,CAAC,SAAS,CAAC,QAAQ,EAAE,UAAU,CAAC,CAAC;SAClD;QAAC,OAAO,KAAK,EAAE;YACf,OAAO,OAAO,CAAC,MAAM,CAAC,IAAI,6BAAY,CAAC,qBAAqB,CAAC,CAAC,CAAC;SAC/D;IACF,CAAC;IAEO,aAAa,CAAC,IAAwB;QAC7C,IAAI,IAAI,KAAK,mCAAkB,CAAC,QAAQ,EAAC;YACxC,OAAO,IAAI,CAAC;SACZ;IACF,CAAC;IAEO,gBAAgB,CAAC,OAAe;QACvC,IAAI,CAAC,OAAO,KAAK,IAAI,CAAC,IAAI,OAAO,KAAK,EAAE,EAAE;YACzC,OAAO,IAAI,CAAC;SACZ;IACF,CAAC;IAEO,WAAW,CAAC,EAAU;QAC7B,IAAI,CAAC,EAAE,EAAG;YACT,OAAO,IAAI,CAAC;SACZ;QACD,IAAI,EAAE,CAAC,QAAQ,CAAC,GAAG,CAAC,IAAI,EAAE,CAAC,IAAI,EAAE,CAAC,MAAM,KAAK,CAAC,EAAE;YAC/C,OAAO,IAAI,CAAC;SACZ;IACF,CAAC;IAEO,KAAK,CAAC,QAAQ,CAAC,EAAU,EAAE,OAAe;QAEjD,MAAM,GAAG,GAAG,IAAI,eAAK,EAAE,CAAC;QACxB,MAAM,cAAc,GAAG,MAAM,GAAG,CAAC,SAAS,CAAC,OAAO,EAAE,EAAC,MAAM,EAAE,IAAI,EAAC,CAAC,CAAC;QACpE,MAAM,aAAa,GAAG,cAAc,CAAC,MAAM,CAAC,SAAS,CAAC,CAAC;QACvD,IAAI,aAAa,KAAK,IAAI,EAAE;YAC3B,MAAM,IAAI,6BAAY,CAAC,4CAA4C,CAAC,CAAC;SACrE;QACD,MAAM,YAAY,GAAc,EAAE,CAAC;QACnC,MAAM,YAAY,GAAG,MAAM,CAAC,IAAI,CAAC,aAAa,CAAC,KAAK,CAAC,CAAC,GAAG,CAAC,KAAK,EAAE,QAAQ,EAAE,EAAE;YAC5E,MAAM,SAAS,GAAG,aAAa,CAAC,KAAK,CAAC,QAAQ,CAAC,CAAC;YAChD,IAAI,WAAW,GAAG,MAAM,SAAS,CAAC,KAAK,CAAC,QAAQ,CAAC,CAAC;YAClD,IAAI;gBACH,IAAI,SAAS,GAAG,IAAI,CAAC,KAAK,CAAC,WAAW,CAAC,CAAC;gBACxC,IAAI,SAAS,CAAC,MAAM,IAAI,KAAK,CAAC,OAAO,CAAC,SAAS,CAAC,MAAM,CAAC,IAAI,SAAS,CAAC,MAAM,CAAC,MAAM,GAAG,CAAC,EAAE;oBACvF,KAAK,MAAM,WAAW,IAAI,SAAS,CAAC,MAAM,EAAE;wBAC3C,IAAI,WAAW,CAAC,OAAO,KAAK,SAAS,EAAE;4BACtC,WAAW,CAAC,IAAI,GAAG,MAAM,CAAC;yBAC1B;wBAED,MAAM,UAAU,GAAG,IAAI,CAAC,qBAAqB,CAAC,WAAW,CAAC,CAAC;wBAC3D,YAAY,CAAC,IAAI,CAAC,UAAU,CAAC,CAAC;qBAC9B;iBACD;aACD;YAAC,OAAO,KAAK,EAAE;gBACf,IAAI,CAAC,SAAS,CAAC,GAAG,EAAE;oBACnB,OAAO,OAAO,CAAC,MAAM,CAAC,IAAI,6BAAY,CAAC,yCAAyC,CAAC,CAAC,CAAC;iBACnF;aACD;QACF,CAAC,CAAC,CAAC;QAEH,MAAM,OAAO,CAAC,GAAG,CAAC,YAAY,CAAC,CAAC;QAEhC,IAAI,YAAY,CAAC,MAAM,KAAK,CAAC,EAAE;YAC9B,OAAO,OAAO,CAAC,MAAM,CAAE,IAAI,6BAAY,CAAC,2CAA2C,CAAC,CAAC,CAAC;SACtF;QAED,OAAO,YAAY,CAAC;IACrB,CAAC;IAEO,qBAAqB,CAAC,WAAgB;QAE7C,OAAO,IAAI,iBAAO,CACjB,MAAM,CAAC,WAAW,CAAC,EAAE,CAAC,EACtB,WAAW,CAAC,MAAM,EAClB,WAAW,CAAC,KAAK,EACjB,WAAW,CAAC,SAAS,EACrB,WAAW,CAAC,OAAO,EACnB,MAAM,CAAC,WAAW,CAAC,IAAI,CAAC,EACxB,WAAW,CAAC,GAAG,EACf,WAAW,CAAC,IAAI,EAChB,WAAW,CAAC,IAAI,EAChB,WAAW,CAAC,KAAK,CACjB,CAAC;IACH,CAAC;IAEM,KAAK,CAAC,aAAa,CAAC,EAAU;QAEpC,IAAI,IAAI,CAAC,WAAW,CAAC,EAAE,CAAC,EAAE;YACzB,OAAO,OAAO,CAAC,MAAM,CAAC,IAAI,6BAAY,CAAC,YAAY,CAAC,CAAC,CAAC;SACtD;QAED,IAAI,CAAC,IAAI,CAAC,UAAU,CAAC,QAAQ,CAAC,EAAE,CAAC,EAAE;YAClC,OAAO,OAAO,CAAC,MAAM,CAAC,IAAI,8BAAa,CAAC,0CAA0C,CAAC,CAAC,CAAC;SACrF;QAED,IAAI;YACH,MAAM,EAAE,CAAC,QAAQ,CAAC,MAAM,CAAC,QAAQ,EAAE,OAAO,CAAC,CAAC;YAE5C,IAAI,CAAC,UAAU,GAAG,IAAI,CAAC,UAAU,CAAC,MAAM,CAAC,CAAC,SAAS,EAAE,EAAE,CAAC,SAAS,KAAK,EAAE,CAAC,CAAC;YAC1E,OAAO,OAAO,CAAC,OAAO,CAAC,EAAE,CAAC,CAAC;SAC3B;QAAC,OAAO,KAAK,EAAE;YACf,OAAO,OAAO,CAAC,MAAM,CAAC,IAAI,6BAAY,CAAC,YAAY,CAAC,CAAC,CAAC;SACtD;IACF,CAAC;IAEM,KAAK,CAAC,YAAY;QACxB,IAAI;YACH,IAAI,IAAI,CAAC,UAAU,CAAC,MAAM,KAAK,CAAC,EAAE;gBACjC,OAAO,OAAO,CAAC,OAAO,CAAC,EAAE,CAAC,CAAC;aAC3B;YACD,MAAM,cAAc,GAAG,MAAM,CAAC;YAE9B,MAAM,iBAAiB,GAAG,IAAI,CAAC,UAAU,CAAC,GAAG,CAAC,KAAK,EAAE,EAAE,EAAE,EAAE;gBAC1D,MAAM,QAAQ,GAAG,mBAAI,CAAC,IAAI,CAAC,cAAc,EAAE,GAAG,EAAE,OAAO,CAAC,CAAC;gBACzD,IAAI;oBACH,MAAM,WAAW,GAAG,MAAM,EAAE,CAAC,QAAQ,CAAC,QAAQ,CAAC,QAAQ,EAAE,OAAO,CAAC,CAAC;oBAClE,MAAM,SAAS,GAAG,IAAI,CAAC,KAAK,CAAC,WAAW,CAAC,CAAC;oBAE1C,IAAI,KAAK,CAAC,OAAO,CAAC,SAAS,CAAC,IAAI,SAAS,CAAC,MAAM,GAAG,CAAC,EAAE;wBACrD,OAAO,SAAS,CAAC,CAAC,CAAC,CAAC;qBACpB;yBAAM;wBACN,OAAO,IAAI,CAAC;qBACZ;iBACD;gBAAC,OAAO,KAAK,EAAE;oBACf,OAAO,IAAI,CAAC;iBACZ;YACF,CAAC,CAAC,CAAC;YAEH,MAAM,cAAc,GAAG,MAAM,OAAO,CAAC,GAAG,CAAC,iBAAiB,CAAC,CAAC;YAE5D,MAAM,sBAAsB,GAAG,cAAc,CAAC,MAAM,CAAC,CAAC,GAAG,EAAE,EAAE,CAAC,GAAG,KAAK,IAAI,CAAC,CAAC;YAE5E,OAAO,OAAO,CAAC,OAAO,CAAC,sBAAsB,CAAC,CAAC;SAC/C;QAAC,OAAO,KAAK,EAAE;YACf,OAAO,OAAO,CAAC,MAAM,CAAC,IAAI,KAAK,CAAC,wBAAwB,CAAC,CAAC,CAAC;SAC3D;IACF,CAAC;IAEM,KAAK,CAAC,YAAY,CAAC,KAAU;QACnC,IAAI;YACH,MAAM,WAAW,GAAG,IAAI,CAAC,SAAS,CAAC,KAAK,CAAC,CAAC;YAG1C,IAAI,CAAC,KAAK,CAAC,KAAK,IAAI,CAAC,KAAK,CAAC,OAAO,EAAE;gBACnC,OAAO,OAAO,CAAC,MAAM,CAAC,IAAI,6BAAY,CAAC,4CAA4C,CAAC,CAAC,CAAC;aACtF;YAGD,MAAM,MAAM,GAAgB,IAAI,GAAG,EAAU,CAAC;YAC9C,MAAM,YAAY,GAAG,IAAI,CAAC,WAAW,CAAC,kBAAkB,CAAC,KAAK,CAAC,KAAK,EAAE,MAAM,CAAC,CAAC;YAC9E,IAAI,CAAC,YAAY,EAAE;gBAClB,OAAO,OAAO,CAAC,MAAM,CAAC,IAAI,6BAAY,CAAC,uBAAuB,CAAC,CAAC,CAAC;aACjE;YAGD,MAAM,cAAc,GAAG,IAAI,CAAC,WAAW,CAAC,cAAc,CAAC,KAAK,CAAC,OAAO,EAAE,MAAM,CAAC,CAAC;YAC9E,IAAI,CAAC,cAAc,EAAE;gBACpB,OAAO,OAAO,CAAC,MAAM,CAAC,IAAI,6BAAY,CAAC,kBAAkB,CAAC,CAAC,CAAC;aAC5D;YAGD,MAAM,QAAQ,GAAG,MAAM,IAAI,CAAC,WAAW,CAAC,aAAa,CAAC,KAAK,CAAC,IAAI,CAAC,MAAM,CAAC,CAAC,CAAC,CAAC,CAAC,CAAC;YAC7E,IAAI,CAAC,QAAQ,EAAE;gBACd,OAAO,OAAO,CAAC,MAAM,CAAC,IAAI,6BAAY,CAAC,sCAAsC,CAAC,CAAC,CAAC;aAChF;YAGD,MAAM,UAAU,GAAG,IAAI,CAAC,WAAW,CAAC,mBAAmB,CAAC,KAAK,CAAC,KAAK,EAAE,MAAM,CAAC,CAAC;YAC7E,MAAM,KAAK,GAAG,MAAM,IAAI,CAAC,WAAW,CAAC,gBAAgB,CAAC,KAAK,CAAC,IAAI,CAAC,MAAM,CAAC,CAAC,CAAC,CAAC,EAAE,UAAU,CAAC,CAAC;YACzF,MAAM,MAAM,GAAG,IAAI,CAAC,WAAW,CAAC,eAAe,CAAC,KAAK,EAAE,KAAK,CAAC,OAAO,CAAC,CAAC;YAGtE,IAAI,KAAK,CAAC,MAAM,GAAG,IAAI,EAAE;gBACxB,OAAO,OAAO,CAAC,MAAM,CAAC,IAAI,oCAAmB,CAAC,SAAS,CAAC,CAAC,CAAC;aAC1D;YAGD,OAAO,OAAO,CAAC,OAAO,CAAC,MAAM,CAAC,CAAC;SAC/B;QAAC,OAAO,KAAK,EAAE;YACf,OAAO,OAAO,CAAC,MAAM,CAAC,IAAI,6BAAY,CAAC,2BAA2B,CAAC,CAAC,CAAC;SACrE;IACF,CAAC;CAED;AAtSD,gCAsSC","sourcesContent":["import JSZip from \"jszip\";\nimport {\n\tIInsightFacade,\n\tInsightDataset,\n\tInsightDatasetKind,\n\tInsightError,\n\tInsightResult,\n\tNotFoundError, ResultTooLargeError,\n} from \"./IInsightFacade\";\nimport {Section} from \"./Section\";\nimport * as fs from \"fs-extra\";\nimport path from \"node:path\";\nimport {QueryHelper} from \"./helper\";\n/**\n * This is the main programmatic entry point for the project.\n * Method documentation is in IInsightFacade\n *\n */\nexport default class InsightFacade implements IInsightFacade {\n\t// Property to track dataset IDs\n\tprivate datasetIds: string[] = [];\n\tprivate queryHelper: QueryHelper;\n\n\tconstructor() {\n\t\tthis.queryHelper = new QueryHelper();\n\t\tconsole.log(\"InsightFacadeImpl::init()\");\n\t}\n\n\t/**\n\t * Adds a dataset to the system.\n\t *\n\t * @param id The unique identifier for the dataset to be added.\n\t * @param content The content of the dataset, likely encoded in some format.\n\t * @param kind The type of the dataset (e.g., courses, rooms).\n\t * @returns A promise that resolves to an array of the current dataset IDs upon success.\n\t */\n\tpublic async addDataset(id: string, content: string, kind: InsightDatasetKind): Promise<string[]> {\n\t\tif (this.isEntryInValid(id, content, kind)) {\n\t\t\treturn Promise.reject(new InsightError(\"ERROR\"));\n\t\t}\n\t\t// Step 1: Decode and unzip the base64 content\n\t\tconst zip = new JSZip();\n\t\tconst decodedContent = await zip.loadAsync(content, {base64: true});\n\t\tconst coursesFolder = decodedContent.folder(\"courses\");\n\t\tif (coursesFolder === null) {\n\t\t\treturn Promise.reject( new InsightError(\"courses/ folder not found in the zip file.\"));\n\t\t}\n\t\tif (Object.keys(coursesFolder.files)[0] !== \"courses/\") {\n\t\t\treturn Promise.reject(new InsightError(\"courses/ named folder doest exist\"));\n\t\t}\n\t\tlet validDataset = false;\n\t\tconst filePromises = Object.keys(coursesFolder.files).map(async (fileName) => {\n\t\t\tif (!fileName.startsWith(\"courses/\")) {\n\t\t\t\treturn Promise.reject(new InsightError(\"Invalid file name:\"));\n\t\t\t}\n\t\t\tconst fileEntry = coursesFolder.files[fileName];\n\t\t\tlet fileContent = await coursesFolder.files[fileName].async(\"string\");\n\t\t\ttry {\n\t\t\t\tconst jsonData1 = await JSON.parse(fileContent);\n\t\t\t\tif (jsonData1.result && Array.isArray(jsonData1.result) && jsonData1.result.length > 0) {\n\t\t\t\t\tfor (const section of jsonData1.result) {\n\t\t\t\t\t\tif (this.checkValidSectionParameterKind(section)) {\n\t\t\t\t\t\t\tvalidDataset = true;\n\t\t\t\t\t\t\tbreak;\n\t\t\t\t\t\t}\n\t\t\t\t\t}\n\t\t\t\t}\n\t\t\t} catch (error) {\n\t\t\t\tif (fileEntry.dir) {\n\t\t\t\t\tvalidDataset = false;\n\t\t\t\t} else {\n\t\t\t\t\treturn Promise.reject(new InsightError(\"Invalid dataset:is not a valid JSON file.\"));\n\t\t\t\t}\n\t\t\t}\n\t\t});\n\n\t\tawait Promise.all(filePromises);\n\n\t\tif (!validDataset) {\n\t\t\treturn Promise.reject(new InsightError(\"Invalid dataset:we dont have valid sections\"));\n\t\t} else {\n\t\t\tlet sectionArray: any[] = await this.addFiler(id, content);\n\t\t\tawait this.writeDatasetToFile(id, sectionArray);\n\t\t}\n\t\tthis.datasetIds.push(id);\n\t\treturn Promise.resolve(this.datasetIds);\n\t}\n\n\tprivate isEntryInValid(id: string, content: string, kind: InsightDatasetKind) {\n\t\treturn (\n\t\t\tthis.isInvalidID(id) ||\n\t\t\tthis.isInValidContent(content) ||\n\t\t\tthis.isInValidKind(kind) ||\n\t\t\tthis.datasetIds.includes(id)\n\t\t);\n\t}\n\n\tprivate checkValidSectionParameterKind(section: any) {\n\t\treturn (\n\t\t\ttypeof section.id === \"number\" &&\n\t\t\ttypeof section.Course === \"string\" &&\n\t\t\ttypeof section.Title === \"string\" &&\n\t\t\ttypeof section.Professor === \"string\" &&\n\t\t\ttypeof section.Subject === \"string\" &&\n\t\t\ttypeof section.Year === \"string\" && // Updated year check\n\t\t\ttypeof section.Avg === \"number\" &&\n\t\t\ttypeof section.Pass === \"number\" &&\n\t\t\ttypeof section.Fail === \"number\" &&\n\t\t\ttypeof section.Audit === \"number\"\n\t\t);\n\t}\n\n\n\tprivate async writeDatasetToFile(id: string, sectionArray: any[]): Promise<void> {\n\t\tconst datasetObject: InsightDataset = {\n\t\t\tid: id,\n\t\t\tkind: InsightDatasetKind.Sections,\n\t\t\tnumRows: sectionArray.length,\n\t\t};\n\n\t\tsectionArray.unshift(datasetObject);\n\n\t\tconst jsonString = JSON.stringify(sectionArray, null, 2);\n\t\tconst filePath = `data/${id}.json`;\n\n\t\ttry {\n\t\t\t// Check if the 'data' folder exists, create it if not\n\t\t\tconst dataFolderExists = await fs.promises.stat(\"data\").catch(() => false);\n\t\t\tif (!dataFolderExists) {\n\t\t\t\tawait fs.promises.mkdir(\"data\");\n\t\t\t}\n\t\t\tawait fs.promises.writeFile(filePath, jsonString);\n\t\t} catch (error) {\n\t\t\treturn Promise.reject(new InsightError(\"Error creating file\"));\n\t\t}\n\t}\n\n\tprivate isInValidKind(kind: InsightDatasetKind) {\n\t\tif( kind !== InsightDatasetKind.Sections){\n\t\t\treturn true;\n\t\t}\n\t}\n\n\tprivate isInValidContent(content: string) {\n\t\tif ((content === null) || content === \"\") {\n\t\t\treturn true;\n\t\t}\n\t}\n\n\tprivate isInvalidID(id: string) {\n\t\tif (!id ) {\n\t\t\treturn true;\n\t\t}\n\t\tif (id.includes(\"_\") || id.trim().length === 0) {\n\t\t\treturn true;\n\t\t}\n\t}\n\n\tprivate async addFiler(id: string, content: string): Promise<Section[]> {\n\t\t// Decode and unzip the base64 content\n\t\tconst zip = new JSZip();\n\t\tconst decodedContent = await zip.loadAsync(content, {base64: true});\n\t\tconst coursesFolder = decodedContent.folder(\"courses\");\n\t\tif (coursesFolder === null) {\n\t\t\tthrow new InsightError(\"courses/ folder not found in the zip file.\");\n\t\t}\n\t\tconst sectionArray: Section[] = [];\n\t\tconst filePromises = Object.keys(coursesFolder.files).map(async (fileName) => {\n\t\t\tconst fileEntry = coursesFolder.files[fileName];\n\t\t\tlet fileContent = await fileEntry.async(\"string\");\n\t\t\ttry {\n\t\t\t\tlet jsonData1 = JSON.parse(fileContent);\n\t\t\t\tif (jsonData1.result && Array.isArray(jsonData1.result) && jsonData1.result.length > 0) {\n\t\t\t\t\tfor (const sectionData of jsonData1.result) {\n\t\t\t\t\t\tif (sectionData.Section === \"overall\") {\n\t\t\t\t\t\t\tsectionData.Year = \"1900\";\n\t\t\t\t\t\t}\n\n\t\t\t\t\t\tconst newSection = this.createSectionFromData(sectionData);\n\t\t\t\t\t\tsectionArray.push(newSection);\n\t\t\t\t\t}\n\t\t\t\t}\n\t\t\t} catch (error) {\n\t\t\t\tif (!fileEntry.dir) {\n\t\t\t\t\treturn Promise.reject(new InsightError(\"Invalid dataset: not a valid JSON file.\"));\n\t\t\t\t}\n\t\t\t}\n\t\t});\n\n\t\tawait Promise.all(filePromises);\n\n\t\tif (sectionArray.length === 0) {\n\t\t\treturn Promise.reject( new InsightError(\"Invalid dataset: no valid sections found.\"));\n\t\t}\n\n\t\treturn sectionArray;\n\t}\n\n\tprivate createSectionFromData(sectionData: any): Section {\n\t\t// Add logic here to handle default values or validation as needed\n\t\treturn new Section(\n\t\t\tString(sectionData.id),\n\t\t\tsectionData.Course ,\n\t\t\tsectionData.Title ,\n\t\t\tsectionData.Professor ,\n\t\t\tsectionData.Subject ,\n\t\t\tNumber(sectionData.Year) ,\n\t\t\tsectionData.Avg ,\n\t\t\tsectionData.Pass ,\n\t\t\tsectionData.Fail ,\n\t\t\tsectionData.Audit\n\t\t);\n\t}\n\n\tpublic async removeDataset(id: string): Promise<string> {\n\t\t// check if ID is valid\n\t\tif (this.isInvalidID(id)) {\n\t\t\treturn Promise.reject(new InsightError(\"Invalid ID\"));\n\t\t}\n\t\t// check if ID already exists\n\t\tif (!this.datasetIds.includes(id)) {\n\t\t\treturn Promise.reject(new NotFoundError(\"This ID does not exist in the datasetIDs\"));\n\t\t}\n\t\t// Actually remove the data\n\t\ttry {\n\t\t\tawait fs.promises.unlink(`data/${id}.json`);\n\t\t\t// Successfully removed the file, now remove the id from datasetIds if necessary\n\t\t\tthis.datasetIds = this.datasetIds.filter((datasetId) => datasetId !== id);\n\t\t\treturn Promise.resolve(id); // Resolve with the id of the removed dataset\n\t\t} catch (error) {\n\t\t\treturn Promise.reject(new InsightError(\"Some error\"));\n\t\t}\n\t}\n\n\tpublic async listDatasets(): Promise<InsightDataset[]> {\n\t\ttry {\n\t\t\tif (this.datasetIds.length === 0) {\n\t\t\t\treturn Promise.resolve([]); // Return empty array if no dataset IDs are available\n\t\t\t}\n\t\t\tconst dataFolderPath = \"data\";\n\n\t\t\tconst readFilesPromises = this.datasetIds.map(async (id) => {\n\t\t\t\tconst filePath = path.join(dataFolderPath, `${id}.json`);\n\t\t\t\ttry {\n\t\t\t\t\tconst fileContent = await fs.promises.readFile(filePath, \"utf-8\");\n\t\t\t\t\tconst jsonArray = JSON.parse(fileContent);\n\n\t\t\t\t\tif (Array.isArray(jsonArray) && jsonArray.length > 0) {\n\t\t\t\t\t\treturn jsonArray[0];\n\t\t\t\t\t} else {\n\t\t\t\t\t\treturn null; // If file content is empty or not an array\n\t\t\t\t\t}\n\t\t\t\t} catch (error) {\n\t\t\t\t\treturn null; // Skip if file doesn't exist or cannot be read\n\t\t\t\t}\n\t\t\t});\n\n\t\t\tconst datasetObjects = await Promise.all(readFilesPromises);\n\t\t\t// Filter out null values (failed reads or empty arrays)\n\t\t\tconst filteredDatasetObjects = datasetObjects.filter((obj) => obj !== null);\n\n\t\t\treturn Promise.resolve(filteredDatasetObjects);\n\t\t} catch (error) {\n\t\t\treturn Promise.reject(new Error(\"Error listing datasets\"));\n\t\t}\n\t}\n\n\tpublic async performQuery(query: any): Promise<InsightResult[]> {\n\t\ttry {\n\t\t\tconst queryString = JSON.stringify(query);\n\n\t\t\t// Check if WHERE and OPTIONS properties exist\n\t\t\tif (!query.WHERE || !query.OPTIONS) {\n\t\t\t\treturn Promise.reject(new InsightError(\"WHERE and OPTIONS properties are required.\"));\n\t\t\t}\n\n\t\t\t// Validate WHERE clause\n\t\t\tconst allIDs: Set<string> = new Set<string>();\n\t\t\tconst isValidWhere = this.queryHelper.isValidWhereClause(query.WHERE, allIDs);\n\t\t\tif (!isValidWhere) {\n\t\t\t\treturn Promise.reject(new InsightError(\"Invalid WHERE clause.\"));\n\t\t\t}\n\n\t\t\t// Validate OPTIONS\n\t\t\tconst isValidOptions = this.queryHelper.isValidOptions(query.OPTIONS, allIDs);\n\t\t\tif (!isValidOptions) {\n\t\t\t\treturn Promise.reject(new InsightError(\"Invalid OPTIONS.\"));\n\t\t\t}\n\n\t\t\t// Check if the dataset ID exists\n\t\t\tconst idExists = await this.queryHelper.checkIDExists(Array.from(allIDs)[0]);\n\t\t\tif (!idExists) {\n\t\t\t\treturn Promise.reject(new InsightError(\"IDs not found in the data directory.\"));\n\t\t\t}\n\n\t\t\t// Perform the query\n\t\t\tconst condString = this.queryHelper.traverseWhereClause(query.WHERE, allIDs);\n\t\t\tconst items = await this.queryHelper.getMatchingItems(Array.from(allIDs)[0], condString);\n\t\t\tconst wanted = this.queryHelper.traverseOptions(items, query.OPTIONS);\n\n\t\t\t// Check if the result is too large\n\t\t\tif (items.length > 5000) {\n\t\t\t\treturn Promise.reject(new ResultTooLargeError(\"Too big\"));\n\t\t\t}\n\n\t\t\t// Return the result\n\t\t\treturn Promise.resolve(wanted);\n\t\t} catch (error) {\n\t\t\treturn Promise.reject(new InsightError(\"Error parsing query JSON.\"));\n\t\t}\n\t}\n\n}\n"]},"_coverageSchema":"1a1c01bbd47fc00a2c39e90264f33305004495a9","hash":"f81be80ff78866e86c93e293952c90c2a82e1227","contentHash":"49c5dea731f355b73cf06cc5ccf32c7a8fc43452fea1748295fc1563710ab65d"},"/Users/rishishukla/Desktop/project_team067/src/controller/IInsightFacade.ts":{"path":"/Users/rishishukla/Desktop/project_team067/src/controller/IInsightFacade.ts","statementMap":{"0":{"start":{"line":2,"column":0},"end":{"line":2,"column":62}},"1":{"start":{"line":3,"column":0},"end":{"line":3,"column":113}},"2":{"start":{"line":5,"column":0},"end":{"line":8,"column":89}},"3":{"start":{"line":6,"column":4},"end":{"line":6,"column":48}},"4":{"start":{"line":7,"column":4},"end":{"line":7,"column":42}},"5":{"start":{"line":11,"column":8},"end":{"line":11,"column":23}},"6":{"start":{"line":12,"column":8},"end":{"line":12,"column":52}},"7":{"start":{"line":15,"column":0},"end":{"line":15,"column":36}},"8":{"start":{"line":18,"column":8},"end":{"line":18,"column":23}},"9":{"start":{"line":19,"column":8},"end":{"line":19,"column":53}},"10":{"start":{"line":22,"column":0},"end":{"line":22,"column":38}},"11":{"start":{"line":25,"column":8},"end":{"line":25,"column":23}},"12":{"start":{"line":26,"column":8},"end":{"line":26,"column":59}},"13":{"start":{"line":29,"column":0},"end":{"line":29,"column":50}}},"fnMap":{"0":{"name":"(anonymous_0)","decl":{"start":{"line":5,"column":1},"end":{"line":5,"column":2}},"loc":{"start":{"line":5,"column":31},"end":{"line":8,"column":1}},"line":5},"1":{"name":"(anonymous_1)","decl":{"start":{"line":10,"column":4},"end":{"line":10,"column":5}},"loc":{"start":{"line":10,"column":25},"end":{"line":13,"column":5}},"line":10},"2":{"name":"(anonymous_2)","decl":{"start":{"line":17,"column":4},"end":{"line":17,"column":5}},"loc":{"start":{"line":17,"column":25},"end":{"line":20,"column":5}},"line":17},"3":{"name":"(anonymous_3)","decl":{"start":{"line":24,"column":4},"end":{"line":24,"column":5}},"loc":{"start":{"line":24,"column":25},"end":{"line":27,"column":5}},"line":24}},"branchMap":{"0":{"loc":{"start":{"line":8,"column":24},"end":{"line":8,"column":87}},"type":"binary-expr","locations":[{"start":{"line":8,"column":24},"end":{"line":8,"column":50}},{"start":{"line":8,"column":55},"end":{"line":8,"column":86}}],"line":8}},"s":{"0":1,"1":1,"2":1,"3":1,"4":1,"5":29,"6":29,"7":1,"8":1,"9":1,"10":1,"11":1,"12":1,"13":1},"f":{"0":1,"1":29,"2":1,"3":1},"b":{"0":[1,1]},"inputSourceMap":{"version":3,"file":"/Users/rishishukla/Desktop/project_team067/src/controller/IInsightFacade.ts","sources":["/Users/rishishukla/Desktop/project_team067/src/controller/IInsightFacade.ts"],"names":[],"mappings":";;;AAMA,IAAY,kBAGX;AAHD,WAAY,kBAAkB;IAC7B,2CAAqB,CAAA;IACrB,qCAAe,CAAA;AAChB,CAAC,EAHW,kBAAkB,GAAlB,0BAAkB,KAAlB,0BAAkB,QAG7B;AAYD,MAAa,YAAa,SAAQ,KAAK;IACtC,YAAY,OAAgB;QAC3B,KAAK,CAAC,OAAO,CAAC,CAAC;QACf,KAAK,CAAC,iBAAiB,CAAC,IAAI,EAAE,YAAY,CAAC,CAAC;IAC7C,CAAC;CACD;AALD,oCAKC;AAED,MAAa,aAAc,SAAQ,KAAK;IACvC,YAAY,OAAgB;QAC3B,KAAK,CAAC,OAAO,CAAC,CAAC;QACf,KAAK,CAAC,iBAAiB,CAAC,IAAI,EAAE,aAAa,CAAC,CAAC;IAC9C,CAAC;CACD;AALD,sCAKC;AAED,MAAa,mBAAoB,SAAQ,KAAK;IAC7C,YAAY,OAAgB;QAC3B,KAAK,CAAC,OAAO,CAAC,CAAC;QACf,KAAK,CAAC,iBAAiB,CAAC,IAAI,EAAE,mBAAmB,CAAC,CAAC;IACpD,CAAC;CACD;AALD,kDAKC","sourcesContent":["/*\n * This is the primary high-level API for the project. In this folder there should be:\n * A class called InsightFacade, this should be in a file called InsightFacade.ts.\n * You should not change this interface at all or the test suite will not work.\n */\n\nexport enum InsightDatasetKind {\n\tSections = \"sections\",\n\tRooms = \"rooms\",\n}\n\nexport interface InsightDataset {\n\tid: string;\n\tkind: InsightDatasetKind;\n\tnumRows: number;\n}\n\nexport interface InsightResult {\n\t[key: string]: string | number;\n}\n\nexport class InsightError extends Error {\n\tconstructor(message?: string) {\n\t\tsuper(message);\n\t\tError.captureStackTrace(this, InsightError);\n\t}\n}\n\nexport class NotFoundError extends Error {\n\tconstructor(message?: string) {\n\t\tsuper(message);\n\t\tError.captureStackTrace(this, NotFoundError);\n\t}\n}\n\nexport class ResultTooLargeError extends Error {\n\tconstructor(message?: string) {\n\t\tsuper(message);\n\t\tError.captureStackTrace(this, ResultTooLargeError);\n\t}\n}\n\nexport interface IInsightFacade {\n\t/**\n\t * Add a dataset to insightUBC.\n\t *\n\t * @param id  The id of the dataset being added. Follows the format /^[^_]+$/\n\t * @param content  The base64 content of the dataset. This content should be in the form of a serialized zip file.\n\t * @param kind  The kind of the dataset\n\t *\n\t * @return Promise <string[]>\n\t *\n\t * The promise should fulfill on a successful add, reject for any failures.\n\t * The promise should fulfill with a string array,\n\t * containing the ids of all currently added datasets upon a successful add.\n\t * The promise should reject with an InsightError describing the error.\n\t *\n\t * An id is invalid if it contains an underscore, or is only whitespace characters.\n\t * If id is the same as the id of an already added dataset, the dataset should be rejected and not saved.\n\t *\n\t * After receiving the dataset, it should be processed into a data structure of\n\t * your design. The processed data structure should be persisted to disk; your\n\t * system should be able to load this persisted value into memory for answering\n\t * queries.\n\t *\n\t * Ultimately, a dataset must be added or loaded from disk before queries can\n\t * be successfully answered.\n\t */\n\taddDataset(id: string, content: string, kind: InsightDatasetKind): Promise<string[]>;\n\n\t/**\n\t * Remove a dataset from insightUBC.\n\t *\n\t * @param id  The id of the dataset to remove. Follows the format /^[^_]+$/\n\t *\n\t * @return Promise <string>\n\t *\n\t * The promise should fulfill upon a successful removal, reject on any error.\n\t * Attempting to remove a dataset that hasn't been added yet counts as an error.\n\t *\n\t * An id is invalid if it contains an underscore, or is only whitespace characters.\n\t *\n\t * The promise should fulfill the id of the dataset that was removed.\n\t * The promise should reject with a NotFoundError (if a valid id was not yet added)\n\t * or an InsightError (invalid id or any other source of failure) describing the error.\n\t *\n\t * This will delete both disk and memory caches for the dataset for the id meaning\n\t * that subsequent queries for that id should fail unless a new addDataset happens first.\n\t */\n\tremoveDataset(id: string): Promise<string>;\n\n\t/**\n\t * Perform a query on insightUBC.\n\t *\n\t * @param query  The query to be performed.\n\t *\n\t * If a query is incorrectly formatted, references a dataset not added (in memory or on disk),\n\t * or references multiple datasets, it should be rejected.\n\t *\n\t * @return Promise <InsightResult[]>\n\t *\n\t * The promise should fulfill with an array of results.\n\t * The promise should reject with a ResultTooLargeError (if the query returns too many results)\n\t * or an InsightError (for any other source of failure) describing the error.\n\t */\n\tperformQuery(query: unknown): Promise<InsightResult[]>;\n\n\t/**\n\t * List all currently added datasets, their types, and number of rows.\n\t *\n\t * @return Promise <InsightDataset[]>\n\t * The promise should fulfill an array of currently added InsightDatasets, and will only fulfill.\n\t */\n\tlistDatasets(): Promise<InsightDataset[]>;\n}\n"]},"_coverageSchema":"1a1c01bbd47fc00a2c39e90264f33305004495a9","hash":"cd6d52bca053f4ad4904b8b5eaac18287a84aea6","contentHash":"3bffc1c07b7d234abb3aed4f836b70cb941c7d56141e5e3f0e048d39b6a9977a"},"/Users/rishishukla/Desktop/project_team067/src/controller/Section.ts":{"path":"/Users/rishishukla/Desktop/project_team067/src/controller/Section.ts","statementMap":{"0":{"start":{"line":2,"column":0},"end":{"line":2,"column":62}},"1":{"start":{"line":3,"column":0},"end":{"line":3,"column":25}},"2":{"start":{"line":16,"column":8},"end":{"line":16,"column":25}},"3":{"start":{"line":17,"column":8},"end":{"line":17,"column":21}},"4":{"start":{"line":18,"column":8},"end":{"line":18,"column":27}},"5":{"start":{"line":19,"column":8},"end":{"line":19,"column":37}},"6":{"start":{"line":20,"column":8},"end":{"line":20,"column":25}},"7":{"start":{"line":21,"column":8},"end":{"line":21,"column":25}},"8":{"start":{"line":22,"column":8},"end":{"line":22,"column":23}},"9":{"start":{"line":23,"column":8},"end":{"line":23,"column":25}},"10":{"start":{"line":24,"column":8},"end":{"line":24,"column":25}},"11":{"start":{"line":25,"column":8},"end":{"line":25,"column":27}},"12":{"start":{"line":28,"column":8},"end":{"line":28,"column":25}},"13":{"start":{"line":31,"column":8},"end":{"line":31,"column":23}},"14":{"start":{"line":34,"column":8},"end":{"line":34,"column":26}},"15":{"start":{"line":37,"column":8},"end":{"line":37,"column":31}},"16":{"start":{"line":40,"column":8},"end":{"line":40,"column":25}},"17":{"start":{"line":43,"column":8},"end":{"line":43,"column":25}},"18":{"start":{"line":46,"column":8},"end":{"line":46,"column":24}},"19":{"start":{"line":49,"column":8},"end":{"line":49,"column":25}},"20":{"start":{"line":52,"column":8},"end":{"line":52,"column":25}},"21":{"start":{"line":55,"column":8},"end":{"line":55,"column":26}},"22":{"start":{"line":58,"column":0},"end":{"line":58,"column":26}}},"fnMap":{"0":{"name":"(anonymous_0)","decl":{"start":{"line":15,"column":4},"end":{"line":15,"column":5}},"loc":{"start":{"line":15,"column":126},"end":{"line":26,"column":5}},"line":15},"1":{"name":"(anonymous_1)","decl":{"start":{"line":27,"column":4},"end":{"line":27,"column":5}},"loc":{"start":{"line":27,"column":14},"end":{"line":29,"column":5}},"line":27},"2":{"name":"(anonymous_2)","decl":{"start":{"line":30,"column":4},"end":{"line":30,"column":5}},"loc":{"start":{"line":30,"column":12},"end":{"line":32,"column":5}},"line":30},"3":{"name":"(anonymous_3)","decl":{"start":{"line":33,"column":4},"end":{"line":33,"column":5}},"loc":{"start":{"line":33,"column":15},"end":{"line":35,"column":5}},"line":33},"4":{"name":"(anonymous_4)","decl":{"start":{"line":36,"column":4},"end":{"line":36,"column":5}},"loc":{"start":{"line":36,"column":20},"end":{"line":38,"column":5}},"line":36},"5":{"name":"(anonymous_5)","decl":{"start":{"line":39,"column":4},"end":{"line":39,"column":5}},"loc":{"start":{"line":39,"column":14},"end":{"line":41,"column":5}},"line":39},"6":{"name":"(anonymous_6)","decl":{"start":{"line":42,"column":4},"end":{"line":42,"column":5}},"loc":{"start":{"line":42,"column":14},"end":{"line":44,"column":5}},"line":42},"7":{"name":"(anonymous_7)","decl":{"start":{"line":45,"column":4},"end":{"line":45,"column":5}},"loc":{"start":{"line":45,"column":13},"end":{"line":47,"column":5}},"line":45},"8":{"name":"(anonymous_8)","decl":{"start":{"line":48,"column":4},"end":{"line":48,"column":5}},"loc":{"start":{"line":48,"column":14},"end":{"line":50,"column":5}},"line":48},"9":{"name":"(anonymous_9)","decl":{"start":{"line":51,"column":4},"end":{"line":51,"column":5}},"loc":{"start":{"line":51,"column":14},"end":{"line":53,"column":5}},"line":51},"10":{"name":"(anonymous_10)","decl":{"start":{"line":54,"column":4},"end":{"line":54,"column":5}},"loc":{"start":{"line":54,"column":15},"end":{"line":56,"column":5}},"line":54}},"branchMap":{"0":{"loc":{"start":{"line":15,"column":16},"end":{"line":15,"column":25}},"type":"default-arg","locations":[{"start":{"line":15,"column":23},"end":{"line":15,"column":25}}],"line":15},"1":{"loc":{"start":{"line":15,"column":27},"end":{"line":15,"column":34}},"type":"default-arg","locations":[{"start":{"line":15,"column":32},"end":{"line":15,"column":34}}],"line":15},"2":{"loc":{"start":{"line":15,"column":36},"end":{"line":15,"column":46}},"type":"default-arg","locations":[{"start":{"line":15,"column":44},"end":{"line":15,"column":46}}],"line":15},"3":{"loc":{"start":{"line":15,"column":48},"end":{"line":15,"column":63}},"type":"default-arg","locations":[{"start":{"line":15,"column":61},"end":{"line":15,"column":63}}],"line":15},"4":{"loc":{"start":{"line":15,"column":65},"end":{"line":15,"column":74}},"type":"default-arg","locations":[{"start":{"line":15,"column":72},"end":{"line":15,"column":74}}],"line":15},"5":{"loc":{"start":{"line":15,"column":76},"end":{"line":15,"column":84}},"type":"default-arg","locations":[{"start":{"line":15,"column":83},"end":{"line":15,"column":84}}],"line":15},"6":{"loc":{"start":{"line":15,"column":86},"end":{"line":15,"column":93}},"type":"default-arg","locations":[{"start":{"line":15,"column":92},"end":{"line":15,"column":93}}],"line":15},"7":{"loc":{"start":{"line":15,"column":95},"end":{"line":15,"column":103}},"type":"default-arg","locations":[{"start":{"line":15,"column":102},"end":{"line":15,"column":103}}],"line":15},"8":{"loc":{"start":{"line":15,"column":105},"end":{"line":15,"column":113}},"type":"default-arg","locations":[{"start":{"line":15,"column":112},"end":{"line":15,"column":113}}],"line":15},"9":{"loc":{"start":{"line":15,"column":115},"end":{"line":15,"column":124}},"type":"default-arg","locations":[{"start":{"line":15,"column":123},"end":{"line":15,"column":124}}],"line":15}},"s":{"0":1,"1":1,"2":67375,"3":67375,"4":67375,"5":67375,"6":67375,"7":67375,"8":67375,"9":67375,"10":67375,"11":67375,"12":0,"13":0,"14":0,"15":0,"16":0,"17":0,"18":0,"19":0,"20":0,"21":0,"22":1},"f":{"0":67375,"1":0,"2":0,"3":0,"4":0,"5":0,"6":0,"7":0,"8":0,"9":0,"10":0},"b":{"0":[0],"1":[0],"2":[0],"3":[0],"4":[0],"5":[0],"6":[0],"7":[0],"8":[0],"9":[0]},"inputSourceMap":{"version":3,"file":"/Users/rishishukla/Desktop/project_team067/src/controller/Section.ts","sources":["/Users/rishishukla/Desktop/project_team067/src/controller/Section.ts"],"names":[],"mappings":";;;AAAA,MAAa,OAAO;IACF,IAAI,CAAS;IACb,EAAE,CAAS;IACX,KAAK,CAAS;IACd,UAAU,CAAS;IACnB,IAAI,CAAS;IACb,IAAI,CAAS;IACb,GAAG,CAAS;IACZ,IAAI,CAAS;IACb,IAAI,CAAS;IACb,KAAK,CAAS;IAE/B,YACC,OAAe,EAAE,EACjB,KAAa,EAAE,EACf,QAAgB,EAAE,EAClB,aAAqB,EAAE,EACvB,OAAe,EAAE,EACjB,OAAe,CAAC,EAChB,MAAc,CAAC,EACf,OAAe,CAAC,EAChB,OAAe,CAAC,EAChB,QAAgB,CAAC;QAEjB,IAAI,CAAC,IAAI,GAAG,IAAI,CAAC;QACjB,IAAI,CAAC,EAAE,GAAG,EAAE,CAAC;QACb,IAAI,CAAC,KAAK,GAAG,KAAK,CAAC;QACnB,IAAI,CAAC,UAAU,GAAG,UAAU,CAAC;QAC7B,IAAI,CAAC,IAAI,GAAG,IAAI,CAAC;QACjB,IAAI,CAAC,IAAI,GAAG,IAAI,CAAC;QACjB,IAAI,CAAC,GAAG,GAAG,GAAG,CAAC;QACf,IAAI,CAAC,IAAI,GAAG,IAAI,CAAC;QACjB,IAAI,CAAC,IAAI,GAAG,IAAI,CAAC;QACjB,IAAI,CAAC,KAAK,GAAG,KAAK,CAAC;IACpB,CAAC;IAGM,OAAO;QACb,OAAO,IAAI,CAAC,IAAI,CAAC;IAClB,CAAC;IAEM,KAAK;QACX,OAAO,IAAI,CAAC,EAAE,CAAC;IAChB,CAAC;IAEM,QAAQ;QACd,OAAO,IAAI,CAAC,KAAK,CAAC;IACnB,CAAC;IAEM,aAAa;QACnB,OAAO,IAAI,CAAC,UAAU,CAAC;IACxB,CAAC;IAEM,OAAO;QACb,OAAO,IAAI,CAAC,IAAI,CAAC;IAClB,CAAC;IAEM,OAAO;QACb,OAAO,IAAI,CAAC,IAAI,CAAC;IAClB,CAAC;IAEM,MAAM;QACZ,OAAO,IAAI,CAAC,GAAG,CAAC;IACjB,CAAC;IAEM,OAAO;QACb,OAAO,IAAI,CAAC,IAAI,CAAC;IAClB,CAAC;IAEM,OAAO;QACb,OAAO,IAAI,CAAC,IAAI,CAAC;IAClB,CAAC;IAEM,QAAQ;QACd,OAAO,IAAI,CAAC,KAAK,CAAC;IACnB,CAAC;CACD;AA5ED,0BA4EC","sourcesContent":["export class Section {\n\tprivate readonly uuid: string;\n\tprivate readonly id: string;\n\tprivate readonly title: string;\n\tprivate readonly instructor: string;\n\tprivate readonly dept: string;\n\tprivate readonly year: number;\n\tprivate readonly avg: number;\n\tprivate readonly pass: number;\n\tprivate readonly fail: number;\n\tprivate readonly audit: number;\n\n\tconstructor(\n\t\tuuid: string = \"\",\n\t\tid: string = \"\",\n\t\ttitle: string = \"\",\n\t\tinstructor: string = \"\",\n\t\tdept: string = \"\",\n\t\tyear: number = 0,\n\t\tavg: number = 0,\n\t\tpass: number = 0,\n\t\tfail: number = 0,\n\t\taudit: number = 0\n\t) {\n\t\tthis.uuid = uuid;\n\t\tthis.id = id;\n\t\tthis.title = title;\n\t\tthis.instructor = instructor;\n\t\tthis.dept = dept;\n\t\tthis.year = year;\n\t\tthis.avg = avg;\n\t\tthis.pass = pass;\n\t\tthis.fail = fail;\n\t\tthis.audit = audit;\n\t}\n\n\t// Getters\n\tpublic getUuid(): string {\n\t\treturn this.uuid;\n\t}\n\n\tpublic getId(): string {\n\t\treturn this.id;\n\t}\n\n\tpublic getTitle(): string {\n\t\treturn this.title;\n\t}\n\n\tpublic getInstructor(): string {\n\t\treturn this.instructor;\n\t}\n\n\tpublic getDept(): string {\n\t\treturn this.dept;\n\t}\n\n\tpublic getYear(): number {\n\t\treturn this.year;\n\t}\n\n\tpublic getAvg(): number {\n\t\treturn this.avg;\n\t}\n\n\tpublic getPass(): number {\n\t\treturn this.pass;\n\t}\n\n\tpublic getFail(): number {\n\t\treturn this.fail;\n\t}\n\n\tpublic getAudit(): number {\n\t\treturn this.audit;\n\t}\n}\n"]},"_coverageSchema":"1a1c01bbd47fc00a2c39e90264f33305004495a9","hash":"3414e25a99de1291ea4d612943a45695d2fe95e8","contentHash":"5cdd5e7af4fa02593384b0b6dfe78e56676fc55347646b6db5f77a15f00951c7"},"/Users/rishishukla/Desktop/project_team067/src/controller/helper.ts":{"path":"/Users/rishishukla/Desktop/project_team067/src/controller/helper.ts","statementMap":{"0":{"start":{"line":2,"column":22},"end":{"line":12,"column":3}},"1":{"start":{"line":3,"column":4},"end":{"line":3,"column":33}},"2":{"start":{"line":3,"column":26},"end":{"line":3,"column":33}},"3":{"start":{"line":4,"column":15},"end":{"line":4,"column":52}},"4":{"start":{"line":5,"column":4},"end":{"line":7,"column":5}},"5":{"start":{"line":6,"column":6},"end":{"line":6,"column":68}},"6":{"start":{"line":6,"column":51},"end":{"line":6,"column":63}},"7":{"start":{"line":8,"column":4},"end":{"line":8,"column":39}},"8":{"start":{"line":10,"column":4},"end":{"line":10,"column":33}},"9":{"start":{"line":10,"column":26},"end":{"line":10,"column":33}},"10":{"start":{"line":11,"column":4},"end":{"line":11,"column":17}},"11":{"start":{"line":13,"column":25},"end":{"line":17,"column":2}},"12":{"start":{"line":14,"column":4},"end":{"line":14,"column":72}},"13":{"start":{"line":16,"column":4},"end":{"line":16,"column":21}},"14":{"start":{"line":18,"column":19},"end":{"line":24,"column":1}},"15":{"start":{"line":19,"column":4},"end":{"line":19,"column":42}},"16":{"start":{"line":19,"column":31},"end":{"line":19,"column":42}},"17":{"start":{"line":20,"column":17},"end":{"line":20,"column":19}},"18":{"start":{"line":21,"column":4},"end":{"line":21,"column":141}},"19":{"start":{"line":21,"column":21},"end":{"line":21,"column":141}},"20":{"start":{"line":21,"column":40},"end":{"line":21,"column":141}},"21":{"start":{"line":21,"column":109},"end":{"line":21,"column":141}},"22":{"start":{"line":22,"column":4},"end":{"line":22,"column":36}},"23":{"start":{"line":23,"column":4},"end":{"line":23,"column":18}},"24":{"start":{"line":25,"column":0},"end":{"line":25,"column":62}},"25":{"start":{"line":26,"column":0},"end":{"line":26,"column":29}},"26":{"start":{"line":27,"column":11},"end":{"line":27,"column":38}},"27":{"start":{"line":28,"column":25},"end":{"line":28,"column":52}},"28":{"start":{"line":31,"column":25},"end":{"line":31,"column":42}},"29":{"start":{"line":32,"column":8},"end":{"line":38,"column":9}},"30":{"start":{"line":33,"column":12},"end":{"line":33,"column":66}},"31":{"start":{"line":34,"column":12},"end":{"line":34,"column":24}},"32":{"start":{"line":37,"column":12},"end":{"line":37,"column":25}},"33":{"start":{"line":41,"column":8},"end":{"line":43,"column":9}},"34":{"start":{"line":42,"column":12},"end":{"line":42,"column":25}},"35":{"start":{"line":44,"column":31},"end":{"line":44,"column":75}},"36":{"start":{"line":45,"column":25},"end":{"line":45,"column":46}},"37":{"start":{"line":46,"column":8},"end":{"line":48,"column":9}},"38":{"start":{"line":47,"column":12},"end":{"line":47,"column":25}},"39":{"start":{"line":50,"column":8},"end":{"line":50,"column":50}},"40":{"start":{"line":51,"column":8},"end":{"line":94,"column":9}},"41":{"start":{"line":52,"column":12},"end":{"line":52,"column":50}},"42":{"start":{"line":53,"column":12},"end":{"line":60,"column":13}},"43":{"start":{"line":54,"column":16},"end":{"line":59,"column":17}},"44":{"start":{"line":55,"column":20},"end":{"line":55,"column":39}},"45":{"start":{"line":58,"column":20},"end":{"line":58,"column":33}},"46":{"start":{"line":61,"column":12},"end":{"line":63,"column":13}},"47":{"start":{"line":62,"column":16},"end":{"line":62,"column":29}},"48":{"start":{"line":64,"column":12},"end":{"line":64,"column":59}},"49":{"start":{"line":66,"column":13},"end":{"line":94,"column":9}},"50":{"start":{"line":67,"column":12},"end":{"line":67,"column":50}},"51":{"start":{"line":68,"column":12},"end":{"line":75,"column":13}},"52":{"start":{"line":69,"column":16},"end":{"line":74,"column":17}},"53":{"start":{"line":70,"column":20},"end":{"line":70,"column":39}},"54":{"start":{"line":73,"column":20},"end":{"line":73,"column":33}},"55":{"start":{"line":76,"column":12},"end":{"line":78,"column":13}},"56":{"start":{"line":77,"column":16},"end":{"line":77,"column":29}},"57":{"start":{"line":79,"column":12},"end":{"line":79,"column":57}},"58":{"start":{"line":81,"column":13},"end":{"line":94,"column":9}},"59":{"start":{"line":82,"column":28},"end":{"line":82,"column":43}},"60":{"start":{"line":83,"column":12},"end":{"line":85,"column":13}},"61":{"start":{"line":84,"column":16},"end":{"line":84,"column":29}},"62":{"start":{"line":86,"column":12},"end":{"line":86,"column":86}},"63":{"start":{"line":86,"column":45},"end":{"line":86,"column":84}},"64":{"start":{"line":88,"column":13},"end":{"line":94,"column":9}},"65":{"start":{"line":89,"column":35},"end":{"line":89,"column":50}},"66":{"start":{"line":90,"column":12},"end":{"line":90,"column":67}},"67":{"start":{"line":93,"column":12},"end":{"line":93,"column":25}},"68":{"start":{"line":97,"column":30},"end":{"line":97,"column":115}},"69":{"start":{"line":98,"column":8},"end":{"line":98,"column":46}},"70":{"start":{"line":101,"column":8},"end":{"line":103,"column":9}},"71":{"start":{"line":102,"column":12},"end":{"line":102,"column":25}},"72":{"start":{"line":104,"column":20},"end":{"line":104,"column":42}},"73":{"start":{"line":105,"column":22},"end":{"line":105,"column":33}},"74":{"start":{"line":106,"column":8},"end":{"line":108,"column":9}},"75":{"start":{"line":107,"column":12},"end":{"line":107,"column":25}},"76":{"start":{"line":109,"column":30},"end":{"line":109,"column":48}},"77":{"start":{"line":110,"column":8},"end":{"line":114,"column":9}},"78":{"start":{"line":111,"column":12},"end":{"line":113,"column":13}},"79":{"start":{"line":112,"column":16},"end":{"line":112,"column":29}},"80":{"start":{"line":115,"column":8},"end":{"line":115,"column":20}},"81":{"start":{"line":118,"column":8},"end":{"line":118,"column":64}},"82":{"start":{"line":121,"column":8},"end":{"line":123,"column":9}},"83":{"start":{"line":122,"column":12},"end":{"line":122,"column":25}},"84":{"start":{"line":124,"column":8},"end":{"line":127,"column":9}},"85":{"start":{"line":126,"column":12},"end":{"line":126,"column":25}},"86":{"start":{"line":128,"column":8},"end":{"line":132,"column":9}},"87":{"start":{"line":129,"column":12},"end":{"line":131,"column":13}},"88":{"start":{"line":130,"column":16},"end":{"line":130,"column":29}},"89":{"start":{"line":133,"column":8},"end":{"line":137,"column":9}},"90":{"start":{"line":134,"column":12},"end":{"line":136,"column":13}},"91":{"start":{"line":135,"column":16},"end":{"line":135,"column":29}},"92":{"start":{"line":138,"column":8},"end":{"line":138,"column":20}},"93":{"start":{"line":141,"column":28},"end":{"line":141,"column":45}},"94":{"start":{"line":142,"column":8},"end":{"line":144,"column":9}},"95":{"start":{"line":143,"column":12},"end":{"line":143,"column":25}},"96":{"start":{"line":145,"column":33},"end":{"line":145,"column":44}},"97":{"start":{"line":146,"column":8},"end":{"line":148,"column":9}},"98":{"start":{"line":147,"column":12},"end":{"line":147,"column":25}},"99":{"start":{"line":149,"column":30},"end":{"line":149,"column":115}},"100":{"start":{"line":150,"column":8},"end":{"line":152,"column":9}},"101":{"start":{"line":151,"column":12},"end":{"line":151,"column":25}},"102":{"start":{"line":153,"column":8},"end":{"line":153,"column":20}},"103":{"start":{"line":156,"column":25},"end":{"line":156,"column":46}},"104":{"start":{"line":157,"column":24},"end":{"line":157,"column":39}},"105":{"start":{"line":159,"column":8},"end":{"line":183,"column":9}},"106":{"start":{"line":160,"column":34},"end":{"line":160,"column":36}},"107":{"start":{"line":161,"column":12},"end":{"line":164,"column":13}},"108":{"start":{"line":162,"column":37},"end":{"line":162,"column":83}},"109":{"start":{"line":163,"column":16},"end":{"line":163,"column":49}},"110":{"start":{"line":165,"column":12},"end":{"line":165,"column":51}},"111":{"start":{"line":166,"column":12},"end":{"line":166,"column":41}},"112":{"start":{"line":168,"column":13},"end":{"line":183,"column":9}},"113":{"start":{"line":169,"column":34},"end":{"line":169,"column":36}},"114":{"start":{"line":170,"column":12},"end":{"line":173,"column":13}},"115":{"start":{"line":171,"column":37},"end":{"line":171,"column":83}},"116":{"start":{"line":172,"column":16},"end":{"line":172,"column":49}},"117":{"start":{"line":174,"column":12},"end":{"line":174,"column":51}},"118":{"start":{"line":175,"column":12},"end":{"line":175,"column":41}},"119":{"start":{"line":177,"column":13},"end":{"line":183,"column":9}},"120":{"start":{"line":178,"column":33},"end":{"line":178,"column":74}},"121":{"start":{"line":179,"column":12},"end":{"line":179,"column":45}},"122":{"start":{"line":182,"column":12},"end":{"line":182,"column":65}},"123":{"start":{"line":184,"column":8},"end":{"line":184,"column":25}},"124":{"start":{"line":187,"column":25},"end":{"line":187,"column":47}},"125":{"start":{"line":188,"column":24},"end":{"line":188,"column":40}},"126":{"start":{"line":189,"column":29},"end":{"line":189,"column":63}},"127":{"start":{"line":190,"column":22},"end":{"line":190,"column":48}},"128":{"start":{"line":191,"column":8},"end":{"line":193,"column":9}},"129":{"start":{"line":192,"column":12},"end":{"line":192,"column":55}},"130":{"start":{"line":194,"column":8},"end":{"line":197,"column":9}},"131":{"start":{"line":195,"column":22},"end":{"line":195,"column":48}},"132":{"start":{"line":196,"column":12},"end":{"line":196,"column":58}},"133":{"start":{"line":198,"column":8},"end":{"line":209,"column":9}},"134":{"start":{"line":200,"column":16},"end":{"line":200,"column":50}},"135":{"start":{"line":202,"column":16},"end":{"line":202,"column":46}},"136":{"start":{"line":204,"column":16},"end":{"line":204,"column":46}},"137":{"start":{"line":206,"column":16},"end":{"line":206,"column":48}},"138":{"start":{"line":208,"column":16},"end":{"line":208,"column":88}},"139":{"start":{"line":212,"column":8},"end":{"line":225,"column":9}},"140":{"start":{"line":213,"column":25},"end":{"line":213,"column":79}},"141":{"start":{"line":214,"column":29},"end":{"line":214,"column":45}},"142":{"start":{"line":215,"column":34},"end":{"line":215,"column":36}},"143":{"start":{"line":216,"column":12},"end":{"line":220,"column":13}},"144":{"start":{"line":217,"column":16},"end":{"line
[...]
8":[11,10],"49":[0,46],"50":[1,45],"51":[0,45],"52":[8,36],"53":[7,29],"54":[2,27],"55":[0,27],"56":[5,22],"57":[27,9,9],"58":[4,9,2,7,0],"59":[68383,577747],"60":[0,10],"61":[140634,0],"62":[9,1],"63":[478538,448078],"64":[291887,156191]},"inputSourceMap":{"version":3,"file":"/Users/rishishukla/Desktop/project_team067/src/controller/helper.ts","sources":["/Users/rishishukla/Desktop/project_team067/src/controller/helper.ts"],"names":[],"mappings":";;;;;;;;;;;;;;;;;;;;;;;;;;AAAA,uCAAyB;AACzB,qDAA8C;AAG9C,MAAa,WAAW;IAChB,KAAK,CAAC,aAAa,CAAC,EAAU;QACpC,MAAM,QAAQ,GAAG,QAAQ,EAAE,OAAO,CAAC;QACnC,IAAI;YACH,MAAM,EAAE,CAAC,QAAQ,CAAC,MAAM,CAAC,QAAQ,EAAE,EAAE,CAAC,SAAS,CAAC,IAAI,CAAC,CAAC;YACtD,OAAO,IAAI,CAAC;SACZ;QAAC,OAAO,KAAK,EAAE;YACf,OAAO,KAAK,CAAC;SACb;IACF,CAAC;IAEM,kBAAkB,CAAC,KAAU,EAAE,MAAmB;QAExD,IAAI,CAAC,CAAC,KAAK,IAAI,OAAO,KAAK,KAAK,QAAQ,CAAC,EAAE;YAC1C,OAAO,KAAK,CAAC;SACb;QACD,MAAM,cAAc,GAAG,CAAC,IAAI,EAAE,IAAI,EAAE,IAAI,EAAE,IAAI,EAAE,KAAK,EAAE,IAAI,EAAE,KAAK,CAAC,CAAC;QACpE,MAAM,QAAQ,GAAG,MAAM,CAAC,IAAI,CAAC,KAAK,CAAC,CAAC,CAAC,CAAC,CAAC;QACvC,IAAI,CAAC,cAAc,CAAC,QAAQ,CAAC,QAAQ,CAAC,EAAE;YACvC,OAAO,KAAK,CAAC;SACb;QAGD,IAAI,OAAO,EAAE,MAAM,EAAE,MAAM,CAAC;QAC5B,OAAO,GAAG,MAAM,CAAC,IAAI,CAAC,KAAK,CAAC,QAAQ,CAAC,CAAC,CAAC,CAAC,CAAC,CAAC;QAC1C,IAAI,QAAQ,KAAK,IAAI,IAAI,QAAQ,KAAK,IAAI,IAAI,QAAQ,KAAK,IAAI,EAAE;YAChE,CAAC,MAAM,EAAE,MAAM,CAAC,GAAG,OAAO,CAAC,KAAK,CAAC,GAAG,CAAC,CAAC;YACtC,IAAI,CAAC,MAAM,CAAC,GAAG,CAAC,MAAM,CAAC,EAAE;gBACxB,IAAI,MAAM,CAAC,IAAI,KAAK,CAAC,EAAE;oBACtB,MAAM,CAAC,GAAG,CAAC,MAAM,CAAC,CAAC;iBACnB;qBAAM;oBACN,OAAO,KAAK,CAAC;iBACb;aACD;YACD,IAAI,CAAC,IAAI,CAAC,aAAa,CAAC,MAAM,CAAC,EAAE;gBAChC,OAAO,KAAK,CAAC;aACb;YACD,OAAO,IAAI,CAAC,iBAAiB,CAAC,KAAK,CAAC,QAAQ,CAAC,CAAC,CAAC;SAC/C;aAAM,IAAI,QAAQ,KAAK,IAAI,EAAE;YAC7B,CAAC,MAAM,EAAE,MAAM,CAAC,GAAG,OAAO,CAAC,KAAK,CAAC,GAAG,CAAC,CAAC;YACtC,IAAI,CAAC,MAAM,CAAC,GAAG,CAAC,MAAM,CAAC,EAAE;gBACxB,IAAI,MAAM,CAAC,IAAI,KAAK,CAAC,EAAE;oBACtB,MAAM,CAAC,GAAG,CAAC,MAAM,CAAC,CAAC;iBACnB;qBAAM;oBACN,OAAO,KAAK,CAAC;iBACb;aACD;YACD,IAAI,CAAC,IAAI,CAAC,aAAa,CAAC,MAAM,CAAC,EAAE;gBAChC,OAAO,KAAK,CAAC;aACb;YACD,OAAO,IAAI,CAAC,eAAe,CAAC,KAAK,CAAC,QAAQ,CAAC,CAAC,CAAC;SAC7C;aAAM,IAAI,QAAQ,KAAK,KAAK,IAAI,QAAQ,KAAK,IAAI,EAAE;YACnD,MAAM,OAAO,GAAG,KAAK,CAAC,QAAQ,CAAC,CAAC;YAChC,IAAI,CAAC,KAAK,CAAC,OAAO,CAAC,OAAO,CAAC,IAAI,OAAO,CAAC,MAAM,GAAG,CAAC,EAAE;gBAClD,OAAO,KAAK,CAAC;aACb;YACD,OAAO,OAAO,CAAC,KAAK,CAAC,CAAC,MAAW,EAAE,EAAE,CAAC,IAAI,CAAC,kBAAkB,CAAC,MAAM,EAAE,MAAM,CAAC,CAAC,CAAC;SAC/E;aAAM,IAAI,QAAQ,KAAK,KAAK,EAAE;YAC9B,MAAM,cAAc,GAAG,KAAK,CAAC,QAAQ,CAAC,CAAC;YACvC,OAAO,IAAI,CAAC,kBAAkB,CAAC,cAAc,EAAE,MAAM,CAAC,CAAC;SACvD;aAAM;YACN,OAAO,KAAK,CAAC;SACb;IACF,CAAC;IAEM,aAAa,CAAC,MAAc;QAElC,MAAM,aAAa,GAAG,CAAC,KAAK,EAAE,MAAM,EAAE,MAAM,EAAE,OAAO,EAAE,MAAM,EAAE,MAAM,EAAE,IAAI,EAAE,YAAY,EAAE,OAAO,EAAE,MAAM,CAAC,CAAC;QAC5G,OAAO,aAAa,CAAC,QAAQ,CAAC,MAAM,CAAC,CAAC;IACvC,CAAC;IAEM,eAAe,CAAC,MAAW;QAEjC,IAAI,CAAC,CAAC,MAAM,IAAI,OAAO,MAAM,KAAK,QAAQ,CAAC,EAAE;YAC5C,OAAO,KAAK,CAAC;SACb;QAED,MAAM,GAAG,GAAG,MAAM,CAAC,IAAI,CAAC,MAAM,CAAC,CAAC,CAAC,CAAC,CAAC;QACnC,MAAM,KAAK,GAAG,MAAM,CAAC,GAAG,CAAC,CAAC;QAG1B,IAAI,OAAO,GAAG,KAAK,QAAQ,IAAI,OAAO,KAAK,KAAK,QAAQ,EAAE;YACzD,OAAO,KAAK,CAAC;SACb;QAED,MAAM,aAAa,GAAG,KAAK,CAAC,OAAO,CAAC,GAAG,CAAC,CAAC;QACzC,IAAI,aAAa,KAAK,CAAC,CAAC,EAAE;YAEzB,IAAI,aAAa,GAAG,CAAC,IAAI,aAAa,GAAG,KAAK,CAAC,MAAM,GAAG,CAAC,EAAE;gBAE1D,OAAO,KAAK,CAAC;aACb;SACD;QAED,OAAO,IAAI,CAAC;IACb,CAAC;IAEM,iBAAiB,CAAC,UAAe;QAEvC,OAAO,OAAO,MAAM,CAAC,MAAM,CAAC,UAAU,CAAC,CAAC,CAAC,CAAC,KAAK,QAAQ,CAAC;IACzD,CAAC;IAEM,cAAc,CAAC,OAAY,EAAE,MAAmB;QAEtD,IAAI,CAAC,CAAC,OAAO,IAAI,OAAO,OAAO,KAAK,QAAQ,CAAC,EAAE;YAC9C,OAAO,KAAK,CAAC;SACb;QAGD,IAAI,CAAC,OAAO,CAAC,OAAO,IAAI,CAAC,KAAK,CAAC,OAAO,CAAC,OAAO,CAAC,OAAO,CAAC;YACtD,OAAO,CAAC,OAAO,CAAC,MAAM,KAAK,CAAC,IAAI,MAAM,CAAC,IAAI,CAAC,OAAO,CAAC,CAAC,MAAM,GAAG,CAAC,EAAE;YACjE,OAAO,KAAK,CAAC;SACb;QAGD,KAAK,MAAM,MAAM,IAAI,OAAO,CAAC,OAAO,EAAE;YACrC,IAAI,OAAO,MAAM,KAAK,QAAQ,IAAI,CAAC,IAAI,CAAC,aAAa,CAAC,MAAM,EAAE,MAAM,CAAC,EAAE;gBACtE,OAAO,KAAK,CAAC;aACb;SACD;QAGD,IAAI,OAAO,CAAC,KAAK,EAAE;YAClB,IAAI,OAAO,OAAO,CAAC,KAAK,KAAK,QAAQ,IAAI,CAAC,IAAI,CAAC,aAAa,CAAC,OAAO,CAAC,KAAK,EAAE,MAAM,CAAC,EAAE;gBACpF,OAAO,KAAK,CAAC;aACb;SACD;QAED,OAAO,IAAI,CAAC;IACb,CAAC;IAEM,aAAa,CAAC,MAAc,EAAE,MAAmB;QAEvD,MAAM,WAAW,GAAG,MAAM,CAAC,KAAK,CAAC,GAAG,CAAC,CAAC;QACtC,IAAI,WAAW,CAAC,MAAM,KAAK,CAAC,EAAE;YAC7B,OAAO,KAAK,CAAC;SACb;QAED,MAAM,CAAC,MAAM,EAAE,MAAM,CAAC,GAAG,WAAW,CAAC;QAGrC,IAAI,CAAC,MAAM,CAAC,GAAG,CAAC,MAAM,CAAC,EAAE;YACxB,OAAO,KAAK,CAAC;SACb;QAGD,MAAM,aAAa,GAAG,CAAC,KAAK,EAAE,MAAM,EAAE,MAAM,EAAE,OAAO,EAAE,MAAM,EAAE,MAAM,EAAE,IAAI,EAAE,YAAY,EAAE,OAAO,EAAE,MAAM,CAAC,CAAC;QAC5G,IAAI,CAAC,aAAa,CAAC,QAAQ,CAAC,MAAM,CAAC,EAAE;YACpC,OAAO,KAAK,CAAC;SACb;QACD,OAAO,IAAI,CAAC;IACb,CAAC;IAEM,mBAAmB,CAAC,KAAU,EAAE,MAAmB;QACzD,MAAM,QAAQ,GAAW,MAAM,CAAC,IAAI,CAAC,KAAK,CAAC,CAAC,CAAC,CAAC,CAAC;QAC/C,MAAM,OAAO,GAAQ,KAAK,CAAC,QAAQ,CAAC,CAAC;QACrC,IAAI,SAAiB,CAAC;QAEtB,IAAI,QAAQ,KAAK,KAAK,EAAE;YAEvB,MAAM,aAAa,GAAa,EAAE,CAAC;YACnC,KAAK,MAAM,YAAY,IAAI,OAAO,EAAE;gBACnC,MAAM,YAAY,GAAG,IAAI,CAAC,mBAAmB,CAAC,YAAY,EAAE,MAAM,CAAC,CAAC;gBACpE,aAAa,CAAC,IAAI,CAAC,YAAY,CAAC,CAAC;aACjC;YAED,SAAS,GAAG,aAAa,CAAC,IAAI,CAAC,MAAM,CAAC,CAAC;YAEvC,SAAS,GAAG,IAAI,SAAS,GAAG,CAAC;SAC7B;aAAM,IAAI,QAAQ,KAAK,IAAI,EAAE;YAE7B,MAAM,aAAa,GAAa,EAAE,CAAC;YACnC,KAAK,MAAM,YAAY,IAAI,OAAO,EAAE;gBACnC,MAAM,YAAY,GAAG,IAAI,CAAC,mBAAmB,CAAC,YAAY,EAAE,MAAM,CAAC,CAAC;gBACpE,aAAa,CAAC,IAAI,CAAC,YAAY,CAAC,CAAC;aACjC;YAED,SAAS,GAAG,aAAa,CAAC,IAAI,CAAC,MAAM,CAAC,CAAC;YAEvC,SAAS,GAAG,IAAI,SAAS,GAAG,CAAC;SAC7B;aAAM,IAAI,QAAQ,KAAK,KAAK,EAAE;YAE9B,MAAM,YAAY,GAAG,IAAI,CAAC,mBAAmB,CAAC,OAAO,EAAE,MAAM,CAAC,CAAC;YAC/D,SAAS,GAAG,KAAK,YAAY,GAAG,CAAC;SACjC;aAAM;YAEN,SAAS,GAAG,IAAI,CAAC,oBAAoB,CAAC,KAAK,EAAE,MAAM,CAAC,CAAC;SACrD;QAED,OAAO,SAAS,CAAC;IAClB,CAAC;IAEM,oBAAoB,CAAC,MAAW,EAAE,MAAmB;QAC3D,MAAM,QAAQ,GAAW,MAAM,CAAC,IAAI,CAAC,MAAM,CAAC,CAAC,CAAC,CAAC,CAAC;QAChD,MAAM,OAAO,GAAQ,MAAM,CAAC,QAAQ,CAAC,CAAC;QAGtC,MAAM,CAAC,EAAE,EAAE,MAAM,CAAC,GAAG,MAAM,CAAC,IAAI,CAAC,OAAO,CAAC,CAAC,CAAC,CAAC,CAAC,KAAK,CAAC,GAAG,CAAC,CAAC;QACxD,MAAM,KAAK,GAAoB,OAAO,CAAC,GAAG,EAAE,IAAI,MAAM,EAAE,CAAC,CAAC;QAG1D,IAAI,CAAC,MAAM,CAAC,GAAG,CAAC,EAAE,CAAC,EAAE;YACpB,MAAM,IAAI,KAAK,CAAC,qBAAqB,EAAE,EAAE,CAAC,CAAC;SAC3C;QACD,IAAI,QAAQ,KAAK,IAAI,IAAI,OAAO,KAAK,KAAK,QAAQ,IAAI,KAAK,CAAC,QAAQ,CAAC,GAAG,CAAC,EAAE;YAC1E,MAAM,CAAC,GAAG,KAAK,CAAC,OAAO,CAAC,KAAK,EAAE,IAAI,CAAC,CAAC;YACrC,OAAO,gBAAgB,CAAC,YAAY,MAAM,GAAG,CAAC;SAC9C;QAGD,QAAQ,QAAQ,EAAE;YACjB,KAAK,IAAI;gBACR,OAAO,GAAG,MAAM,SAAS,KAAK,GAAG,CAAC;YACnC,KAAK,IAAI;gBACR,OAAO,GAAG,MAAM,MAAM,KAAK,EAAE,CAAC;YAC/B,KAAK,IAAI;gBACR,OAAO,GAAG,MAAM,MAAM,KAAK,EAAE,CAAC;YAC/B,KAAK,IAAI;gBACR,OAAO,GAAG,MAAM,QAAQ,KAAK,EAAE,CAAC;YACjC;gBACC,MAAM,IAAI,6BAAY,CAAC,oBAAoB,QAAQ,EAAE,CAAC,CAAC;SACxD;IACF,CAAC;IAEM,KAAK,CAAC,gBAAgB,CAAC,EAAU,EAAE,SAAiB;QAC1D,IAAI;YAEH,MAAM,IAAI,GAAG,MAAM,EAAE,CAAC,QAAQ,CAAC,QAAQ,CAAC,QAAQ,EAAE,OAAO,EAAE,OAAO,CAAC,CAAC;YACpE,MAAM,QAAQ,GAAG,IAAI,CAAC,KAAK,CAAC,IAAI,CAAC,CAAC;YAElC,MAAM,aAAa,GAAU,EAAE,CAAC;YAGhC,KAAK,MAAM,IAAI,IAAI,QAAQ,EAAE;gBAE5B,IAAI,IAAI,CAAC,iBAAiB,CAAC,IAAI,EAAE,SAAS,CAAC,EAAE;oBAC5C,aAAa,CAAC,IAAI,CAAC,IAAI,CAAC,CAAC;iBACzB;aACD;YAED,OAAO,aAAa,CAAC;SACrB;QAAC,OAAO,KAAK,EAAE;YACf,MAAM,IAAI,6BAAY,CAAC,kBAAkB,CAAC,CAAC;SAC3C;IACF,CAAC;IAEM,mBAAmB,CAAC,IAAS,EAAE,SAAiB;QAEtD,MAAM,UAAU,GAAG,CAAC,KAAK,EAAE,MAAM,EAAE,MAAM,EAAE,OAAO,EAAE,MAAM,EAAE,MAAM,EAAE,IAAI,EAAE,YAAY,EAAE,OAAO,EAAE,MAAM,CAAC,CAAC;QAGzG,KAAK,MAAM,SAAS,IAAI,UAAU,EAAE;YACnC,MAAM,KAAK,GAAG,IAAI,MAAM,CAAC,MAAM,SAAS,KAAK,EAAE,GAAG,CAAC,CAAC;YACpD,SAAS,GAAG,SAAS,CAAC,OAAO,CAAC,KAAK,EAAE,QAAQ,SAAS,EAAE,CAAC,CAAC;SAC1D;QACD,OAAO,SAAS,CAAC;IAClB,CAAC;IAEM,iBAAiB,CAAC,IAAS,EAAE,SAAiB;QACpD,IAAI;YAEH,SAAS,GAAG,IAAI,CAAC,mBAAmB,CAAC,IAAI,EAAE,SAAS,CAAC,CAAC;YAGtD,MAAM,SAAS,GAAG,IAAI,QAAQ,CAAC,MAAM,EAAE,UAAU,SAAS,EAAE,CAAC,CAAC;YAG9D,MAAM,MAAM,GAAG,SAAS,CAAC,IAAI,CAAC,CAAC;YAG/B,OAAO,MAAM,CAAC;SACd;QAAC,OAAO,KAAK,EAAE;YACf,OAAO,CAAC,KAAK,CAAC,6BAA6B,EAAE,KAAK,CAAC,CAAC;YACpD,OAAO,KAAK,CAAC;SACb;IACF,CAAC;IAEM,eAAe,CAAC,KAAY,EAAE,YAAiB;QACrD,IAAI,CAAC,YAAY,CAAC,OAAO,EAAE;YAC1B,MAAM,IAAI,KAAK,CAAC,0CAA0C,CAAC,CAAC;SAC5D;QAED,MAAM,eAAe,GAAa,YAAY,CAAC,OAAO,CAAC;QAGvD,MAAM,aAAa,GAAG,KAAK,CAAC,GAAG,CAAC,CAAC,IAAS,EAAE,EAAE;YAC7C,MAAM,YAAY,GAAQ,EAAE,CAAC;YAC7B,eAAe,CAAC,OAAO,CAAC,CAAC,KAAa,EAAE,EAAE;gBACzC,MAAM,WAAW,GAAG,KAAK,CAAC,KAAK,CAAC,GAAG,CAAC,CAAC,CAAC,CAAC,CAAC;gBACxC,IAAI,IAAI,CAAC,WAAW,CAAC,EAAE;oBACtB,YAAY,CAAC,KAAK,CAAC,GAAG,IAAI,CAAC,WAAW,CAAC,CAAC;iBACxC;YACF,CAAC,CAAC,CAAC;YACH,OAAO,YAAY,CAAC;QACrB,CAAC,CAAC,CAAC;QACH,IAAI,YAAY,CAAC,KAAK,EAAE;YACvB,MAAM,UAAU,GAAW,YAAY,CAAC,KAAK,CAAC;YAC9C,aAAa,CAAC,IAAI,CAAC,CAAC,CAAM,EAAE,CAAM,EAAE,EAAE;gBACrC,IAAI,CAAC,CAAC,UAAU,CAAC,GAAG,CAAC,CAAC,UAAU,CAAC,EAAE;oBAClC,OAAO,CAAC,CAAC,CAAC;iBACV;qBAAM,IAAI,CAAC,CAAC,UAAU,CAAC,GAAG,CAAC,CAAC,UAAU,CAAC,EAAE;oBACzC,OAAO,CAAC,CAAC;iBACT;qBAAM;oBACN,OAAO,CAAC,CAAC;iBACT;YACF,CAAC,CAAC,CAAC;SACH;QAED,OAAO,aAAa,CAAC;IACtB,CAAC;CACD;AAtTD,kCAsTC","sourcesContent":["import * as fs from \"fs\";\nimport {InsightError} from \"./IInsightFacade\"; // Import the 'fs' module for file operations\n// QueryHelper.ts\n\nexport class QueryHelper {\n\tpublic async checkIDExists(id: string): Promise<boolean> {\n\t\tconst filePath = `data/${id}.json`;\n\t\ttry {\n\t\t\tawait fs.promises.access(filePath, fs.constants.F_OK);\n\t\t\treturn true;\n\t\t} catch (error) {\n\t\t\treturn false;\n\t\t}\n\t}\n\n\tpublic isValidWhereClause(where: any, allIDs: Set<string>): boolean {\n\t\t// Check if WHERE is an object\n\t\tif (!(where && typeof where === \"object\")) {\n\t\t\treturn false;\n\t\t}\n\t\tconst validOperators = [\"LT\", \"GT\", \"EQ\", \"IS\", \"AND\", \"OR\", \"NOT\"];\n\t\tconst operator = Object.keys(where)[0];\n\t\tif (!validOperators.includes(operator)) {\n\t\t\treturn false;\n\t\t}\n\n\t\t// Validate the WHERE clause based on the operator\n\t\tlet leafKey, prefix, suffix;\n\t\tleafKey = Object.keys(where[operator])[0];\n\t\tif (operator === \"LT\" || operator === \"GT\" || operator === \"EQ\") {\n\t\t\t[prefix, suffix] = leafKey.split(\"_\");\n\t\t\tif (!allIDs.has(prefix)) {\n\t\t\t\tif (allIDs.size === 0) {\n\t\t\t\t\tallIDs.add(prefix);\n\t\t\t\t} else {\n\t\t\t\t\treturn false; // Error: Inconsistent prefixes\n\t\t\t\t}\n\t\t\t}\n\t\t\tif (!this.isValidSuffix(suffix)) {\n\t\t\t\treturn false;\n\t\t\t}\n\t\t\treturn this.isValidComparator(where[operator]);\n\t\t} else if (operator === \"IS\") {\n\t\t\t[prefix, suffix] = leafKey.split(\"_\");\n\t\t\tif (!allIDs.has(prefix)) {\n\t\t\t\tif (allIDs.size === 0) {\n\t\t\t\t\tallIDs.add(prefix);\n\t\t\t\t} else {\n\t\t\t\t\treturn false; // Error: Inconsistent prefixes\n\t\t\t\t}\n\t\t\t}\n\t\t\tif (!this.isValidSuffix(suffix)) {\n\t\t\t\treturn false;\n\t\t\t}\n\t\t\treturn this.isValidISFilter(where[operator]);\n\t\t} else if (operator === \"AND\" || operator === \"OR\") {\n\t\t\tconst filters = where[operator];\n\t\t\tif (!Array.isArray(filters) || filters.length < 2) {\n\t\t\t\treturn false;\n\t\t\t}\n\t\t\treturn filters.every((filter: any) => this.isValidWhereClause(filter, allIDs));\n\t\t} else if (operator === \"NOT\") {\n\t\t\tconst negationFilter = where[operator];\n\t\t\treturn this.isValidWhereClause(negationFilter, allIDs);\n\t\t} else {\n\t\t\treturn false;\n\t\t}\n\t}\n\n\tpublic isValidSuffix(suffix: string): boolean {\n\t\t// Check if the suffix is one of the specified values\n\t\tconst validSuffixes = [\"avg\", \"pass\", \"fail\", \"audit\", \"year\", \"dept\", \"id\", \"instructor\", \"title\", \"uuid\"];\n\t\treturn validSuffixes.includes(suffix);\n\t}\n\n\tpublic isValidISFilter(filter: any): boolean {\n\t\t// Check if IS filter is an object with a single key-value pair\n\t\tif (!(filter && typeof filter === \"object\")) {\n\t\t\treturn false;\n\t\t}\n\n\t\tconst key = Object.keys(filter)[0];\n\t\tconst value = filter[key];\n\n\t\t// Check if key and value are strings\n\t\tif (typeof key !== \"string\" || typeof value !== \"string\") {\n\t\t\treturn false;\n\t\t}\n\t\t// Check if value contains an asterisk\n\t\tconst asteriskIndex = value.indexOf(\"*\");\n\t\tif (asteriskIndex !== -1) {\n\t\t\t// If asterisk is found, ensure it's at the start, end, or both\n\t\t\tif (asteriskIndex > 0 && asteriskIndex < value.length - 1) {\n\t\t\t\t// Asterisk is not at start or end\n\t\t\t\treturn false;\n\t\t\t}\n\t\t}\n\n\t\treturn true;\n\t}\n\n\tpublic isValidComparator(comparator: any): boolean {\n\t\t// Check if comparator is a number\n\t\treturn typeof Object.values(comparator)[0] === \"number\";\n\t}\n\n\tpublic isValidOptions(options: any, allIDs: Set<string>): boolean {\n\t\t// Check if OPTIONS is an object\n\t\tif (!(options && typeof options === \"object\")) {\n\t\t\treturn false;\n\t\t}\n\n\t\t// Check if COLUMNS property exists and is an array\n\t\tif (!options.COLUMNS || !Array.isArray(options.COLUMNS) ||\n\t\t\toptions.COLUMNS.length === 0 || Object.keys(options).length > 2) {\n\t\t\treturn false;\n\t\t}\n\n\t\t// Check if each column is a valid string\n\t\tfor (const column of options.COLUMNS) {\n\t\t\tif (typeof column !== \"string\" || !this.isValidColumn(column, allIDs)) {\n\t\t\t\treturn false;\n\t\t\t}\n\t\t}\n\n\t\t// Check if ORDER property exists and is a valid string\n\t\tif (options.ORDER) {\n\t\t\tif (typeof options.ORDER !== \"string\" || !this.isValidColumn(options.ORDER, allIDs)) {\n\t\t\t\treturn false;\n\t\t\t}\n\t\t}\n\n\t\treturn true;\n\t}\n\n\tpublic isValidColumn(column: string, allIDs: Set<string>): boolean {\n\t\t// Check if column follows the specified format\n\t\tconst columnParts = column.split(\"_\");\n\t\tif (columnParts.length !== 2) {\n\t\t\treturn false;\n\t\t}\n\n\t\tconst [prefix, suffix] = columnParts;\n\n\t\t// Check if the prefix (id) exists in the allIDs set\n\t\tif (!allIDs.has(prefix)) {\n\t\t\treturn false;\n\t\t}\n\n\t\t// Check if the suffix is a valid field\n\t\tconst validSuffixes = [\"avg\", \"pass\", \"fail\", \"audit\", \"year\", \"dept\", \"id\", \"instructor\", \"title\", \"uuid\"];\n\t\tif (!validSuffixes.includes(suffix)) {\n\t\t\treturn false;\n\t\t}\n\t\treturn true;\n\t}\n\n\tpublic traverseWhereClause(where: any, allIDs: Set<string>): string {\n\t\tconst operator: string = Object.keys(where)[0];\n\t\tconst operand: any = where[operator];\n\t\tlet condition: string;\n\n\t\tif (operator === \"AND\") {\n\t\t\t// Process each operand recursively\n\t\t\tconst subConditions: string[] = [];\n\t\t\tfor (const conditionObj of operand) {\n\t\t\t\tconst subCondition = this.traverseWhereClause(conditionObj, allIDs);\n\t\t\t\tsubConditions.push(subCondition);\n\t\t\t}\n\t\t\t// Combine all conditions within the AND clause using &&\n\t\t\tcondition = subConditions.join(\" && \");\n\t\t\t// Wrap the combined condition within parentheses\n\t\t\tcondition = `(${condition})`;\n\t\t} else if (operator === \"OR\") {\n\t\t\t// Process each operand recursively\n\t\t\tconst subConditions: string[] = [];\n\t\t\tfor (const conditionObj of operand) {\n\t\t\t\tconst subCondition = this.traverseWhereClause(conditionObj, allIDs);\n\t\t\t\tsubConditions.push(subCondition);\n\t\t\t}\n\t\t\t// Combine all conditions within the OR clause using ||\n\t\t\tcondition = subConditions.join(\" || \");\n\t\t\t// Wrap the combined condition within parentheses\n\t\t\tcondition = `(${condition})`;\n\t\t} else if (operator === \"NOT\") {\n\t\t\t// Negate the condition following the NOT keyword\n\t\t\tconst subCondition = this.traverseWhereClause(operand, allIDs);\n\t\t\tcondition = `!(${subCondition})`;\n\t\t} else {\n\t\t\t// Handle leaf nodes and other operators like LT, GT, EQ, IS\n\t\t\tcondition = this.buildConditionString(where, allIDs);\n\t\t}\n\n\t\treturn condition;\n\t}\n\n\tpublic buildConditionString(filter: any, allIDs: Set<string>): string {\n\t\tconst operator: string = Object.keys(filter)[0];\n\t\tconst operand: any = filter[operator];\n\n\t\t// Extract the key and value from the operand\n\t\tconst [id, suffix] = Object.keys(operand)[0].split(\"_\");\n\t\tconst value: string | number = operand[`${id}_${suffix}`];\n\n\t\t// Check if the ID prefix is valid\n\t\tif (!allIDs.has(id)) {\n\t\t\tthrow new Error(`Invalid ID prefix ${id}`);\n\t\t}\n\t\tif (operator === \"IS\" && typeof value === \"string\" && value.includes(\"*\")) {\n\t\t\tconst a = value.replace(/\\*/g, \".*\"); // Replace * with .* in the value\n\t\t\treturn `new RegExp('^${a}$').test(${suffix})`; // Construct regex test condition\n\t\t}\n\n\t\t// Build the condition string based on the operator\n\t\tswitch (operator) {\n\t\t\tcase \"IS\":\n\t\t\t\treturn `${suffix} === \"${value}\"`;\n\t\t\tcase \"GT\":\n\t\t\t\treturn `${suffix} > ${value}`;\n\t\t\tcase \"LT\":\n\t\t\t\treturn `${suffix} < ${value}`;\n\t\t\tcase \"EQ\":\n\t\t\t\treturn `${suffix} === ${value}`;\n\t\t\tdefault:\n\t\t\t\tthrow new InsightError(`Invalid operator ${operator}`);\n\t\t}\n\t}\n\n\tpublic async getMatchingItems(id: string, condition: string): Promise<any[]> {\n\t\ttry {\n\t\t\t// Read the contents of the id.json file\n\t\t\tconst data = await fs.promises.readFile(`data/${id}.json`, \"utf-8\");\n\t\t\tconst jsonData = JSON.parse(data);\n\n\t\t\tconst matchingItems: any[] = [];\n\n\t\t\t// Iterate through each object in the JSON data\n\t\t\tfor (const item of jsonData) {\n\t\t\t\t// Evaluate the condition for each item\n\t\t\t\tif (this.evaluateCondition(item, condition)) {\n\t\t\t\t\tmatchingItems.push(item);\n\t\t\t\t}\n\t\t\t}\n\n\t\t\treturn matchingItems;\n\t\t} catch (error) {\n\t\t\tthrow new InsightError(\"Invalid operator\");\n\t\t}\n\t}\n\n\tpublic preprocessCondition(item: any, condition: string): string {\n\t\t// Define an array of field names to be replaced\n\t\tconst fieldNames = [\"avg\", \"pass\", \"fail\", \"audit\", \"year\", \"dept\", \"id\", \"instructor\", \"title\", \"uuid\"];\n\n\t\t// Replace each field name with \"item.fieldName\"\n\t\tfor (const fieldName of fieldNames) {\n\t\t\tconst regex = new RegExp(`\\\\b${fieldName}\\\\b`, \"g\");\n\t\t\tcondition = condition.replace(regex, `item.${fieldName}`);\n\t\t}\n\t\treturn condition;\n\t}\n\n\tpublic evaluateCondition(item: any, condition: string): boolean {\n\t\ttry {\n\t\t\t// Preprocess the condition to replace field names with \"item.fieldName\"\n\t\t\tcondition = this.preprocessCondition(item, condition);\n\n\t\t\t// Use Function constructor to create a function that evaluates the condition\n\t\t\tconst evaluator = new Function(\"item\", `return ${condition}`);\n\n\t\t\t// Call the dynamically created function with the item and get the result\n\t\t\tconst result = evaluator(item);\n\n\t\t\t// Convert the result to a boolean value\n\t\t\treturn result;\n\t\t} catch (error) {\n\t\t\tconsole.error(\"Error evaluating condition:\", error);\n\t\t\treturn false; // Return false if there's an error evaluating the condition\n\t\t}\n\t}\n\n\tpublic traverseOptions(items: any[], queryOptions: any): any[] {\n\t\tif (!queryOptions.COLUMNS) {\n\t\t\tthrow new Error(\"COLUMNS property is required in OPTIONS.\");\n\t\t}\n\n\t\tconst requestedFields: string[] = queryOptions.COLUMNS;\n\n\t\t// Filter out items to include only the requested fields\n\t\tconst filteredItems = items.map((item: any) => {\n\t\t\tconst filteredItem: any = {};\n\t\t\trequestedFields.forEach((field: string) => {\n\t\t\t\tconst actualField = field.split(\"_\")[1]; // Extract the actual field name\n\t\t\t\tif (item[actualField]) {\n\t\t\t\t\tfilteredItem[field] = item[actualField];\n\t\t\t\t}\n\t\t\t});\n\t\t\treturn filteredItem;\n\t\t});\n\t\tif (queryOptions.ORDER) {\n\t\t\tconst orderField: string = queryOptions.ORDER;\n\t\t\tfilteredItems.sort((a: any, b: any) => {\n\t\t\t\tif (a[orderField] < b[orderField]) {\n\t\t\t\t\treturn -1;\n\t\t\t\t} else if (a[orderField] > b[orderField]) {\n\t\t\t\t\treturn 1;\n\t\t\t\t} else {\n\t\t\t\t\treturn 0;\n\t\t\t\t}\n\t\t\t});\n\t\t}\n\n\t\treturn filteredItems;\n\t}\n}\n"]},"_coverageSchema":"1a1c01bbd47fc00a2c39e90264f33305004495a9","hash":"d93ad3e3a6dcf98db0115bca34e0be566d64bdb0","contentHash":"27834eaaba8e20b360c96bed56c54bcd2b42983166fdad5a106b53105b7e92c6"}}